<?xml version="1.0" encoding="UTF-8"?>
<testsuite xmlns:xsi="http://www.w3.org/2001/XMLSchema-instance" xsi:noNamespaceSchemaLocation="https://maven.apache.org/surefire/maven-surefire-plugin/xsd/surefire-test-report-3.0.xsd" version="3.0" name="com.ps04.customer360.e2e.DashboardControllerE2ETest" time="2.038" tests="2" errors="0" skipped="0" failures="0">
  <properties>
[...]
</properties>
  <testcase name="adminDashboard_pipelineFunnelCountsMatchDataset" classname="com.ps04.customer360.e2e.DashboardControllerE2ETest" time="1.045">
    <system-out><![CDATA[2026-08-21T06:03:01.867+05:30  INFO 13779 --- [           main] t.c.s.AnnotationConfigContextLoaderUtils : Could not detect default configuration classes for test class [com.ps04.customer360.e2e.DashboardControllerE2ETest]: DashboardControllerE2ETest does not declare any static, non-private, non-final, nested classes annotated with @Configuration.
2026-08-21T06:03:01.868+05:30  INFO 13779 --- [           main] .b.t.c.SpringBootTestContextBootstrapper : Found @SpringBootConfiguration com.ps04.customer360.Customer360Application for test class com.ps04.customer360.e2e.DashboardControllerE2ETest
2026-08-21T06:03:01.874+05:30  INFO 13779 --- [       Thread-3] d.f.e.m.s.autoconfigure.EmbeddedMongo    : {"t":{"$date":"2026-08-21T06:03:01.874+05:30"},"s":"I",  "c":"COMMAND",  "id":20337,   "ctx":"conn3","msg":"dropDatabase - starting","attr":{"db":"customer360_test"}}
2026-08-21T06:03:01.874+05:30  INFO 13779 --- [       Thread-3] d.f.e.m.s.autoconfigure.EmbeddedMongo    : {"t":{"$date":"2026-08-21T06:03:01.874+05:30"},"s":"I",  "c":"COMMAND",  "id":20338,   "ctx":"conn3","msg":"dropDatabase - dropping collection","attr":{"db":"customer360_test","namespace":"customer360_test.conflict_queue"}}
2026-08-21T06:03:01.874+05:30  INFO 13779 --- [       Thread-3] d.f.e.m.s.autoconfigure.EmbeddedMongo    : {"t":{"$date":"2026-08-21T06:03:01.874+05:30"},"s":"I",  "c":"COMMAND",  "id":20338,   "ctx":"conn3","msg":"dropDatabase - dropping collection","attr":{"db":"customer360_test","namespace":"customer360_test.config_rules"}}
2026-08-21T06:03:01.874+05:30  INFO 13779 --- [       Thread-3] d.f.e.m.s.autoconfigure.EmbeddedMongo    : {"t":{"$date":"2026-08-21T06:03:01.874+05:30"},"s":"I",  "c":"COMMAND",  "id":20338,   "ctx":"conn3","msg":"dropDatabase - dropping collection","attr":{"db":"customer360_test","namespace":"customer360_test.golden_customers"}}
2026-08-21T06:03:01.874+05:30  INFO 13779 --- [       Thread-3] d.f.e.m.s.autoconfigure.EmbeddedMongo    : {"t":{"$date":"2026-08-21T06:03:01.874+05:30"},"s":"I",  "c":"COMMAND",  "id":20338,   "ctx":"conn3","msg":"dropDatabase - dropping collection","attr":{"db":"customer360_test","namespace":"customer360_test.raw_mutual_fund_customers"}}
2026-08-21T06:03:01.874+05:30  INFO 13779 --- [       Thread-3] d.f.e.m.s.autoconfigure.EmbeddedMongo    : {"t":{"$date":"2026-08-21T06:03:01.874+05:30"},"s":"I",  "c":"COMMAND",  "id":20338,   "ctx":"conn3","msg":"dropDatabase - dropping collection","attr":{"db":"customer360_test","namespace":"customer360_test.raw_loan_customers"}}
2026-08-21T06:03:01.874+05:30  INFO 13779 --- [       Thread-3] d.f.e.m.s.autoconfigure.EmbeddedMongo    : {"t":{"$date":"2026-08-21T06:03:01.874+05:30"},"s":"I",  "c":"COMMAND",  "id":20338,   "ctx":"conn3","msg":"dropDatabase - dropping collection","attr":{"db":"customer360_test","namespace":"customer360_test.users"}}
2026-08-21T06:03:01.874+05:30  INFO 13779 --- [       Thread-3] d.f.e.m.s.autoconfigure.EmbeddedMongo    : {"t":{"$date":"2026-08-21T06:03:01.874+05:30"},"s":"I",  "c":"COMMAND",  "id":20338,   "ctx":"conn3","msg":"dropDatabase - dropping collection","attr":{"db":"customer360_test","namespace":"customer360_test.raw_wealth_customers"}}
2026-08-21T06:03:01.874+05:30  INFO 13779 --- [       Thread-3] d.f.e.m.s.autoconfigure.EmbeddedMongo    : {"t":{"$date":"2026-08-21T06:03:01.874+05:30"},"s":"I",  "c":"COMMAND",  "id":20338,   "ctx":"conn3","msg":"dropDatabase - dropping collection","attr":{"db":"customer360_test","namespace":"customer360_test.raw_equity_customers"}}
2026-08-21T06:03:01.874+05:30  INFO 13779 --- [       Thread-3] d.f.e.m.s.autoconfigure.EmbeddedMongo    : {"t":{"$date":"2026-08-21T06:03:01.874+05:30"},"s":"I",  "c":"COMMAND",  "id":20338,   "ctx":"conn3","msg":"dropDatabase - dropping collection","attr":{"db":"customer360_test","namespace":"customer360_test.audit_log"}}
2026-08-21T06:03:01.874+05:30  INFO 13779 --- [       Thread-3] d.f.e.m.s.autoconfigure.EmbeddedMongo    : {"t":{"$date":"2026-08-21T06:03:01.874+05:30"},"s":"I",  "c":"COMMAND",  "id":20338,   "ctx":"conn3","msg":"dropDatabase - dropping collection","attr":{"db":"customer360_test","namespace":"customer360_test.raw_insurance_customers"}}
2026-08-21T06:03:01.874+05:30  INFO 13779 --- [       Thread-3] d.f.e.m.s.autoconfigure.EmbeddedMongo    : {"t":{"$date":"2026-08-21T06:03:01.874+05:30"},"s":"I",  "c":"COMMAND",  "id":20338,   "ctx":"conn3","msg":"dropDatabase - dropping collection","attr":{"db":"customer360_test","namespace":"customer360_test.golden_customer_links"}}
2026-08-21T06:03:01.874+05:30  INFO 13779 --- [       Thread-3] d.f.e.m.s.autoconfigure.EmbeddedMongo    : {"t":{"$date":"2026-08-21T06:03:01.874+05:30"},"s":"I",  "c":"REPL",     "id":7360105, "ctx":"conn3","msg":"Wrote oplog entry for dropDatabase","attr":{"namespace":"customer360_test.$cmd","opTime":{"ts":{"$timestamp":{"t":0,"i":0}},"t":-1},"object":{"dropDatabase":1}}}
2026-08-21T06:03:01.874+05:30  INFO 13779 --- [       Thread-3] d.f.e.m.s.autoconfigure.EmbeddedMongo    : {"t":{"$date":"2026-08-21T06:03:01.874+05:30"},"s":"I",  "c":"STORAGE",  "id":22206,   "ctx":"conn3","msg":"Deferring table drop for index","attr":{"index":"_id_","namespace":"customer360_test.conflict_queue","uuid":{"uuid":{"$uuid":"28badaa9-861b-44ac-a058-a11a50623979"}},"ident":"index-28-2315775965095294385","commitTimestamp":{"$timestamp":{"t":0,"i":0}}}}
2026-08-21T06:03:01.874+05:30  INFO 13779 --- [       Thread-3] d.f.e.m.s.autoconfigure.EmbeddedMongo    : {"t":{"$date":"2026-08-21T06:03:01.874+05:30"},"s":"I",  "c":"STORAGE",  "id":22214,   "ctx":"conn3","msg":"Deferring table drop for collection","attr":{"namespace":"customer360_test.conflict_queue","ident":"collection-27-2315775965095294385","commitTimestamp":{"$timestamp":{"t":0,"i":0}}}}
2026-08-21T06:03:01.874+05:30  INFO 13779 --- [       Thread-3] d.f.e.m.s.autoconfigure.EmbeddedMongo    : {"t":{"$date":"2026-08-21T06:03:01.874+05:30"},"s":"I",  "c":"STORAGE",  "id":22206,   "ctx":"conn3","msg":"Deferring table drop for index","attr":{"index":"_id_","namespace":"customer360_test.config_rules","uuid":{"uuid":{"$uuid":"347aedda-e2b1-4b27-952e-10d06ad62c18"}},"ident":"index-10-2315775965095294385","commitTimestamp":{"$timestamp":{"t":0,"i":0}}}}
2026-08-21T06:03:01.874+05:30  INFO 13779 --- [       Thread-3] d.f.e.m.s.autoconfigure.EmbeddedMongo    : {"t":{"$date":"2026-08-21T06:03:01.874+05:30"},"s":"I",  "c":"STORAGE",  "id":22214,   "ctx":"conn3","msg":"Deferring table drop for collection","attr":{"namespace":"customer360_test.config_rules","ident":"collection-9-2315775965095294385","commitTimestamp":{"$timestamp":{"t":0,"i":0}}}}
2026-08-21T06:03:01.874+05:30  INFO 13779 --- [       Thread-3] d.f.e.m.s.autoconfigure.EmbeddedMongo    : {"t":{"$date":"2026-08-21T06:03:01.874+05:30"},"s":"I",  "c":"STORAGE",  "id":22206,   "ctx":"conn3","msg":"Deferring table drop for index","attr":{"index":"_id_","namespace":"customer360_test.golden_customers","uuid":{"uuid":{"$uuid":"3b428034-dc4e-4850-b109-3aa9047bc4fd"}},"ident":"index-22-2315775965095294385","commitTimestamp":{"$timestamp":{"t":0,"i":0}}}}
2026-08-21T06:03:01.874+05:30  INFO 13779 --- [       Thread-3] d.f.e.m.s.autoconfigure.EmbeddedMongo    : {"t":{"$date":"2026-08-21T06:03:01.874+05:30"},"s":"I",  "c":"STORAGE",  "id":22214,   "ctx":"conn3","msg":"Deferring table drop for collection","attr":{"namespace":"customer360_test.golden_customers","ident":"collection-21-2315775965095294385","commitTimestamp":{"$timestamp":{"t":0,"i":0}}}}
2026-08-21T06:03:01.874+05:30  INFO 13779 --- [       Thread-3] d.f.e.m.s.autoconfigure.EmbeddedMongo    : {"t":{"$date":"2026-08-21T06:03:01.874+05:30"},"s":"I",  "c":"STORAGE",  "id":22206,   "ctx":"conn3","msg":"Deferring table drop for index","attr":{"index":"_id_","namespace":"customer360_test.raw_mutual_fund_customers","uuid":{"uuid":{"$uuid":"42149f48-ae29-4502-8827-db4a49e0a5ed"}},"ident":"index-18-2315775965095294385","commitTimestamp":{"$timestamp":{"t":0,"i":0}}}}
2026-08-21T06:03:01.874+05:30  INFO 13779 --- [       Thread-3] d.f.e.m.s.autoconfigure.EmbeddedMongo    : {"t":{"$date":"2026-08-21T06:03:01.874+05:30"},"s":"I",  "c":"STORAGE",  "id":22214,   "ctx":"conn3","msg":"Deferring table drop for collection","attr":{"namespace":"customer360_test.raw_mutual_fund_customers","ident":"collection-17-2315775965095294385","commitTimestamp":{"$timestamp":{"t":0,"i":0}}}}
2026-08-21T06:03:01.875+05:30  INFO 13779 --- [       Thread-3] d.f.e.m.s.autoconfigure.EmbeddedMongo    : {"t":{"$date":"2026-08-21T06:03:01.874+05:30"},"s":"I",  "c":"STORAGE",  "id":22206,   "ctx":"conn3","msg":"Deferring table drop for index","attr":{"index":"_id_","namespace":"customer360_test.raw_loan_customers","uuid":{"uuid":{"$uuid":"4e87214b-fb95-4d87-bb47-154fb8f27d80"}},"ident":"index-16-2315775965095294385","commitTimestamp":{"$timestamp":{"t":0,"i":0}}}}
2026-08-21T06:03:01.875+05:30  INFO 13779 --- [       Thread-3] d.f.e.m.s.autoconfigure.EmbeddedMongo    : {"t":{"$date":"2026-08-21T06:03:01.874+05:30"},"s":"I",  "c":"STORAGE",  "id":22214,   "ctx":"conn3","msg":"Deferring table drop for collection","attr":{"namespace":"customer360_test.raw_loan_customers","ident":"collection-15-2315775965095294385","commitTimestamp":{"$timestamp":{"t":0,"i":0}}}}
2026-08-21T06:03:01.875+05:30  INFO 13779 --- [       Thread-3] d.f.e.m.s.autoconfigure.EmbeddedMongo    : {"t":{"$date":"2026-08-21T06:03:01.874+05:30"},"s":"I",  "c":"STORAGE",  "id":22206,   "ctx":"conn3","msg":"Deferring table drop for index","attr":{"index":"_id_","namespace":"customer360_test.users","uuid":{"uuid":{"$uuid":"6609e299-fcd9-42b4-a23b-f3ebd96bb2eb"}},"ident":"index-8-2315775965095294385","commitTimestamp":{"$timestamp":{"t":0,"i":0}}}}
2026-08-21T06:03:01.875+05:30  INFO 13779 --- [       Thread-3] d.f.e.m.s.autoconfigure.EmbeddedMongo    : {"t":{"$date":"2026-08-21T06:03:01.874+05:30"},"s":"I",  "c":"STORAGE",  "id":22214,   "ctx":"conn3","msg":"Deferring table drop for collection","attr":{"namespace":"customer360_test.users","ident":"collection-7-2315775965095294385","commitTimestamp":{"$timestamp":{"t":0,"i":0}}}}
2026-08-21T06:03:01.875+05:30  INFO 13779 --- [       Thread-3] d.f.e.m.s.autoconfigure.EmbeddedMongo    : {"t":{"$date":"2026-08-21T06:03:01.874+05:30"},"s":"I",  "c":"STORAGE",  "id":22206,   "ctx":"conn3","msg":"Deferring table drop for index","attr":{"index":"_id_","namespace":"customer360_test.raw_wealth_customers","uuid":{"uuid":{"$uuid":"6e297265-e591-4e3e-a3ed-d19ee8874e7c"}},"ident":"index-20-2315775965095294385","commitTimestamp":{"$timestamp":{"t":0,"i":0}}}}
2026-08-21T06:03:01.875+05:30  INFO 13779 --- [       Thread-3] d.f.e.m.s.autoconfigure.EmbeddedMongo    : {"t":{"$date":"2026-08-21T06:03:01.874+05:30"},"s":"I",  "c":"STORAGE",  "id":22214,   "ctx":"conn3","msg":"Deferring table drop for collection","attr":{"namespace":"customer360_test.raw_wealth_customers","ident":"collection-19-2315775965095294385","commitTimestamp":{"$timestamp":{"t":0,"i":0}}}}
2026-08-21T06:03:01.875+05:30  INFO 13779 --- [       Thread-3] d.f.e.m.s.autoconfigure.EmbeddedMongo    : {"t":{"$date":"2026-08-21T06:03:01.874+05:30"},"s":"I",  "c":"STORAGE",  "id":22206,   "ctx":"conn3","msg":"Deferring table drop for index","attr":{"index":"_id_","namespace":"customer360_test.raw_equity_customers","uuid":{"uuid":{"$uuid":"86dcd4c5-f0ac-43a9-8d85-69b1162b4c60"}},"ident":"index-12-2315775965095294385","commitTimestamp":{"$timestamp":{"t":0,"i":0}}}}
2026-08-21T06:03:01.875+05:30  INFO 13779 --- [       Thread-3] d.f.e.m.s.autoconfigure.EmbeddedMongo    : {"t":{"$date":"2026-08-21T06:03:01.874+05:30"},"s":"I",  "c":"STORAGE",  "id":22214,   "ctx":"conn3","msg":"Deferring table drop for collection","attr":{"namespace":"customer360_test.raw_equity_customers","ident":"collection-11-2315775965095294385","commitTimestamp":{"$timestamp":{"t":0,"i":0}}}}
2026-08-21T06:03:01.875+05:30  INFO 13779 --- [       Thread-3] d.f.e.m.s.autoconfigure.EmbeddedMongo    : {"t":{"$date":"2026-08-21T06:03:01.874+05:30"},"s":"I",  "c":"STORAGE",  "id":22206,   "ctx":"conn3","msg":"Deferring table drop for index","attr":{"index":"_id_","namespace":"customer360_test.audit_log","uuid":{"uuid":{"$uuid":"8d308f35-7690-4fb5-b2b9-6b153491c75c"}},"ident":"index-26-2315775965095294385","commitTimestamp":{"$timestamp":{"t":0,"i":0}}}}
2026-08-21T06:03:01.875+05:30  INFO 13779 --- [       Thread-3] d.f.e.m.s.autoconfigure.EmbeddedMongo    : {"t":{"$date":"2026-08-21T06:03:01.874+05:30"},"s":"I",  "c":"STORAGE",  "id":22214,   "ctx":"conn3","msg":"Deferring table drop for collection","attr":{"namespace":"customer360_test.audit_log","ident":"collection-25-2315775965095294385","commitTimestamp":{"$timestamp":{"t":0,"i":0}}}}
2026-08-21T06:03:01.875+05:30  INFO 13779 --- [       Thread-3] d.f.e.m.s.autoconfigure.EmbeddedMongo    : {"t":{"$date":"2026-08-21T06:03:01.874+05:30"},"s":"I",  "c":"STORAGE",  "id":22206,   "ctx":"conn3","msg":"Deferring table drop for index","attr":{"index":"_id_","namespace":"customer360_test.raw_insurance_customers","uuid":{"uuid":{"$uuid":"d7c99925-66d6-41df-ba69-0b9bd0dd746c"}},"ident":"index-14-2315775965095294385","commitTimestamp":{"$timestamp":{"t":0,"i":0}}}}
2026-08-21T06:03:01.875+05:30  INFO 13779 --- [       Thread-3] d.f.e.m.s.autoconfigure.EmbeddedMongo    : {"t":{"$date":"2026-08-21T06:03:01.874+05:30"},"s":"I",  "c":"STORAGE",  "id":22214,   "ctx":"conn3","msg":"Deferring table drop for collection","attr":{"namespace":"customer360_test.raw_insurance_customers","ident":"collection-13-2315775965095294385","commitTimestamp":{"$timestamp":{"t":0,"i":0}}}}
2026-08-21T06:03:01.875+05:30  INFO 13779 --- [       Thread-3] d.f.e.m.s.autoconfigure.EmbeddedMongo    : {"t":{"$date":"2026-08-21T06:03:01.874+05:30"},"s":"I",  "c":"STORAGE",  "id":22206,   "ctx":"conn3","msg":"Deferring table drop for index","attr":{"index":"_id_","namespace":"customer360_test.golden_customer_links","uuid":{"uuid":{"$uuid":"f0a92498-377b-464c-a047-985d39fbeb90"}},"ident":"index-24-2315775965095294385","commitTimestamp":{"$timestamp":{"t":0,"i":0}}}}
2026-08-21T06:03:01.875+05:30  INFO 13779 --- [       Thread-3] d.f.e.m.s.autoconfigure.EmbeddedMongo    : {"t":{"$date":"2026-08-21T06:03:01.874+05:30"},"s":"I",  "c":"STORAGE",  "id":22214,   "ctx":"conn3","msg":"Deferring table drop for collection","attr":{"namespace":"customer360_test.golden_customer_links","ident":"collection-23-2315775965095294385","commitTimestamp":{"$timestamp":{"t":0,"i":0}}}}
2026-08-21T06:03:01.875+05:30  INFO 13779 --- [       Thread-3] d.f.e.m.s.autoconfigure.EmbeddedMongo    : {"t":{"$date":"2026-08-21T06:03:01.874+05:30"},"s":"I",  "c":"COMMAND",  "id":20336,   "ctx":"conn3","msg":"dropDatabase","attr":{"db":"customer360_test","numCollectionsDropped":11}}
2026-08-21T06:03:01.875+05:30  INFO 13779 --- [           main] c.p.c.config.InitialDataSeeder           : Seeding default system users...
2026-08-21T06:03:01.930+05:30  INFO 13779 --- [       Thread-3] d.f.e.m.s.autoconfigure.EmbeddedMongo    : {"t":{"$date":"2026-08-21T06:03:01.930+05:30"},"s":"I",  "c":"STORAGE",  "id":20320,   "ctx":"conn3","msg":"createCollection","attr":{"namespace":"customer360_test.users","uuidDisposition":"generated","uuid":{"uuid":{"$uuid":"acc3dc7a-4442-462d-9216-3a93638ff184"}},"options":{}}}
2026-08-21T06:03:01.947+05:30  INFO 13779 --- [       Thread-3] d.f.e.m.s.autoconfigure.EmbeddedMongo    : {"t":{"$date":"2026-08-21T06:03:01.946+05:30"},"s":"I",  "c":"REPL",     "id":7360102, "ctx":"conn3","msg":"Added oplog entry for create to transaction","attr":{"namespace":"customer360_test.$cmd","uuid":{"uuid":{"$uuid":"acc3dc7a-4442-462d-9216-3a93638ff184"}},"object":{"create":"users","idIndex":{"v":2,"key":{"_id":1},"name":"_id_"}}}}
2026-08-21T06:03:01.947+05:30  INFO 13779 --- [       Thread-3] d.f.e.m.s.autoconfigure.EmbeddedMongo    : {"t":{"$date":"2026-08-21T06:03:01.946+05:30"},"s":"I",  "c":"INDEX",    "id":20345,   "ctx":"conn3","msg":"Index build: done building","attr":{"buildUUID":null,"collectionUUID":{"uuid":{"$uuid":"acc3dc7a-4442-462d-9216-3a93638ff184"}},"namespace":"customer360_test.users","index":"_id_","ident":"index-30-2315775965095294385","collectionIdent":"collection-29-2315775965095294385","commitTimestamp":null}}
2026-08-21T06:03:02.112+05:30  INFO 13779 --- [           main] c.p.c.config.InitialDataSeeder           : Default users seeded successfully.
2026-08-21T06:03:02.113+05:30  INFO 13779 --- [       Thread-3] d.f.e.m.s.autoconfigure.EmbeddedMongo    : {"t":{"$date":"2026-08-21T06:03:02.113+05:30"},"s":"I",  "c":"STORAGE",  "id":20320,   "ctx":"conn3","msg":"createCollection","attr":{"namespace":"customer360_test.raw_equity_customers","uuidDisposition":"generated","uuid":{"uuid":{"$uuid":"b1ac4fed-2c38-4978-8761-ccaf7f887c3c"}},"options":{}}}
2026-08-21T06:03:02.130+05:30  INFO 13779 --- [       Thread-3] d.f.e.m.s.autoconfigure.EmbeddedMongo    : {"t":{"$date":"2026-08-21T06:03:02.130+05:30"},"s":"I",  "c":"REPL",     "id":7360102, "ctx":"conn3","msg":"Added oplog entry for create to transaction","attr":{"namespace":"customer360_test.$cmd","uuid":{"uuid":{"$uuid":"b1ac4fed-2c38-4978-8761-ccaf7f887c3c"}},"object":{"create":"raw_equity_customers","idIndex":{"v":2,"key":{"_id":1},"name":"_id_"}}}}
2026-08-21T06:03:02.130+05:30  INFO 13779 --- [       Thread-3] d.f.e.m.s.autoconfigure.EmbeddedMongo    : {"t":{"$date":"2026-08-21T06:03:02.130+05:30"},"s":"I",  "c":"INDEX",    "id":20345,   "ctx":"conn3","msg":"Index build: done building","attr":{"buildUUID":null,"collectionUUID":{"uuid":{"$uuid":"b1ac4fed-2c38-4978-8761-ccaf7f887c3c"}},"namespace":"customer360_test.raw_equity_customers","index":"_id_","ident":"index-32-2315775965095294385","collectionIdent":"collection-31-2315775965095294385","commitTimestamp":null}}
2026-08-21T06:03:02.132+05:30  WARN 13779 --- [           main] c.p.c.n.NormalizationService             : Could not parse DOB 'Bengaluru' with any known format
2026-08-21T06:03:02.136+05:30  INFO 13779 --- [       Thread-3] d.f.e.m.s.autoconfigure.EmbeddedMongo    : {"t":{"$date":"2026-08-21T06:03:02.136+05:30"},"s":"I",  "c":"STORAGE",  "id":22260,   "ctx":"TimestampMonitor","msg":"Removing drop-pending idents with drop timestamps before timestamp","attr":{"timestamp":{"$timestamp":{"t":0,"i":0}}}}
2026-08-21T06:03:02.136+05:30  INFO 13779 --- [       Thread-3] d.f.e.m.s.autoconfigure.EmbeddedMongo    : {"t":{"$date":"2026-08-21T06:03:02.136+05:30"},"s":"I",  "c":"STORAGE",  "id":22237,   "ctx":"TimestampMonitor","msg":"Completing drop for ident","attr":{"ident":"index-28-2315775965095294385","dropTimestamp":{"$timestamp":{"t":0,"i":0}}}}
2026-08-21T06:03:02.136+05:30  INFO 13779 --- [       Thread-3] d.f.e.m.s.autoconfigure.EmbeddedMongo    : {"t":{"$date":"2026-08-21T06:03:02.136+05:30"},"s":"I",  "c":"STORAGE",  "id":6936300, "ctx":"TimestampMonitor","msg":"Drop-pending ident is still in use","attr":{"ident":"index-28-2315775965095294385","dropTimestamp":{"$timestamp":{"t":0,"i":0}},"error":{"code":314,"codeName":"ObjectIsBusy","errmsg":"Failed to remove drop-pending ident index-28-2315775965095294385"}}}
2026-08-21T06:03:02.136+05:30  INFO 13779 --- [       Thread-3] d.f.e.m.s.autoconfigure.EmbeddedMongo    : {"t":{"$date":"2026-08-21T06:03:02.136+05:30"},"s":"I",  "c":"STORAGE",  "id":22237,   "ctx":"TimestampMonitor","msg":"Completing drop for ident","attr":{"ident":"collection-27-2315775965095294385","dropTimestamp":{"$timestamp":{"t":0,"i":0}}}}
2026-08-21T06:03:02.136+05:30  INFO 13779 --- [       Thread-3] d.f.e.m.s.autoconfigure.EmbeddedMongo    : {"t":{"$date":"2026-08-21T06:03:02.136+05:30"},"s":"I",  "c":"STORAGE",  "id":6936300, "ctx":"TimestampMonitor","msg":"Drop-pending ident is still in use","attr":{"ident":"collection-27-2315775965095294385","dropTimestamp":{"$timestamp":{"t":0,"i":0}},"error":{"code":314,"codeName":"ObjectIsBusy","errmsg":"Failed to remove drop-pending ident collection-27-2315775965095294385"}}}
2026-08-21T06:03:02.136+05:30  INFO 13779 --- [       Thread-3] d.f.e.m.s.autoconfigure.EmbeddedMongo    : {"t":{"$date":"2026-08-21T06:03:02.136+05:30"},"s":"I",  "c":"STORAGE",  "id":22237,   "ctx":"TimestampMonitor","msg":"Completing drop for ident","attr":{"ident":"index-10-2315775965095294385","dropTimestamp":{"$timestamp":{"t":0,"i":0}}}}
2026-08-21T06:03:02.136+05:30  INFO 13779 --- [       Thread-3] d.f.e.m.s.autoconfigure.EmbeddedMongo    : {"t":{"$date":"2026-08-21T06:03:02.136+05:30"},"s":"I",  "c":"STORAGE",  "id":6936300, "ctx":"TimestampMonitor","msg":"Drop-pending ident is still in use","attr":{"ident":"index-10-2315775965095294385","dropTimestamp":{"$timestamp":{"t":0,"i":0}},"error":{"code":314,"codeName":"ObjectIsBusy","errmsg":"Failed to remove drop-pending ident index-10-2315775965095294385"}}}
2026-08-21T06:03:02.136+05:30  INFO 13779 --- [       Thread-3] d.f.e.m.s.autoconfigure.EmbeddedMongo    : {"t":{"$date":"2026-08-21T06:03:02.136+05:30"},"s":"I",  "c":"STORAGE",  "id":22237,   "ctx":"TimestampMonitor","msg":"Completing drop for ident","attr":{"ident":"collection-9-2315775965095294385","dropTimestamp":{"$timestamp":{"t":0,"i":0}}}}
2026-08-21T06:03:02.136+05:30  INFO 13779 --- [       Thread-3] d.f.e.m.s.autoconfigure.EmbeddedMongo    : {"t":{"$date":"2026-08-21T06:03:02.136+05:30"},"s":"I",  "c":"STORAGE",  "id":6936300, "ctx":"TimestampMonitor","msg":"Drop-pending ident is still in use","attr":{"ident":"collection-9-2315775965095294385","dropTimestamp":{"$timestamp":{"t":0,"i":0}},"error":{"code":314,"codeName":"ObjectIsBusy","errmsg":"Failed to remove drop-pending ident collection-9-2315775965095294385"}}}
2026-08-21T06:03:02.136+05:30  INFO 13779 --- [       Thread-3] d.f.e.m.s.autoconfigure.EmbeddedMongo    : {"t":{"$date":"2026-08-21T06:03:02.136+05:30"},"s":"I",  "c":"STORAGE",  "id":22237,   "ctx":"TimestampMonitor","msg":"Completing drop for ident","attr":{"ident":"index-22-2315775965095294385","dropTimestamp":{"$timestamp":{"t":0,"i":0}}}}
2026-08-21T06:03:02.136+05:30  INFO 13779 --- [       Thread-3] d.f.e.m.s.autoconfigure.EmbeddedMongo    : {"t":{"$date":"2026-08-21T06:03:02.136+05:30"},"s":"I",  "c":"STORAGE",  "id":6936300, "ctx":"TimestampMonitor","msg":"Drop-pending ident is still in use","attr":{"ident":"index-22-2315775965095294385","dropTimestamp":{"$timestamp":{"t":0,"i":0}},"error":{"code":314,"codeName":"ObjectIsBusy","errmsg":"Failed to remove drop-pending ident index-22-2315775965095294385"}}}
2026-08-21T06:03:02.136+05:30  INFO 13779 --- [       Thread-3] d.f.e.m.s.autoconfigure.EmbeddedMongo    : {"t":{"$date":"2026-08-21T06:03:02.136+05:30"},"s":"I",  "c":"STORAGE",  "id":22237,   "ctx":"TimestampMonitor","msg":"Completing drop for ident","attr":{"ident":"collection-21-2315775965095294385","dropTimestamp":{"$timestamp":{"t":0,"i":0}}}}
2026-08-21T06:03:02.136+05:30  INFO 13779 --- [       Thread-3] d.f.e.m.s.autoconfigure.EmbeddedMongo    : {"t":{"$date":"2026-08-21T06:03:02.136+05:30"},"s":"I",  "c":"STORAGE",  "id":6936300, "ctx":"TimestampMonitor","msg":"Drop-pending ident is still in use","attr":{"ident":"collection-21-2315775965095294385","dropTimestamp":{"$timestamp":{"t":0,"i":0}},"error":{"code":314,"codeName":"ObjectIsBusy","errmsg":"Failed to remove drop-pending ident collection-21-2315775965095294385"}}}
2026-08-21T06:03:02.136+05:30  INFO 13779 --- [       Thread-3] d.f.e.m.s.autoconfigure.EmbeddedMongo    : {"t":{"$date":"2026-08-21T06:03:02.136+05:30"},"s":"I",  "c":"STORAGE",  "id":22237,   "ctx":"TimestampMonitor","msg":"Completing drop for ident","attr":{"ident":"index-18-2315775965095294385","dropTimestamp":{"$timestamp":{"t":0,"i":0}}}}
2026-08-21T06:03:02.136+05:30  INFO 13779 --- [       Thread-3] d.f.e.m.s.autoconfigure.EmbeddedMongo    : {"t":{"$date":"2026-08-21T06:03:02.136+05:30"},"s":"I",  "c":"STORAGE",  "id":6936300, "ctx":"TimestampMonitor","msg":"Drop-pending ident is still in use","attr":{"ident":"index-18-2315775965095294385","dropTimestamp":{"$timestamp":{"t":0,"i":0}},"error":{"code":314,"codeName":"ObjectIsBusy","errmsg":"Failed to remove drop-pending ident index-18-2315775965095294385"}}}
2026-08-21T06:03:02.136+05:30  INFO 13779 --- [       Thread-3] d.f.e.m.s.autoconfigure.EmbeddedMongo    : {"t":{"$date":"2026-08-21T06:03:02.136+05:30"},"s":"I",  "c":"STORAGE",  "id":22237,   "ctx":"TimestampMonitor","msg":"Completing drop for ident","attr":{"ident":"collection-17-2315775965095294385","dropTimestamp":{"$timestamp":{"t":0,"i":0}}}}
2026-08-21T06:03:02.136+05:30  INFO 13779 --- [       Thread-3] d.f.e.m.s.autoconfigure.EmbeddedMongo    : {"t":{"$date":"2026-08-21T06:03:02.136+05:30"},"s":"I",  "c":"STORAGE",  "id":6936300, "ctx":"TimestampMonitor","msg":"Drop-pending ident is still in use","attr":{"ident":"collection-17-2315775965095294385","dropTimestamp":{"$timestamp":{"t":0,"i":0}},"error":{"code":314,"codeName":"ObjectIsBusy","errmsg":"Failed to remove drop-pending ident collection-17-2315775965095294385"}}}
2026-08-21T06:03:02.136+05:30  INFO 13779 --- [       Thread-3] d.f.e.m.s.autoconfigure.EmbeddedMongo    : {"t":{"$date":"2026-08-21T06:03:02.136+05:30"},"s":"I",  "c":"STORAGE",  "id":22237,   "ctx":"TimestampMonitor","msg":"Completing drop for ident","attr":{"ident":"index-16-2315775965095294385","dropTimestamp":{"$timestamp":{"t":0,"i":0}}}}
2026-08-21T06:03:02.136+05:30  INFO 13779 --- [       Thread-3] d.f.e.m.s.autoconfigure.EmbeddedMongo    : {"t":{"$date":"2026-08-21T06:03:02.136+05:30"},"s":"I",  "c":"STORAGE",  "id":6936300, "ctx":"TimestampMonitor","msg":"Drop-pending ident is still in use","attr":{"ident":"index-16-2315775965095294385","dropTimestamp":{"$timestamp":{"t":0,"i":0}},"error":{"code":314,"codeName":"ObjectIsBusy","errmsg":"Failed to remove drop-pending ident index-16-2315775965095294385"}}}
2026-08-21T06:03:02.136+05:30  INFO 13779 --- [       Thread-3] d.f.e.m.s.autoconfigure.EmbeddedMongo    : {"t":{"$date":"2026-08-21T06:03:02.136+05:30"},"s":"I",  "c":"STORAGE",  "id":22237,   "ctx":"TimestampMonitor","msg":"Completing drop for ident","attr":{"ident":"collection-15-2315775965095294385","dropTimestamp":{"$timestamp":{"t":0,"i":0}}}}
2026-08-21T06:03:02.136+05:30  INFO 13779 --- [       Thread-3] d.f.e.m.s.autoconfigure.EmbeddedMongo    : {"t":{"$date":"2026-08-21T06:03:02.136+05:30"},"s":"I",  "c":"STORAGE",  "id":6936300, "ctx":"TimestampMonitor","msg":"Drop-pending ident is still in use","attr":{"ident":"collection-15-2315775965095294385","dropTimestamp":{"$timestamp":{"t":0,"i":0}},"error":{"code":314,"codeName":"ObjectIsBusy","errmsg":"Failed to remove drop-pending ident collection-15-2315775965095294385"}}}
2026-08-21T06:03:02.136+05:30  INFO 13779 --- [       Thread-3] d.f.e.m.s.autoconfigure.EmbeddedMongo    : {"t":{"$date":"2026-08-21T06:03:02.136+05:30"},"s":"I",  "c":"STORAGE",  "id":22237,   "ctx":"TimestampMonitor","msg":"Completing drop for ident","attr":{"ident":"index-8-2315775965095294385","dropTimestamp":{"$timestamp":{"t":0,"i":0}}}}
2026-08-21T06:03:02.136+05:30  INFO 13779 --- [       Thread-3] d.f.e.m.s.autoconfigure.EmbeddedMongo    : {"t":{"$date":"2026-08-21T06:03:02.136+05:30"},"s":"I",  "c":"STORAGE",  "id":6936300, "ctx":"TimestampMonitor","msg":"Drop-pending ident is still in use","attr":{"ident":"index-8-2315775965095294385","dropTimestamp":{"$timestamp":{"t":0,"i":0}},"error":{"code":314,"codeName":"ObjectIsBusy","errmsg":"Failed to remove drop-pending ident index-8-2315775965095294385"}}}
2026-08-21T06:03:02.136+05:30  INFO 13779 --- [       Thread-3] d.f.e.m.s.autoconfigure.EmbeddedMongo    : {"t":{"$date":"2026-08-21T06:03:02.136+05:30"},"s":"I",  "c":"STORAGE",  "id":22237,   "ctx":"TimestampMonitor","msg":"Completing drop for ident","attr":{"ident":"collection-7-2315775965095294385","dropTimestamp":{"$timestamp":{"t":0,"i":0}}}}
2026-08-21T06:03:02.136+05:30  INFO 13779 --- [       Thread-3] d.f.e.m.s.autoconfigure.EmbeddedMongo    : {"t":{"$date":"2026-08-21T06:03:02.136+05:30"},"s":"I",  "c":"STORAGE",  "id":6936300, "ctx":"TimestampMonitor","msg":"Drop-pending ident is still in use","attr":{"ident":"collection-7-2315775965095294385","dropTimestamp":{"$timestamp":{"t":0,"i":0}},"error":{"code":314,"codeName":"ObjectIsBusy","errmsg":"Failed to remove drop-pending ident collection-7-2315775965095294385"}}}
2026-08-21T06:03:02.136+05:30  INFO 13779 --- [       Thread-3] d.f.e.m.s.autoconfigure.EmbeddedMongo    : {"t":{"$date":"2026-08-21T06:03:02.136+05:30"},"s":"I",  "c":"STORAGE",  "id":22237,   "ctx":"TimestampMonitor","msg":"Completing drop for ident","attr":{"ident":"index-20-2315775965095294385","dropTimestamp":{"$timestamp":{"t":0,"i":0}}}}
2026-08-21T06:03:02.136+05:30  INFO 13779 --- [       Thread-3] d.f.e.m.s.autoconfigure.EmbeddedMongo    : {"t":{"$date":"2026-08-21T06:03:02.136+05:30"},"s":"I",  "c":"STORAGE",  "id":6936300, "ctx":"TimestampMonitor","msg":"Drop-pending ident is still in use","attr":{"ident":"index-20-2315775965095294385","dropTimestamp":{"$timestamp":{"t":0,"i":0}},"error":{"code":314,"codeName":"ObjectIsBusy","errmsg":"Failed to remove drop-pending ident index-20-2315775965095294385"}}}
2026-08-21T06:03:02.136+05:30  INFO 13779 --- [       Thread-3] d.f.e.m.s.autoconfigure.EmbeddedMongo    : {"t":{"$date":"2026-08-21T06:03:02.136+05:30"},"s":"I",  "c":"STORAGE",  "id":22237,   "ctx":"TimestampMonitor","msg":"Completing drop for ident","attr":{"ident":"collection-19-2315775965095294385","dropTimestamp":{"$timestamp":{"t":0,"i":0}}}}
2026-08-21T06:03:02.136+05:30  INFO 13779 --- [       Thread-3] d.f.e.m.s.autoconfigure.EmbeddedMongo    : {"t":{"$date":"2026-08-21T06:03:02.136+05:30"},"s":"I",  "c":"STORAGE",  "id":6936300, "ctx":"TimestampMonitor","msg":"Drop-pending ident is still in use","attr":{"ident":"collection-19-2315775965095294385","dropTimestamp":{"$timestamp":{"t":0,"i":0}},"error":{"code":314,"codeName":"ObjectIsBusy","errmsg":"Failed to remove drop-pending ident collection-19-2315775965095294385"}}}
2026-08-21T06:03:02.136+05:30  INFO 13779 --- [       Thread-3] d.f.e.m.s.autoconfigure.EmbeddedMongo    : {"t":{"$date":"2026-08-21T06:03:02.136+05:30"},"s":"I",  "c":"STORAGE",  "id":22237,   "ctx":"TimestampMonitor","msg":"Completing drop for ident","attr":{"ident":"index-12-2315775965095294385","dropTimestamp":{"$timestamp":{"t":0,"i":0}}}}
2026-08-21T06:03:02.136+05:30  INFO 13779 --- [       Thread-3] d.f.e.m.s.autoconfigure.EmbeddedMongo    : {"t":{"$date":"2026-08-21T06:03:02.136+05:30"},"s":"I",  "c":"STORAGE",  "id":6936300, "ctx":"TimestampMonitor","msg":"Drop-pending ident is still in use","attr":{"ident":"index-12-2315775965095294385","dropTimestamp":{"$timestamp":{"t":0,"i":0}},"error":{"code":314,"codeName":"ObjectIsBusy","errmsg":"Failed to remove drop-pending ident index-12-2315775965095294385"}}}
2026-08-21T06:03:02.137+05:30  INFO 13779 --- [       Thread-3] d.f.e.m.s.autoconfigure.EmbeddedMongo    : {"t":{"$date":"2026-08-21T06:03:02.136+05:30"},"s":"I",  "c":"STORAGE",  "id":22237,   "ctx":"TimestampMonitor","msg":"Completing drop for ident","attr":{"ident":"collection-11-2315775965095294385","dropTimestamp":{"$timestamp":{"t":0,"i":0}}}}
2026-08-21T06:03:02.137+05:30  INFO 13779 --- [       Thread-3] d.f.e.m.s.autoconfigure.EmbeddedMongo    : {"t":{"$date":"2026-08-21T06:03:02.136+05:30"},"s":"I",  "c":"STORAGE",  "id":6936300, "ctx":"TimestampMonitor","msg":"Drop-pending ident is still in use","attr":{"ident":"collection-11-2315775965095294385","dropTimestamp":{"$timestamp":{"t":0,"i":0}},"error":{"code":314,"codeName":"ObjectIsBusy","errmsg":"Failed to remove drop-pending ident collection-11-2315775965095294385"}}}
2026-08-21T06:03:02.137+05:30  INFO 13779 --- [       Thread-3] d.f.e.m.s.autoconfigure.EmbeddedMongo    : {"t":{"$date":"2026-08-21T06:03:02.136+05:30"},"s":"I",  "c":"STORAGE",  "id":22237,   "ctx":"TimestampMonitor","msg":"Completing drop for ident","attr":{"ident":"index-26-2315775965095294385","dropTimestamp":{"$timestamp":{"t":0,"i":0}}}}
2026-08-21T06:03:02.137+05:30  INFO 13779 --- [       Thread-3] d.f.e.m.s.autoconfigure.EmbeddedMongo    : {"t":{"$date":"2026-08-21T06:03:02.136+05:30"},"s":"I",  "c":"STORAGE",  "id":6936300, "ctx":"TimestampMonitor","msg":"Drop-pending ident is still in use","attr":{"ident":"index-26-2315775965095294385","dropTimestamp":{"$timestamp":{"t":0,"i":0}},"error":{"code":314,"codeName":"ObjectIsBusy","errmsg":"Failed to remove drop-pending ident index-26-2315775965095294385"}}}
2026-08-21T06:03:02.137+05:30  INFO 13779 --- [       Thread-3] d.f.e.m.s.autoconfigure.EmbeddedMongo    : {"t":{"$date":"2026-08-21T06:03:02.136+05:30"},"s":"I",  "c":"STORAGE",  "id":22237,   "ctx":"TimestampMonitor","msg":"Completing drop for ident","attr":{"ident":"collection-25-2315775965095294385","dropTimestamp":{"$timestamp":{"t":0,"i":0}}}}
2026-08-21T06:03:02.137+05:30  INFO 13779 --- [       Thread-3] d.f.e.m.s.autoconfigure.EmbeddedMongo    : {"t":{"$date":"2026-08-21T06:03:02.136+05:30"},"s":"I",  "c":"STORAGE",  "id":6936300, "ctx":"TimestampMonitor","msg":"Drop-pending ident is still in use","attr":{"ident":"collection-25-2315775965095294385","dropTimestamp":{"$timestamp":{"t":0,"i":0}},"error":{"code":314,"codeName":"ObjectIsBusy","errmsg":"Failed to remove drop-pending ident collection-25-2315775965095294385"}}}
2026-08-21T06:03:02.137+05:30  INFO 13779 --- [       Thread-3] d.f.e.m.s.autoconfigure.EmbeddedMongo    : {"t":{"$date":"2026-08-21T06:03:02.136+05:30"},"s":"I",  "c":"STORAGE",  "id":22237,   "ctx":"TimestampMonitor","msg":"Completing drop for ident","attr":{"ident":"index-14-2315775965095294385","dropTimestamp":{"$timestamp":{"t":0,"i":0}}}}
2026-08-21T06:03:02.137+05:30  INFO 13779 --- [       Thread-3] d.f.e.m.s.autoconfigure.EmbeddedMongo    : {"t":{"$date":"2026-08-21T06:03:02.136+05:30"},"s":"I",  "c":"STORAGE",  "id":6936300, "ctx":"TimestampMonitor","msg":"Drop-pending ident is still in use","attr":{"ident":"index-14-2315775965095294385","dropTimestamp":{"$timestamp":{"t":0,"i":0}},"error":{"code":314,"codeName":"ObjectIsBusy","errmsg":"Failed to remove drop-pending ident index-14-2315775965095294385"}}}
2026-08-21T06:03:02.137+05:30  INFO 13779 --- [       Thread-3] d.f.e.m.s.autoconfigure.EmbeddedMongo    : {"t":{"$date":"2026-08-21T06:03:02.136+05:30"},"s":"I",  "c":"STORAGE",  "id":22237,   "ctx":"TimestampMonitor","msg":"Completing drop for ident","attr":{"ident":"collection-13-2315775965095294385","dropTimestamp":{"$timestamp":{"t":0,"i":0}}}}
2026-08-21T06:03:02.137+05:30  INFO 13779 --- [       Thread-3] d.f.e.m.s.autoconfigure.EmbeddedMongo    : {"t":{"$date":"2026-08-21T06:03:02.136+05:30"},"s":"I",  "c":"STORAGE",  "id":6936300, "ctx":"TimestampMonitor","msg":"Drop-pending ident is still in use","attr":{"ident":"collection-13-2315775965095294385","dropTimestamp":{"$timestamp":{"t":0,"i":0}},"error":{"code":314,"codeName":"ObjectIsBusy","errmsg":"Failed to remove drop-pending ident collection-13-2315775965095294385"}}}
2026-08-21T06:03:02.137+05:30  INFO 13779 --- [       Thread-3] d.f.e.m.s.autoconfigure.EmbeddedMongo    : {"t":{"$date":"2026-08-21T06:03:02.136+05:30"},"s":"I",  "c":"STORAGE",  "id":22237,   "ctx":"TimestampMonitor","msg":"Completing drop for ident","attr":{"ident":"index-24-2315775965095294385","dropTimestamp":{"$timestamp":{"t":0,"i":0}}}}
2026-08-21T06:03:02.137+05:30  INFO 13779 --- [       Thread-3] d.f.e.m.s.autoconfigure.EmbeddedMongo    : {"t":{"$date":"2026-08-21T06:03:02.136+05:30"},"s":"I",  "c":"STORAGE",  "id":6936300, "ctx":"TimestampMonitor","msg":"Drop-pending ident is still in use","attr":{"ident":"index-24-2315775965095294385","dropTimestamp":{"$timestamp":{"t":0,"i":0}},"error":{"code":314,"codeName":"ObjectIsBusy","errmsg":"Failed to remove drop-pending ident index-24-2315775965095294385"}}}
2026-08-21T06:03:02.137+05:30  INFO 13779 --- [       Thread-3] d.f.e.m.s.autoconfigure.EmbeddedMongo    : {"t":{"$date":"2026-08-21T06:03:02.136+05:30"},"s":"I",  "c":"STORAGE",  "id":22237,   "ctx":"TimestampMonitor","msg":"Completing drop for ident","attr":{"ident":"collection-23-2315775965095294385","dropTimestamp":{"$timestamp":{"t":0,"i":0}}}}
2026-08-21T06:03:02.137+05:30  INFO 13779 --- [       Thread-3] d.f.e.m.s.autoconfigure.EmbeddedMongo    : {"t":{"$date":"2026-08-21T06:03:02.136+05:30"},"s":"I",  "c":"STORAGE",  "id":6936300, "ctx":"TimestampMonitor","msg":"Drop-pending ident is still in use","attr":{"ident":"collection-23-2315775965095294385","dropTimestamp":{"$timestamp":{"t":0,"i":0}},"error":{"code":314,"codeName":"ObjectIsBusy","errmsg":"Failed to remove drop-pending ident collection-23-2315775965095294385"}}}
2026-08-21T06:03:02.138+05:30  INFO 13779 --- [       Thread-3] d.f.e.m.s.autoconfigure.EmbeddedMongo    : {"t":{"$date":"2026-08-21T06:03:02.138+05:30"},"s":"I",  "c":"STORAGE",  "id":20320,   "ctx":"conn3","msg":"createCollection","attr":{"namespace":"customer360_test.raw_insurance_customers","uuidDisposition":"generated","uuid":{"uuid":{"$uuid":"e376e804-28d9-4119-a611-3f6e32a7ea0e"}},"options":{}}}
2026-08-21T06:03:02.154+05:30  INFO 13779 --- [       Thread-3] d.f.e.m.s.autoconfigure.EmbeddedMongo    : {"t":{"$date":"2026-08-21T06:03:02.154+05:30"},"s":"I",  "c":"REPL",     "id":7360102, "ctx":"conn3","msg":"Added oplog entry for create to transaction","attr":{"namespace":"customer360_test.$cmd","uuid":{"uuid":{"$uuid":"e376e804-28d9-4119-a611-3f6e32a7ea0e"}},"object":{"create":"raw_insurance_customers","idIndex":{"v":2,"key":{"_id":1},"name":"_id_"}}}}
2026-08-21T06:03:02.154+05:30  INFO 13779 --- [       Thread-3] d.f.e.m.s.autoconfigure.EmbeddedMongo    : {"t":{"$date":"2026-08-21T06:03:02.154+05:30"},"s":"I",  "c":"INDEX",    "id":20345,   "ctx":"conn3","msg":"Index build: done building","attr":{"buildUUID":null,"collectionUUID":{"uuid":{"$uuid":"e376e804-28d9-4119-a611-3f6e32a7ea0e"}},"namespace":"customer360_test.raw_insurance_customers","index":"_id_","ident":"index-34-2315775965095294385","collectionIdent":"collection-33-2315775965095294385","commitTimestamp":null}}
2026-08-21T06:03:02.156+05:30  WARN 13779 --- [           main] c.p.c.n.NormalizationService             : Could not parse DOB 'Bengaluru' with any known format
2026-08-21T06:03:02.162+05:30  INFO 13779 --- [       Thread-3] d.f.e.m.s.autoconfigure.EmbeddedMongo    : {"t":{"$date":"2026-08-21T06:03:02.162+05:30"},"s":"I",  "c":"STORAGE",  "id":20320,   "ctx":"conn3","msg":"createCollection","attr":{"namespace":"customer360_test.raw_loan_customers","uuidDisposition":"generated","uuid":{"uuid":{"$uuid":"cdb2a90f-854b-4edf-aa97-a63c56cf77b6"}},"options":{}}}
2026-08-21T06:03:02.179+05:30  INFO 13779 --- [       Thread-3] d.f.e.m.s.autoconfigure.EmbeddedMongo    : {"t":{"$date":"2026-08-21T06:03:02.179+05:30"},"s":"I",  "c":"REPL",     "id":7360102, "ctx":"conn3","msg":"Added oplog entry for create to transaction","attr":{"namespace":"customer360_test.$cmd","uuid":{"uuid":{"$uuid":"cdb2a90f-854b-4edf-aa97-a63c56cf77b6"}},"object":{"create":"raw_loan_customers","idIndex":{"v":2,"key":{"_id":1},"name":"_id_"}}}}
2026-08-21T06:03:02.179+05:30  INFO 13779 --- [       Thread-3] d.f.e.m.s.autoconfigure.EmbeddedMongo    : {"t":{"$date":"2026-08-21T06:03:02.179+05:30"},"s":"I",  "c":"INDEX",    "id":20345,   "ctx":"conn3","msg":"Index build: done building","attr":{"buildUUID":null,"collectionUUID":{"uuid":{"$uuid":"cdb2a90f-854b-4edf-aa97-a63c56cf77b6"}},"namespace":"customer360_test.raw_loan_customers","index":"_id_","ident":"index-36-2315775965095294385","collectionIdent":"collection-35-2315775965095294385","commitTimestamp":null}}
2026-08-21T06:03:02.180+05:30  WARN 13779 --- [           main] c.p.c.n.NormalizationService             : Could not parse DOB 'Bengaluru' with any known format
2026-08-21T06:03:02.184+05:30  INFO 13779 --- [       Thread-3] d.f.e.m.s.autoconfigure.EmbeddedMongo    : {"t":{"$date":"2026-08-21T06:03:02.184+05:30"},"s":"I",  "c":"STORAGE",  "id":20320,   "ctx":"conn3","msg":"createCollection","attr":{"namespace":"customer360_test.raw_mutual_fund_customers","uuidDisposition":"generated","uuid":{"uuid":{"$uuid":"80aa647d-69f3-43ad-a9f9-b1b7bef04160"}},"options":{}}}
2026-08-21T06:03:02.201+05:30  INFO 13779 --- [       Thread-3] d.f.e.m.s.autoconfigure.EmbeddedMongo    : {"t":{"$date":"2026-08-21T06:03:02.201+05:30"},"s":"I",  "c":"REPL",     "id":7360102, "ctx":"conn3","msg":"Added oplog entry for create to transaction","attr":{"namespace":"customer360_test.$cmd","uuid":{"uuid":{"$uuid":"80aa647d-69f3-43ad-a9f9-b1b7bef04160"}},"object":{"create":"raw_mutual_fund_customers","idIndex":{"v":2,"key":{"_id":1},"name":"_id_"}}}}
2026-08-21T06:03:02.201+05:30  INFO 13779 --- [       Thread-3] d.f.e.m.s.autoconfigure.EmbeddedMongo    : {"t":{"$date":"2026-08-21T06:03:02.201+05:30"},"s":"I",  "c":"INDEX",    "id":20345,   "ctx":"conn3","msg":"Index build: done building","attr":{"buildUUID":null,"collectionUUID":{"uuid":{"$uuid":"80aa647d-69f3-43ad-a9f9-b1b7bef04160"}},"namespace":"customer360_test.raw_mutual_fund_customers","index":"_id_","ident":"index-38-2315775965095294385","collectionIdent":"collection-37-2315775965095294385","commitTimestamp":null}}
2026-08-21T06:03:02.203+05:30  WARN 13779 --- [           main] c.p.c.n.NormalizationService             : Could not parse DOB 'Bengaluru' with any known format
2026-08-21T06:03:02.207+05:30  INFO 13779 --- [       Thread-3] d.f.e.m.s.autoconfigure.EmbeddedMongo    : {"t":{"$date":"2026-08-21T06:03:02.206+05:30"},"s":"I",  "c":"STORAGE",  "id":20320,   "ctx":"conn3","msg":"createCollection","attr":{"namespace":"customer360_test.raw_wealth_customers","uuidDisposition":"generated","uuid":{"uuid":{"$uuid":"90281943-ffe0-4b3f-9e04-68daa7e5cce1"}},"options":{}}}
2026-08-21T06:03:02.224+05:30  INFO 13779 --- [       Thread-3] d.f.e.m.s.autoconfigure.EmbeddedMongo    : {"t":{"$date":"2026-08-21T06:03:02.224+05:30"},"s":"I",  "c":"REPL",     "id":7360102, "ctx":"conn3","msg":"Added oplog entry for create to transaction","attr":{"namespace":"customer360_test.$cmd","uuid":{"uuid":{"$uuid":"90281943-ffe0-4b3f-9e04-68daa7e5cce1"}},"object":{"create":"raw_wealth_customers","idIndex":{"v":2,"key":{"_id":1},"name":"_id_"}}}}
2026-08-21T06:03:02.224+05:30  INFO 13779 --- [       Thread-3] d.f.e.m.s.autoconfigure.EmbeddedMongo    : {"t":{"$date":"2026-08-21T06:03:02.224+05:30"},"s":"I",  "c":"INDEX",    "id":20345,   "ctx":"conn3","msg":"Index build: done building","attr":{"buildUUID":null,"collectionUUID":{"uuid":{"$uuid":"90281943-ffe0-4b3f-9e04-68daa7e5cce1"}},"namespace":"customer360_test.raw_wealth_customers","index":"_id_","ident":"index-40-2315775965095294385","collectionIdent":"collection-39-2315775965095294385","commitTimestamp":null}}
2026-08-21T06:03:02.225+05:30  WARN 13779 --- [           main] c.p.c.n.NormalizationService             : Could not parse DOB 'Bengaluru' with any known format
2026-08-21T06:03:02.229+05:30  INFO 13779 --- [           main] c.p.c.ingestion.IngestionService         : Starting full pipeline rebuild — clearing derived collections first...
2026-08-21T06:03:02.230+05:30  INFO 13779 --- [           main] c.p.c.ingestion.IngestionService         : Cleared golden_customers, golden_customer_links, conflict_queue, opportunities.
2026-08-21T06:03:02.231+05:30  WARN 13779 --- [           main] c.p.c.n.NormalizationService             : Could not parse DOB 'Bengaluru' with any known format
2026-08-21T06:03:02.234+05:30  WARN 13779 --- [           main] c.p.c.n.NormalizationService             : Could not parse DOB 'Bengaluru' with any known format
2026-08-21T06:03:02.238+05:30  WARN 13779 --- [           main] c.p.c.n.NormalizationService             : Could not parse DOB 'Bengaluru' with any known format
2026-08-21T06:03:02.240+05:30  WARN 13779 --- [           main] c.p.c.n.NormalizationService             : Could not parse DOB 'Bengaluru' with any known format
2026-08-21T06:03:02.243+05:30  WARN 13779 --- [           main] c.p.c.n.NormalizationService             : Could not parse DOB 'Bengaluru' with any known format
2026-08-21T06:03:02.248+05:30  WARN 13779 --- [           main] c.p.c.config_rules.ConfigService         : No match-weights config found — using defaults
2026-08-21T06:03:02.249+05:30  WARN 13779 --- [           main] c.p.c.config_rules.ConfigService         : No match-weights config found — using defaults
2026-08-21T06:03:02.249+05:30  INFO 13779 --- [       Thread-3] d.f.e.m.s.autoconfigure.EmbeddedMongo    : {"t":{"$date":"2026-08-21T06:03:02.249+05:30"},"s":"I",  "c":"STORAGE",  "id":20320,   "ctx":"conn3","msg":"createCollection","attr":{"namespace":"customer360_test.golden_customers","uuidDisposition":"generated","uuid":{"uuid":{"$uuid":"f89788ba-65d7-4f15-a6c1-555b8e423734"}},"options":{}}}
2026-08-21T06:03:02.266+05:30  INFO 13779 --- [       Thread-3] d.f.e.m.s.autoconfigure.EmbeddedMongo    : {"t":{"$date":"2026-08-21T06:03:02.266+05:30"},"s":"I",  "c":"REPL",     "id":7360102, "ctx":"conn3","msg":"Added oplog entry for create to transaction","attr":{"namespace":"customer360_test.$cmd","uuid":{"uuid":{"$uuid":"f89788ba-65d7-4f15-a6c1-555b8e423734"}},"object":{"create":"golden_customers","idIndex":{"v":2,"key":{"_id":1},"name":"_id_"}}}}
2026-08-21T06:03:02.266+05:30  INFO 13779 --- [       Thread-3] d.f.e.m.s.autoconfigure.EmbeddedMongo    : {"t":{"$date":"2026-08-21T06:03:02.266+05:30"},"s":"I",  "c":"INDEX",    "id":20345,   "ctx":"conn3","msg":"Index build: done building","attr":{"buildUUID":null,"collectionUUID":{"uuid":{"$uuid":"f89788ba-65d7-4f15-a6c1-555b8e423734"}},"namespace":"customer360_test.golden_customers","index":"_id_","ident":"index-42-2315775965095294385","collectionIdent":"collection-41-2315775965095294385","commitTimestamp":null}}
2026-08-21T06:03:02.266+05:30  INFO 13779 --- [       Thread-3] d.f.e.m.s.autoconfigure.EmbeddedMongo    : {"t":{"$date":"2026-08-21T06:03:02.266+05:30"},"s":"I",  "c":"STORAGE",  "id":20320,   "ctx":"conn3","msg":"createCollection","attr":{"namespace":"customer360_test.golden_customer_links","uuidDisposition":"generated","uuid":{"uuid":{"$uuid":"80b43121-a888-440d-8be6-5f014c9530e2"}},"options":{}}}
2026-08-21T06:03:02.283+05:30  INFO 13779 --- [       Thread-3] d.f.e.m.s.autoconfigure.EmbeddedMongo    : {"t":{"$date":"2026-08-21T06:03:02.283+05:30"},"s":"I",  "c":"REPL",     "id":7360102, "ctx":"conn3","msg":"Added oplog entry for create to transaction","attr":{"namespace":"customer360_test.$cmd","uuid":{"uuid":{"$uuid":"80b43121-a888-440d-8be6-5f014c9530e2"}},"object":{"create":"golden_customer_links","idIndex":{"v":2,"key":{"_id":1},"name":"_id_"}}}}
2026-08-21T06:03:02.283+05:30  INFO 13779 --- [       Thread-3] d.f.e.m.s.autoconfigure.EmbeddedMongo    : {"t":{"$date":"2026-08-21T06:03:02.283+05:30"},"s":"I",  "c":"INDEX",    "id":20345,   "ctx":"conn3","msg":"Index build: done building","attr":{"buildUUID":null,"collectionUUID":{"uuid":{"$uuid":"80b43121-a888-440d-8be6-5f014c9530e2"}},"namespace":"customer360_test.golden_customer_links","index":"_id_","ident":"index-44-2315775965095294385","collectionIdent":"collection-43-2315775965095294385","commitTimestamp":null}}
2026-08-21T06:03:02.284+05:30  INFO 13779 --- [       Thread-3] d.f.e.m.s.autoconfigure.EmbeddedMongo    : {"t":{"$date":"2026-08-21T06:03:02.284+05:30"},"s":"I",  "c":"STORAGE",  "id":20320,   "ctx":"conn3","msg":"createCollection","attr":{"namespace":"customer360_test.audit_log","uuidDisposition":"generated","uuid":{"uuid":{"$uuid":"55e7ad28-2db9-40ea-824b-6ec08a8f9a6c"}},"options":{}}}
2026-08-21T06:03:02.304+05:30  INFO 13779 --- [       Thread-3] d.f.e.m.s.autoconfigure.EmbeddedMongo    : {"t":{"$date":"2026-08-21T06:03:02.304+05:30"},"s":"I",  "c":"REPL",     "id":7360102, "ctx":"conn3","msg":"Added oplog entry for create to transaction","attr":{"namespace":"customer360_test.$cmd","uuid":{"uuid":{"$uuid":"55e7ad28-2db9-40ea-824b-6ec08a8f9a6c"}},"object":{"create":"audit_log","idIndex":{"v":2,"key":{"_id":1},"name":"_id_"}}}}
2026-08-21T06:03:02.304+05:30  INFO 13779 --- [       Thread-3] d.f.e.m.s.autoconfigure.EmbeddedMongo    : {"t":{"$date":"2026-08-21T06:03:02.304+05:30"},"s":"I",  "c":"INDEX",    "id":20345,   "ctx":"conn3","msg":"Index build: done building","attr":{"buildUUID":null,"collectionUUID":{"uuid":{"$uuid":"55e7ad28-2db9-40ea-824b-6ec08a8f9a6c"}},"namespace":"customer360_test.audit_log","index":"_id_","ident":"index-46-2315775965095294385","collectionIdent":"collection-45-2315775965095294385","commitTimestamp":null}}
2026-08-21T06:03:02.304+05:30  WARN 13779 --- [           main] c.p.c.config_rules.ConfigService         : No match-weights config found — using defaults
2026-08-21T06:03:02.304+05:30  WARN 13779 --- [           main] c.p.c.config_rules.ConfigService         : No match-weights config found — using defaults
2026-08-21T06:03:02.306+05:30  WARN 13779 --- [           main] c.p.c.config_rules.ConfigService         : No match-weights config found — using defaults
2026-08-21T06:03:02.306+05:30  WARN 13779 --- [           main] c.p.c.config_rules.ConfigService         : No match-weights config found — using defaults
2026-08-21T06:03:02.307+05:30  WARN 13779 --- [           main] c.p.c.config_rules.ConfigService         : No match-weights config found — using defaults
2026-08-21T06:03:02.307+05:30  WARN 13779 --- [           main] c.p.c.config_rules.ConfigService         : No match-weights config found — using defaults
2026-08-21T06:03:02.308+05:30  WARN 13779 --- [           main] c.p.c.config_rules.ConfigService         : No match-weights config found — using defaults
2026-08-21T06:03:02.309+05:30  WARN 13779 --- [           main] c.p.c.config_rules.ConfigService         : No match-weights config found — using defaults
2026-08-21T06:03:02.309+05:30  WARN 13779 --- [           main] c.p.c.config_rules.ConfigService         : No match-weights config found — using defaults
2026-08-21T06:03:02.310+05:30  WARN 13779 --- [           main] c.p.c.config_rules.ConfigService         : No match-weights config found — using defaults
2026-08-21T06:03:02.311+05:30  WARN 13779 --- [           main] c.p.c.config_rules.ConfigService         : No match-weights config found — using defaults
2026-08-21T06:03:02.311+05:30  WARN 13779 --- [           main] c.p.c.config_rules.ConfigService         : No match-weights config found — using defaults
2026-08-21T06:03:02.312+05:30  WARN 13779 --- [           main] c.p.c.config_rules.ConfigService         : No match-weights config found — using defaults
2026-08-21T06:03:02.312+05:30  WARN 13779 --- [           main] c.p.c.config_rules.ConfigService         : No match-weights config found — using defaults
2026-08-21T06:03:02.314+05:30  WARN 13779 --- [           main] c.p.c.config_rules.ConfigService         : No match-weights config found — using defaults
2026-08-21T06:03:02.314+05:30  WARN 13779 --- [           main] c.p.c.config_rules.ConfigService         : No match-weights config found — using defaults
2026-08-21T06:03:02.315+05:30  WARN 13779 --- [           main] c.p.c.config_rules.ConfigService         : No match-weights config found — using defaults
2026-08-21T06:03:02.315+05:30  WARN 13779 --- [           main] c.p.c.config_rules.ConfigService         : No match-weights config found — using defaults
2026-08-21T06:03:02.316+05:30  INFO 13779 --- [       Thread-3] d.f.e.m.s.autoconfigure.EmbeddedMongo    : {"t":{"$date":"2026-08-21T06:03:02.316+05:30"},"s":"I",  "c":"STORAGE",  "id":20320,   "ctx":"conn3","msg":"createCollection","attr":{"namespace":"customer360_test.conflict_queue","uuidDisposition":"generated","uuid":{"uuid":{"$uuid":"5e3fd258-bbb0-4ef8-98ec-d7464fda6897"}},"options":{}}}
2026-08-21T06:03:02.332+05:30  INFO 13779 --- [       Thread-3] d.f.e.m.s.autoconfigure.EmbeddedMongo    : {"t":{"$date":"2026-08-21T06:03:02.332+05:30"},"s":"I",  "c":"REPL",     "id":7360102, "ctx":"conn3","msg":"Added oplog entry for create to transaction","attr":{"namespace":"customer360_test.$cmd","uuid":{"uuid":{"$uuid":"5e3fd258-bbb0-4ef8-98ec-d7464fda6897"}},"object":{"create":"conflict_queue","idIndex":{"v":2,"key":{"_id":1},"name":"_id_"}}}}
2026-08-21T06:03:02.332+05:30  INFO 13779 --- [       Thread-3] d.f.e.m.s.autoconfigure.EmbeddedMongo    : {"t":{"$date":"2026-08-21T06:03:02.332+05:30"},"s":"I",  "c":"INDEX",    "id":20345,   "ctx":"conn3","msg":"Index build: done building","attr":{"buildUUID":null,"collectionUUID":{"uuid":{"$uuid":"5e3fd258-bbb0-4ef8-98ec-d7464fda6897"}},"namespace":"customer360_test.conflict_queue","index":"_id_","ident":"index-48-2315775965095294385","collectionIdent":"collection-47-2315775965095294385","commitTimestamp":null}}
2026-08-21T06:03:02.332+05:30  WARN 13779 --- [           main] c.p.c.config_rules.ConfigService         : No match-weights config found — using defaults
2026-08-21T06:03:02.332+05:30  WARN 13779 --- [           main] c.p.c.config_rules.ConfigService         : No match-weights config found — using defaults
2026-08-21T06:03:02.333+05:30  WARN 13779 --- [           main] c.p.c.config_rules.ConfigService         : No match-weights config found — using defaults
2026-08-21T06:03:02.333+05:30  WARN 13779 --- [           main] c.p.c.config_rules.ConfigService         : No match-weights config found — using defaults
2026-08-21T06:03:02.333+05:30  WARN 13779 --- [           main] c.p.c.config_rules.ConfigService         : No match-weights config found — using defaults
2026-08-21T06:03:02.333+05:30  WARN 13779 --- [           main] c.p.c.config_rules.ConfigService         : No match-weights config found — using defaults
2026-08-21T06:03:02.334+05:30  WARN 13779 --- [           main] c.p.c.config_rules.ConfigService         : No match-weights config found — using defaults
2026-08-21T06:03:02.334+05:30  WARN 13779 --- [           main] c.p.c.config_rules.ConfigService         : No match-weights config found — using defaults
2026-08-21T06:03:02.334+05:30  WARN 13779 --- [           main] c.p.c.config_rules.ConfigService         : No match-weights config found — using defaults
2026-08-21T06:03:02.334+05:30  WARN 13779 --- [           main] c.p.c.config_rules.ConfigService         : No match-weights config found — using defaults
2026-08-21T06:03:02.335+05:30  WARN 13779 --- [           main] c.p.c.config_rules.ConfigService         : No match-weights config found — using defaults
2026-08-21T06:03:02.335+05:30  WARN 13779 --- [           main] c.p.c.config_rules.ConfigService         : No match-weights config found — using defaults
2026-08-21T06:03:02.336+05:30  WARN 13779 --- [           main] c.p.c.config_rules.ConfigService         : No match-weights config found — using defaults
2026-08-21T06:03:02.336+05:30  WARN 13779 --- [           main] c.p.c.config_rules.ConfigService         : No match-weights config found — using defaults
2026-08-21T06:03:02.337+05:30  WARN 13779 --- [           main] c.p.c.config_rules.ConfigService         : No match-weights config found — using defaults
2026-08-21T06:03:02.337+05:30  WARN 13779 --- [           main] c.p.c.config_rules.ConfigService         : No match-weights config found — using defaults
2026-08-21T06:03:02.340+05:30  WARN 13779 --- [           main] c.p.c.config_rules.ConfigService         : No match-weights config found — using defaults
2026-08-21T06:03:02.340+05:30  WARN 13779 --- [           main] c.p.c.config_rules.ConfigService         : No match-weights config found — using defaults
2026-08-21T06:03:02.341+05:30  WARN 13779 --- [           main] c.p.c.config_rules.ConfigService         : No match-weights config found — using defaults
2026-08-21T06:03:02.342+05:30  WARN 13779 --- [           main] c.p.c.config_rules.ConfigService         : No match-weights config found — using defaults
2026-08-21T06:03:02.343+05:30  WARN 13779 --- [           main] c.p.c.config_rules.ConfigService         : No match-weights config found — using defaults
2026-08-21T06:03:02.343+05:30  WARN 13779 --- [           main] c.p.c.config_rules.ConfigService         : No match-weights config found — using defaults
2026-08-21T06:03:02.344+05:30  WARN 13779 --- [           main] c.p.c.config_rules.ConfigService         : No match-weights config found — using defaults
2026-08-21T06:03:02.344+05:30  WARN 13779 --- [           main] c.p.c.config_rules.ConfigService         : No match-weights config found — using defaults
2026-08-21T06:03:02.347+05:30  WARN 13779 --- [           main] c.p.c.config_rules.ConfigService         : No match-weights config found — using defaults
2026-08-21T06:03:02.347+05:30  WARN 13779 --- [           main] c.p.c.config_rules.ConfigService         : No match-weights config found — using defaults
2026-08-21T06:03:02.349+05:30  WARN 13779 --- [           main] c.p.c.config_rules.ConfigService         : No match-weights config found — using defaults
2026-08-21T06:03:02.349+05:30  WARN 13779 --- [           main] c.p.c.config_rules.ConfigService         : No match-weights config found — using defaults
2026-08-21T06:03:02.350+05:30  WARN 13779 --- [           main] c.p.c.config_rules.ConfigService         : No match-weights config found — using defaults
2026-08-21T06:03:02.350+05:30  WARN 13779 --- [           main] c.p.c.config_rules.ConfigService         : No match-weights config found — using defaults
2026-08-21T06:03:02.351+05:30  WARN 13779 --- [           main] c.p.c.config_rules.ConfigService         : No match-weights config found — using defaults
2026-08-21T06:03:02.351+05:30  WARN 13779 --- [           main] c.p.c.config_rules.ConfigService         : No match-weights config found — using defaults
2026-08-21T06:03:02.352+05:30  WARN 13779 --- [           main] c.p.c.config_rules.ConfigService         : No match-weights config found — using defaults
2026-08-21T06:03:02.353+05:30  WARN 13779 --- [           main] c.p.c.config_rules.ConfigService         : No match-weights config found — using defaults
2026-08-21T06:03:02.355+05:30  WARN 13779 --- [           main] c.p.c.config_rules.ConfigService         : No match-weights config found — using defaults
2026-08-21T06:03:02.355+05:30  WARN 13779 --- [           main] c.p.c.config_rules.ConfigService         : No match-weights config found — using defaults
2026-08-21T06:03:02.356+05:30  WARN 13779 --- [           main] c.p.c.config_rules.ConfigService         : No match-weights config found — using defaults
2026-08-21T06:03:02.356+05:30  WARN 13779 --- [           main] c.p.c.config_rules.ConfigService         : No match-weights config found — using defaults
2026-08-21T06:03:02.358+05:30  WARN 13779 --- [           main] c.p.c.config_rules.ConfigService         : No match-weights config found — using defaults
2026-08-21T06:03:02.358+05:30  WARN 13779 --- [           main] c.p.c.config_rules.ConfigService         : No match-weights config found — using defaults
2026-08-21T06:03:02.359+05:30  WARN 13779 --- [           main] c.p.c.config_rules.ConfigService         : No match-weights config found — using defaults
2026-08-21T06:03:02.359+05:30  WARN 13779 --- [           main] c.p.c.config_rules.ConfigService         : No match-weights config found — using defaults
2026-08-21T06:03:02.360+05:30  WARN 13779 --- [           main] c.p.c.config_rules.ConfigService         : No match-weights config found — using defaults
2026-08-21T06:03:02.360+05:30  WARN 13779 --- [           main] c.p.c.config_rules.ConfigService         : No match-weights config found — using defaults
2026-08-21T06:03:02.361+05:30  WARN 13779 --- [           main] c.p.c.config_rules.ConfigService         : No match-weights config found — using defaults
2026-08-21T06:03:02.361+05:30  WARN 13779 --- [           main] c.p.c.config_rules.ConfigService         : No match-weights config found — using defaults
2026-08-21T06:03:02.362+05:30  WARN 13779 --- [           main] c.p.c.config_rules.ConfigService         : No match-weights config found — using defaults
2026-08-21T06:03:02.362+05:30  WARN 13779 --- [           main] c.p.c.config_rules.ConfigService         : No match-weights config found — using defaults
2026-08-21T06:03:02.362+05:30  WARN 13779 --- [           main] c.p.c.config_rules.ConfigService         : No match-weights config found — using defaults
2026-08-21T06:03:02.362+05:30  WARN 13779 --- [           main] c.p.c.config_rules.ConfigService         : No match-weights config found — using defaults
2026-08-21T06:03:02.365+05:30  WARN 13779 --- [           main] c.p.c.config_rules.ConfigService         : No match-weights config found — using defaults
2026-08-21T06:03:02.365+05:30  WARN 13779 --- [           main] c.p.c.config_rules.ConfigService         : No match-weights config found — using defaults
2026-08-21T06:03:02.365+05:30  WARN 13779 --- [           main] c.p.c.config_rules.ConfigService         : No match-weights config found — using defaults
2026-08-21T06:03:02.365+05:30  WARN 13779 --- [           main] c.p.c.config_rules.ConfigService         : No match-weights config found — using defaults
2026-08-21T06:03:02.366+05:30  WARN 13779 --- [           main] c.p.c.config_rules.ConfigService         : No match-weights config found — using defaults
2026-08-21T06:03:02.366+05:30  WARN 13779 --- [           main] c.p.c.config_rules.ConfigService         : No match-weights config found — using defaults
2026-08-21T06:03:02.366+05:30  WARN 13779 --- [           main] c.p.c.config_rules.ConfigService         : No match-weights config found — using defaults
2026-08-21T06:03:02.366+05:30  WARN 13779 --- [           main] c.p.c.config_rules.ConfigService         : No match-weights config found — using defaults
2026-08-21T06:03:02.366+05:30  WARN 13779 --- [           main] c.p.c.config_rules.ConfigService         : No match-weights config found — using defaults
2026-08-21T06:03:02.366+05:30  WARN 13779 --- [           main] c.p.c.config_rules.ConfigService         : No match-weights config found — using defaults
2026-08-21T06:03:02.366+05:30  WARN 13779 --- [           main] c.p.c.config_rules.ConfigService         : No match-weights config found — using defaults
2026-08-21T06:03:02.367+05:30  WARN 13779 --- [           main] c.p.c.config_rules.ConfigService         : No match-weights config found — using defaults
2026-08-21T06:03:02.367+05:30  WARN 13779 --- [           main] c.p.c.config_rules.ConfigService         : No match-weights config found — using defaults
2026-08-21T06:03:02.367+05:30  WARN 13779 --- [           main] c.p.c.config_rules.ConfigService         : No match-weights config found — using defaults
2026-08-21T06:03:02.367+05:30  WARN 13779 --- [           main] c.p.c.config_rules.ConfigService         : No match-weights config found — using defaults
2026-08-21T06:03:02.367+05:30  WARN 13779 --- [           main] c.p.c.config_rules.ConfigService         : No match-weights config found — using defaults
2026-08-21T06:03:02.367+05:30  WARN 13779 --- [           main] c.p.c.config_rules.ConfigService         : No match-weights config found — using defaults
2026-08-21T06:03:02.367+05:30  WARN 13779 --- [           main] c.p.c.config_rules.ConfigService         : No match-weights config found — using defaults
2026-08-21T06:03:02.367+05:30  WARN 13779 --- [           main] c.p.c.config_rules.ConfigService         : No match-weights config found — using defaults
2026-08-21T06:03:02.367+05:30  WARN 13779 --- [           main] c.p.c.config_rules.ConfigService         : No match-weights config found — using defaults
2026-08-21T06:03:02.367+05:30  WARN 13779 --- [           main] c.p.c.config_rules.ConfigService         : No match-weights config found — using defaults
2026-08-21T06:03:02.368+05:30  WARN 13779 --- [           main] c.p.c.config_rules.ConfigService         : No match-weights config found — using defaults
2026-08-21T06:03:02.371+05:30  WARN 13779 --- [           main] c.p.c.config_rules.ConfigService         : No match-weights config found — using defaults
2026-08-21T06:03:02.371+05:30  WARN 13779 --- [           main] c.p.c.config_rules.ConfigService         : No match-weights config found — using defaults
2026-08-21T06:03:02.374+05:30  WARN 13779 --- [           main] c.p.c.config_rules.ConfigService         : No match-weights config found — using defaults
2026-08-21T06:03:02.374+05:30  WARN 13779 --- [           main] c.p.c.config_rules.ConfigService         : No match-weights config found — using defaults
2026-08-21T06:03:02.375+05:30  WARN 13779 --- [           main] c.p.c.config_rules.ConfigService         : No match-weights config found — using defaults
2026-08-21T06:03:02.376+05:30  WARN 13779 --- [           main] c.p.c.config_rules.ConfigService         : No match-weights config found — using defaults
2026-08-21T06:03:02.377+05:30  WARN 13779 --- [           main] c.p.c.config_rules.ConfigService         : No match-weights config found — using defaults
2026-08-21T06:03:02.377+05:30  WARN 13779 --- [           main] c.p.c.config_rules.ConfigService         : No match-weights config found — using defaults
2026-08-21T06:03:02.379+05:30  WARN 13779 --- [           main] c.p.c.config_rules.ConfigService         : No match-weights config found — using defaults
2026-08-21T06:03:02.379+05:30  WARN 13779 --- [           main] c.p.c.config_rules.ConfigService         : No match-weights config found — using defaults
2026-08-21T06:03:02.380+05:30  WARN 13779 --- [           main] c.p.c.config_rules.ConfigService         : No match-weights config found — using defaults
2026-08-21T06:03:02.380+05:30  WARN 13779 --- [           main] c.p.c.config_rules.ConfigService         : No match-weights config found — using defaults
2026-08-21T06:03:02.381+05:30  WARN 13779 --- [           main] c.p.c.config_rules.ConfigService         : No match-weights config found — using defaults
2026-08-21T06:03:02.381+05:30  WARN 13779 --- [           main] c.p.c.config_rules.ConfigService         : No match-weights config found — using defaults
2026-08-21T06:03:02.382+05:30  WARN 13779 --- [           main] c.p.c.config_rules.ConfigService         : No match-weights config found — using defaults
2026-08-21T06:03:02.382+05:30  WARN 13779 --- [           main] c.p.c.config_rules.ConfigService         : No match-weights config found — using defaults
2026-08-21T06:03:02.383+05:30  WARN 13779 --- [           main] c.p.c.config_rules.ConfigService         : No match-weights config found — using defaults
2026-08-21T06:03:02.384+05:30  WARN 13779 --- [           main] c.p.c.config_rules.ConfigService         : No match-weights config found — using defaults
2026-08-21T06:03:02.385+05:30  WARN 13779 --- [           main] c.p.c.config_rules.ConfigService         : No match-weights config found — using defaults
2026-08-21T06:03:02.385+05:30  WARN 13779 --- [           main] c.p.c.config_rules.ConfigService         : No match-weights config found — using defaults
2026-08-21T06:03:02.386+05:30  WARN 13779 --- [           main] c.p.c.config_rules.ConfigService         : No match-weights config found — using defaults
2026-08-21T06:03:02.386+05:30  WARN 13779 --- [           main] c.p.c.config_rules.ConfigService         : No match-weights config found — using defaults
2026-08-21T06:03:02.386+05:30  WARN 13779 --- [           main] c.p.c.config_rules.ConfigService         : No match-weights config found — using defaults
2026-08-21T06:03:02.387+05:30  WARN 13779 --- [           main] c.p.c.config_rules.ConfigService         : No match-weights config found — using defaults
2026-08-21T06:03:02.388+05:30  WARN 13779 --- [           main] c.p.c.config_rules.ConfigService         : No match-weights config found — using defaults
2026-08-21T06:03:02.388+05:30  WARN 13779 --- [           main] c.p.c.config_rules.ConfigService         : No match-weights config found — using defaults
2026-08-21T06:03:02.390+05:30  WARN 13779 --- [           main] c.p.c.config_rules.ConfigService         : No match-weights config found — using defaults
2026-08-21T06:03:02.390+05:30  WARN 13779 --- [           main] c.p.c.config_rules.ConfigService         : No match-weights config found — using defaults
2026-08-21T06:03:02.391+05:30  WARN 13779 --- [           main] c.p.c.config_rules.ConfigService         : No match-weights config found — using defaults
2026-08-21T06:03:02.391+05:30  WARN 13779 --- [           main] c.p.c.config_rules.ConfigService         : No match-weights config found — using defaults
2026-08-21T06:03:02.392+05:30  WARN 13779 --- [           main] c.p.c.config_rules.ConfigService         : No match-weights config found — using defaults
2026-08-21T06:03:02.392+05:30  WARN 13779 --- [           main] c.p.c.config_rules.ConfigService         : No match-weights config found — using defaults
2026-08-21T06:03:02.393+05:30  WARN 13779 --- [           main] c.p.c.config_rules.ConfigService         : No match-weights config found — using defaults
2026-08-21T06:03:02.393+05:30  WARN 13779 --- [           main] c.p.c.config_rules.ConfigService         : No match-weights config found — using defaults
2026-08-21T06:03:02.395+05:30  WARN 13779 --- [           main] c.p.c.config_rules.ConfigService         : No match-weights config found — using defaults
2026-08-21T06:03:02.395+05:30  WARN 13779 --- [           main] c.p.c.config_rules.ConfigService         : No match-weights config found — using defaults
2026-08-21T06:03:02.396+05:30  WARN 13779 --- [           main] c.p.c.config_rules.ConfigService         : No match-weights config found — using defaults
2026-08-21T06:03:02.396+05:30  WARN 13779 --- [           main] c.p.c.config_rules.ConfigService         : No match-weights config found — using defaults
2026-08-21T06:03:02.397+05:30  WARN 13779 --- [           main] c.p.c.config_rules.ConfigService         : No match-weights config found — using defaults
2026-08-21T06:03:02.397+05:30  WARN 13779 --- [           main] c.p.c.config_rules.ConfigService         : No match-weights config found — using defaults
2026-08-21T06:03:02.398+05:30  WARN 13779 --- [           main] c.p.c.config_rules.ConfigService         : No match-weights config found — using defaults
2026-08-21T06:03:02.398+05:30  WARN 13779 --- [           main] c.p.c.config_rules.ConfigService         : No match-weights config found — using defaults
2026-08-21T06:03:02.401+05:30  WARN 13779 --- [           main] c.p.c.config_rules.ConfigService         : No match-weights config found — using defaults
2026-08-21T06:03:02.401+05:30  WARN 13779 --- [           main] c.p.c.config_rules.ConfigService         : No match-weights config found — using defaults
2026-08-21T06:03:02.404+05:30  WARN 13779 --- [           main] c.p.c.config_rules.ConfigService         : No match-weights config found — using defaults
2026-08-21T06:03:02.404+05:30  WARN 13779 --- [           main] c.p.c.config_rules.ConfigService         : No match-weights config found — using defaults
2026-08-21T06:03:02.405+05:30  WARN 13779 --- [           main] c.p.c.config_rules.ConfigService         : No match-weights config found — using defaults
2026-08-21T06:03:02.405+05:30  WARN 13779 --- [           main] c.p.c.config_rules.ConfigService         : No match-weights config found — using defaults
2026-08-21T06:03:02.407+05:30  WARN 13779 --- [           main] c.p.c.config_rules.ConfigService         : No match-weights config found — using defaults
2026-08-21T06:03:02.407+05:30  WARN 13779 --- [           main] c.p.c.config_rules.ConfigService         : No match-weights config found — using defaults
2026-08-21T06:03:02.408+05:30  WARN 13779 --- [           main] c.p.c.config_rules.ConfigService         : No match-weights config found — using defaults
2026-08-21T06:03:02.408+05:30  WARN 13779 --- [           main] c.p.c.config_rules.ConfigService         : No match-weights config found — using defaults
2026-08-21T06:03:02.409+05:30  WARN 13779 --- [           main] c.p.c.config_rules.ConfigService         : No match-weights config found — using defaults
2026-08-21T06:03:02.409+05:30  WARN 13779 --- [           main] c.p.c.config_rules.ConfigService         : No match-weights config found — using defaults
2026-08-21T06:03:02.409+05:30  WARN 13779 --- [           main] c.p.c.config_rules.ConfigService         : No match-weights config found — using defaults
2026-08-21T06:03:02.410+05:30  WARN 13779 --- [           main] c.p.c.config_rules.ConfigService         : No match-weights config found — using defaults
2026-08-21T06:03:02.410+05:30  WARN 13779 --- [           main] c.p.c.config_rules.ConfigService         : No match-weights config found — using defaults
2026-08-21T06:03:02.410+05:30  WARN 13779 --- [           main] c.p.c.config_rules.ConfigService         : No match-weights config found — using defaults
2026-08-21T06:03:02.410+05:30  WARN 13779 --- [           main] c.p.c.config_rules.ConfigService         : No match-weights config found — using defaults
2026-08-21T06:03:02.410+05:30  WARN 13779 --- [           main] c.p.c.config_rules.ConfigService         : No match-weights config found — using defaults
2026-08-21T06:03:02.412+05:30  WARN 13779 --- [           main] c.p.c.config_rules.ConfigService         : No match-weights config found — using defaults
2026-08-21T06:03:02.412+05:30  WARN 13779 --- [           main] c.p.c.config_rules.ConfigService         : No match-weights config found — using defaults
2026-08-21T06:03:02.414+05:30  WARN 13779 --- [           main] c.p.c.config_rules.ConfigService         : No match-weights config found — using defaults
2026-08-21T06:03:02.414+05:30  WARN 13779 --- [           main] c.p.c.config_rules.ConfigService         : No match-weights config found — using defaults
2026-08-21T06:03:02.415+05:30  WARN 13779 --- [           main] c.p.c.config_rules.ConfigService         : No match-weights config found — using defaults
2026-08-21T06:03:02.415+05:30  WARN 13779 --- [           main] c.p.c.config_rules.ConfigService         : No match-weights config found — using defaults
2026-08-21T06:03:02.416+05:30  WARN 13779 --- [           main] c.p.c.config_rules.ConfigService         : No match-weights config found — using defaults
2026-08-21T06:03:02.416+05:30  WARN 13779 --- [           main] c.p.c.config_rules.ConfigService         : No match-weights config found — using defaults
2026-08-21T06:03:02.416+05:30  WARN 13779 --- [           main] c.p.c.config_rules.ConfigService         : No match-weights config found — using defaults
2026-08-21T06:03:02.417+05:30  WARN 13779 --- [           main] c.p.c.config_rules.ConfigService         : No match-weights config found — using defaults
2026-08-21T06:03:02.417+05:30  WARN 13779 --- [           main] c.p.c.config_rules.ConfigService         : No match-weights config found — using defaults
2026-08-21T06:03:02.417+05:30  WARN 13779 --- [           main] c.p.c.config_rules.ConfigService         : No match-weights config found — using defaults
2026-08-21T06:03:02.417+05:30  WARN 13779 --- [           main] c.p.c.config_rules.ConfigService         : No match-weights config found — using defaults
2026-08-21T06:03:02.417+05:30  WARN 13779 --- [           main] c.p.c.config_rules.ConfigService         : No match-weights config found — using defaults
2026-08-21T06:03:02.418+05:30  WARN 13779 --- [           main] c.p.c.config_rules.ConfigService         : No match-weights config found — using defaults
2026-08-21T06:03:02.418+05:30  WARN 13779 --- [           main] c.p.c.config_rules.ConfigService         : No match-weights config found — using defaults
2026-08-21T06:03:02.418+05:30  WARN 13779 --- [           main] c.p.c.config_rules.ConfigService         : No match-weights config found — using defaults
2026-08-21T06:03:02.418+05:30  WARN 13779 --- [           main] c.p.c.config_rules.ConfigService         : No match-weights config found — using defaults
2026-08-21T06:03:02.419+05:30  WARN 13779 --- [           main] c.p.c.config_rules.ConfigService         : No match-weights config found — using defaults
2026-08-21T06:03:02.419+05:30  WARN 13779 --- [           main] c.p.c.config_rules.ConfigService         : No match-weights config found — using defaults
2026-08-21T06:03:02.420+05:30  WARN 13779 --- [           main] c.p.c.config_rules.ConfigService         : No match-weights config found — using defaults
2026-08-21T06:03:02.420+05:30  WARN 13779 --- [           main] c.p.c.config_rules.ConfigService         : No match-weights config found — using defaults
2026-08-21T06:03:02.420+05:30  WARN 13779 --- [           main] c.p.c.config_rules.ConfigService         : No match-weights config found — using defaults
2026-08-21T06:03:02.420+05:30  WARN 13779 --- [           main] c.p.c.config_rules.ConfigService         : No match-weights config found — using defaults
2026-08-21T06:03:02.421+05:30  WARN 13779 --- [           main] c.p.c.config_rules.ConfigService         : No match-weights config found — using defaults
2026-08-21T06:03:02.421+05:30  WARN 13779 --- [           main] c.p.c.config_rules.ConfigService         : No match-weights config found — using defaults
2026-08-21T06:03:02.422+05:30  WARN 13779 --- [           main] c.p.c.config_rules.ConfigService         : No match-weights config found — using defaults
2026-08-21T06:03:02.422+05:30  WARN 13779 --- [           main] c.p.c.config_rules.ConfigService         : No match-weights config found — using defaults
2026-08-21T06:03:02.422+05:30  WARN 13779 --- [           main] c.p.c.config_rules.ConfigService         : No match-weights config found — using defaults
2026-08-21T06:03:02.422+05:30  WARN 13779 --- [           main] c.p.c.config_rules.ConfigService         : No match-weights config found — using defaults
2026-08-21T06:03:02.422+05:30  WARN 13779 --- [           main] c.p.c.config_rules.ConfigService         : No match-weights config found — using defaults
2026-08-21T06:03:02.422+05:30  WARN 13779 --- [           main] c.p.c.config_rules.ConfigService         : No match-weights config found — using defaults
2026-08-21T06:03:02.424+05:30  WARN 13779 --- [           main] c.p.c.config_rules.ConfigService         : No match-weights config found — using defaults
2026-08-21T06:03:02.425+05:30  WARN 13779 --- [           main] c.p.c.config_rules.ConfigService         : No match-weights config found — using defaults
2026-08-21T06:03:02.425+05:30  WARN 13779 --- [           main] c.p.c.config_rules.ConfigService         : No match-weights config found — using defaults
2026-08-21T06:03:02.425+05:30  WARN 13779 --- [           main] c.p.c.config_rules.ConfigService         : No match-weights config found — using defaults
2026-08-21T06:03:02.427+05:30  WARN 13779 --- [           main] c.p.c.config_rules.ConfigService         : No match-weights config found — using defaults
2026-08-21T06:03:02.427+05:30  WARN 13779 --- [           main] c.p.c.config_rules.ConfigService         : No match-weights config found — using defaults
2026-08-21T06:03:02.429+05:30  WARN 13779 --- [           main] c.p.c.config_rules.ConfigService         : No match-weights config found — using defaults
2026-08-21T06:03:02.429+05:30  WARN 13779 --- [           main] c.p.c.config_rules.ConfigService         : No match-weights config found — using defaults
2026-08-21T06:03:02.430+05:30  WARN 13779 --- [           main] c.p.c.config_rules.ConfigService         : No match-weights config found — using defaults
[...]
2026-08-21T06:03:03.634+05:30  WARN 13779 --- [           main] c.p.c.config_rules.ConfigService         : No match-weights config found — using defaults
2026-08-21T06:03:03.634+05:30  WARN 13779 --- [           main] c.p.c.config_rules.ConfigService         : No match-weights config found — using defaults
2026-08-21T06:03:03.634+05:30  WARN 13779 --- [           main] c.p.c.config_rules.ConfigService         : No match-weights config found — using defaults
2026-08-21T06:03:03.634+05:30  WARN 13779 --- [           main] c.p.c.config_rules.ConfigService         : No match-weights config found — using defaults
2026-08-21T06:03:03.636+05:30  WARN 13779 --- [           main] c.p.c.config_rules.ConfigService         : No match-weights config found — using defaults
2026-08-21T06:03:03.636+05:30  WARN 13779 --- [           main] c.p.c.config_rules.ConfigService         : No match-weights config found — using defaults
2026-08-21T06:03:03.637+05:30  WARN 13779 --- [           main] c.p.c.config_rules.ConfigService         : No match-weights config found — using defaults
2026-08-21T06:03:03.637+05:30  WARN 13779 --- [           main] c.p.c.config_rules.ConfigService         : No match-weights config found — using defaults
2026-08-21T06:03:03.640+05:30  WARN 13779 --- [           main] c.p.c.config_rules.ConfigService         : No match-weights config found — using defaults
2026-08-21T06:03:03.640+05:30  WARN 13779 --- [           main] c.p.c.config_rules.ConfigService         : No match-weights config found — using defaults
2026-08-21T06:03:03.640+05:30  WARN 13779 --- [           main] c.p.c.config_rules.ConfigService         : No match-weights config found — using defaults
2026-08-21T06:03:03.640+05:30  WARN 13779 --- [           main] c.p.c.config_rules.ConfigService         : No match-weights config found — using defaults
2026-08-21T06:03:03.643+05:30  WARN 13779 --- [           main] c.p.c.config_rules.ConfigService         : No match-weights config found — using defaults
2026-08-21T06:03:03.643+05:30  WARN 13779 --- [           main] c.p.c.config_rules.ConfigService         : No match-weights config found — using defaults
2026-08-21T06:03:03.645+05:30  WARN 13779 --- [           main] c.p.c.config_rules.ConfigService         : No match-weights config found — using defaults
2026-08-21T06:03:03.645+05:30  WARN 13779 --- [           main] c.p.c.config_rules.ConfigService         : No match-weights config found — using defaults
2026-08-21T06:03:03.646+05:30  WARN 13779 --- [           main] c.p.c.config_rules.ConfigService         : No match-weights config found — using defaults
2026-08-21T06:03:03.646+05:30  WARN 13779 --- [           main] c.p.c.config_rules.ConfigService         : No match-weights config found — using defaults
2026-08-21T06:03:03.646+05:30  WARN 13779 --- [           main] c.p.c.config_rules.ConfigService         : No match-weights config found — using defaults
2026-08-21T06:03:03.646+05:30  WARN 13779 --- [           main] c.p.c.config_rules.ConfigService         : No match-weights config found — using defaults
2026-08-21T06:03:03.647+05:30  WARN 13779 --- [           main] c.p.c.config_rules.ConfigService         : No match-weights config found — using defaults
2026-08-21T06:03:03.647+05:30  WARN 13779 --- [           main] c.p.c.config_rules.ConfigService         : No match-weights config found — using defaults
2026-08-21T06:03:03.648+05:30  WARN 13779 --- [           main] c.p.c.config_rules.ConfigService         : No match-weights config found — using defaults
2026-08-21T06:03:03.648+05:30  WARN 13779 --- [           main] c.p.c.config_rules.ConfigService         : No match-weights config found — using defaults
2026-08-21T06:03:03.648+05:30  WARN 13779 --- [           main] c.p.c.config_rules.ConfigService         : No match-weights config found — using defaults
2026-08-21T06:03:03.648+05:30  WARN 13779 --- [           main] c.p.c.config_rules.ConfigService         : No match-weights config found — using defaults
2026-08-21T06:03:03.651+05:30  WARN 13779 --- [           main] c.p.c.config_rules.ConfigService         : No match-weights config found — using defaults
2026-08-21T06:03:03.651+05:30  WARN 13779 --- [           main] c.p.c.config_rules.ConfigService         : No match-weights config found — using defaults
2026-08-21T06:03:03.652+05:30  WARN 13779 --- [           main] c.p.c.config_rules.ConfigService         : No match-weights config found — using defaults
2026-08-21T06:03:03.652+05:30  WARN 13779 --- [           main] c.p.c.config_rules.ConfigService         : No match-weights config found — using defaults
2026-08-21T06:03:03.655+05:30  WARN 13779 --- [           main] c.p.c.config_rules.ConfigService         : No match-weights config found — using defaults
2026-08-21T06:03:03.655+05:30  WARN 13779 --- [           main] c.p.c.config_rules.ConfigService         : No match-weights config found — using defaults
2026-08-21T06:03:03.656+05:30  WARN 13779 --- [           main] c.p.c.config_rules.ConfigService         : No match-weights config found — using defaults
2026-08-21T06:03:03.656+05:30  WARN 13779 --- [           main] c.p.c.config_rules.ConfigService         : No match-weights config found — using defaults
2026-08-21T06:03:03.657+05:30  WARN 13779 --- [           main] c.p.c.config_rules.ConfigService         : No match-weights config found — using defaults
2026-08-21T06:03:03.657+05:30  WARN 13779 --- [           main] c.p.c.config_rules.ConfigService         : No match-weights config found — using defaults
2026-08-21T06:03:03.661+05:30  WARN 13779 --- [           main] c.p.c.config_rules.ConfigService         : No match-weights config found — using defaults
2026-08-21T06:03:03.661+05:30  WARN 13779 --- [           main] c.p.c.config_rules.ConfigService         : No match-weights config found — using defaults
2026-08-21T06:03:03.662+05:30  WARN 13779 --- [           main] c.p.c.config_rules.ConfigService         : No match-weights config found — using defaults
2026-08-21T06:03:03.662+05:30  WARN 13779 --- [           main] c.p.c.config_rules.ConfigService         : No match-weights config found — using defaults
2026-08-21T06:03:03.664+05:30  WARN 13779 --- [           main] c.p.c.config_rules.ConfigService         : No match-weights config found — using defaults
2026-08-21T06:03:03.664+05:30  WARN 13779 --- [           main] c.p.c.config_rules.ConfigService         : No match-weights config found — using defaults
2026-08-21T06:03:03.665+05:30  WARN 13779 --- [           main] c.p.c.config_rules.ConfigService         : No match-weights config found — using defaults
2026-08-21T06:03:03.665+05:30  WARN 13779 --- [           main] c.p.c.config_rules.ConfigService         : No match-weights config found — using defaults
2026-08-21T06:03:03.668+05:30  WARN 13779 --- [           main] c.p.c.config_rules.ConfigService         : No match-weights config found — using defaults
2026-08-21T06:03:03.668+05:30  WARN 13779 --- [           main] c.p.c.config_rules.ConfigService         : No match-weights config found — using defaults
2026-08-21T06:03:03.668+05:30  WARN 13779 --- [           main] c.p.c.config_rules.ConfigService         : No match-weights config found — using defaults
2026-08-21T06:03:03.668+05:30  WARN 13779 --- [           main] c.p.c.config_rules.ConfigService         : No match-weights config found — using defaults
2026-08-21T06:03:03.671+05:30  WARN 13779 --- [           main] c.p.c.config_rules.ConfigService         : No match-weights config found — using defaults
2026-08-21T06:03:03.671+05:30  WARN 13779 --- [           main] c.p.c.config_rules.ConfigService         : No match-weights config found — using defaults
2026-08-21T06:03:03.672+05:30  WARN 13779 --- [           main] c.p.c.config_rules.ConfigService         : No match-weights config found — using defaults
2026-08-21T06:03:03.672+05:30  WARN 13779 --- [           main] c.p.c.config_rules.ConfigService         : No match-weights config found — using defaults
2026-08-21T06:03:03.675+05:30  WARN 13779 --- [           main] c.p.c.config_rules.ConfigService         : No match-weights config found — using defaults
2026-08-21T06:03:03.675+05:30  WARN 13779 --- [           main] c.p.c.config_rules.ConfigService         : No match-weights config found — using defaults
2026-08-21T06:03:03.676+05:30  WARN 13779 --- [           main] c.p.c.config_rules.ConfigService         : No match-weights config found — using defaults
2026-08-21T06:03:03.676+05:30  WARN 13779 --- [           main] c.p.c.config_rules.ConfigService         : No match-weights config found — using defaults
2026-08-21T06:03:03.678+05:30  WARN 13779 --- [           main] c.p.c.config_rules.ConfigService         : No match-weights config found — using defaults
2026-08-21T06:03:03.678+05:30  WARN 13779 --- [           main] c.p.c.config_rules.ConfigService         : No match-weights config found — using defaults
2026-08-21T06:03:03.679+05:30  WARN 13779 --- [           main] c.p.c.config_rules.ConfigService         : No match-weights config found — using defaults
2026-08-21T06:03:03.679+05:30  WARN 13779 --- [           main] c.p.c.config_rules.ConfigService         : No match-weights config found — using defaults
2026-08-21T06:03:03.681+05:30  WARN 13779 --- [           main] c.p.c.config_rules.ConfigService         : No match-weights config found — using defaults
2026-08-21T06:03:03.682+05:30  WARN 13779 --- [           main] c.p.c.config_rules.ConfigService         : No match-weights config found — using defaults
2026-08-21T06:03:03.682+05:30  WARN 13779 --- [           main] c.p.c.config_rules.ConfigService         : No match-weights config found — using defaults
2026-08-21T06:03:03.682+05:30  WARN 13779 --- [           main] c.p.c.config_rules.ConfigService         : No match-weights config found — using defaults
2026-08-21T06:03:03.683+05:30  WARN 13779 --- [           main] c.p.c.config_rules.ConfigService         : No match-weights config found — using defaults
2026-08-21T06:03:03.683+05:30  WARN 13779 --- [           main] c.p.c.config_rules.ConfigService         : No match-weights config found — using defaults
2026-08-21T06:03:03.684+05:30  WARN 13779 --- [           main] c.p.c.config_rules.ConfigService         : No match-weights config found — using defaults
2026-08-21T06:03:03.684+05:30  WARN 13779 --- [           main] c.p.c.config_rules.ConfigService         : No match-weights config found — using defaults
2026-08-21T06:03:03.685+05:30  WARN 13779 --- [           main] c.p.c.config_rules.ConfigService         : No match-weights config found — using defaults
2026-08-21T06:03:03.685+05:30  WARN 13779 --- [           main] c.p.c.config_rules.ConfigService         : No match-weights config found — using defaults
2026-08-21T06:03:03.687+05:30  WARN 13779 --- [           main] c.p.c.config_rules.ConfigService         : No match-weights config found — using defaults
2026-08-21T06:03:03.687+05:30  WARN 13779 --- [           main] c.p.c.config_rules.ConfigService         : No match-weights config found — using defaults
2026-08-21T06:03:03.689+05:30  WARN 13779 --- [           main] c.p.c.config_rules.ConfigService         : No match-weights config found — using defaults
2026-08-21T06:03:03.689+05:30  WARN 13779 --- [           main] c.p.c.config_rules.ConfigService         : No match-weights config found — using defaults
2026-08-21T06:03:03.690+05:30  WARN 13779 --- [           main] c.p.c.config_rules.ConfigService         : No match-weights config found — using defaults
2026-08-21T06:03:03.690+05:30  WARN 13779 --- [           main] c.p.c.config_rules.ConfigService         : No match-weights config found — using defaults
2026-08-21T06:03:03.692+05:30  WARN 13779 --- [           main] c.p.c.config_rules.ConfigService         : No match-weights config found — using defaults
2026-08-21T06:03:03.692+05:30  WARN 13779 --- [           main] c.p.c.config_rules.ConfigService         : No match-weights config found — using defaults
2026-08-21T06:03:03.694+05:30  WARN 13779 --- [           main] c.p.c.config_rules.ConfigService         : No match-weights config found — using defaults
2026-08-21T06:03:03.694+05:30  WARN 13779 --- [           main] c.p.c.config_rules.ConfigService         : No match-weights config found — using defaults
2026-08-21T06:03:03.696+05:30  WARN 13779 --- [           main] c.p.c.config_rules.ConfigService         : No match-weights config found — using defaults
2026-08-21T06:03:03.696+05:30  WARN 13779 --- [           main] c.p.c.config_rules.ConfigService         : No match-weights config found — using defaults
2026-08-21T06:03:03.699+05:30  WARN 13779 --- [           main] c.p.c.config_rules.ConfigService         : No match-weights config found — using defaults
2026-08-21T06:03:03.699+05:30  WARN 13779 --- [           main] c.p.c.config_rules.ConfigService         : No match-weights config found — using defaults
2026-08-21T06:03:03.701+05:30  WARN 13779 --- [           main] c.p.c.config_rules.ConfigService         : No match-weights config found — using defaults
2026-08-21T06:03:03.702+05:30  WARN 13779 --- [           main] c.p.c.config_rules.ConfigService         : No match-weights config found — using defaults
2026-08-21T06:03:03.705+05:30  WARN 13779 --- [           main] c.p.c.config_rules.ConfigService         : No match-weights config found — using defaults
2026-08-21T06:03:03.705+05:30  WARN 13779 --- [           main] c.p.c.config_rules.ConfigService         : No match-weights config found — using defaults
2026-08-21T06:03:03.707+05:30  WARN 13779 --- [           main] c.p.c.config_rules.ConfigService         : No match-weights config found — using defaults
2026-08-21T06:03:03.707+05:30  WARN 13779 --- [           main] c.p.c.config_rules.ConfigService         : No match-weights config found — using defaults
2026-08-21T06:03:03.710+05:30  WARN 13779 --- [           main] c.p.c.config_rules.ConfigService         : No match-weights config found — using defaults
2026-08-21T06:03:03.710+05:30  WARN 13779 --- [           main] c.p.c.config_rules.ConfigService         : No match-weights config found — using defaults
2026-08-21T06:03:03.712+05:30  WARN 13779 --- [           main] c.p.c.config_rules.ConfigService         : No match-weights config found — using defaults
2026-08-21T06:03:03.712+05:30  WARN 13779 --- [           main] c.p.c.config_rules.ConfigService         : No match-weights config found — using defaults
2026-08-21T06:03:03.715+05:30  WARN 13779 --- [           main] c.p.c.config_rules.ConfigService         : No match-weights config found — using defaults
2026-08-21T06:03:03.715+05:30  WARN 13779 --- [           main] c.p.c.config_rules.ConfigService         : No match-weights config found — using defaults
2026-08-21T06:03:03.717+05:30  WARN 13779 --- [           main] c.p.c.config_rules.ConfigService         : No match-weights config found — using defaults
2026-08-21T06:03:03.717+05:30  WARN 13779 --- [           main] c.p.c.config_rules.ConfigService         : No match-weights config found — using defaults
2026-08-21T06:03:03.720+05:30  WARN 13779 --- [           main] c.p.c.config_rules.ConfigService         : No match-weights config found — using defaults
2026-08-21T06:03:03.720+05:30  WARN 13779 --- [           main] c.p.c.config_rules.ConfigService         : No match-weights config found — using defaults
2026-08-21T06:03:03.721+05:30  WARN 13779 --- [           main] c.p.c.config_rules.ConfigService         : No match-weights config found — using defaults
2026-08-21T06:03:03.721+05:30  WARN 13779 --- [           main] c.p.c.config_rules.ConfigService         : No match-weights config found — using defaults
2026-08-21T06:03:03.721+05:30  WARN 13779 --- [           main] c.p.c.config_rules.ConfigService         : No match-weights config found — using defaults
2026-08-21T06:03:03.721+05:30  WARN 13779 --- [           main] c.p.c.config_rules.ConfigService         : No match-weights config found — using defaults
2026-08-21T06:03:03.722+05:30  WARN 13779 --- [           main] c.p.c.config_rules.ConfigService         : No match-weights config found — using defaults
2026-08-21T06:03:03.722+05:30  WARN 13779 --- [           main] c.p.c.config_rules.ConfigService         : No match-weights config found — using defaults
2026-08-21T06:03:03.724+05:30  WARN 13779 --- [           main] c.p.c.config_rules.ConfigService         : No match-weights config found — using defaults
2026-08-21T06:03:03.724+05:30  WARN 13779 --- [           main] c.p.c.config_rules.ConfigService         : No match-weights config found — using defaults
2026-08-21T06:03:03.725+05:30  WARN 13779 --- [           main] c.p.c.config_rules.ConfigService         : No match-weights config found — using defaults
2026-08-21T06:03:03.725+05:30  WARN 13779 --- [           main] c.p.c.config_rules.ConfigService         : No match-weights config found — using defaults
2026-08-21T06:03:03.726+05:30  WARN 13779 --- [           main] c.p.c.config_rules.ConfigService         : No match-weights config found — using defaults
2026-08-21T06:03:03.726+05:30  WARN 13779 --- [           main] c.p.c.config_rules.ConfigService         : No match-weights config found — using defaults
2026-08-21T06:03:03.726+05:30  WARN 13779 --- [           main] c.p.c.config_rules.ConfigService         : No match-weights config found — using defaults
2026-08-21T06:03:03.726+05:30  WARN 13779 --- [           main] c.p.c.config_rules.ConfigService         : No match-weights config found — using defaults
2026-08-21T06:03:03.726+05:30  WARN 13779 --- [           main] c.p.c.config_rules.ConfigService         : No match-weights config found — using defaults
2026-08-21T06:03:03.727+05:30  WARN 13779 --- [           main] c.p.c.config_rules.ConfigService         : No match-weights config found — using defaults
2026-08-21T06:03:03.729+05:30  WARN 13779 --- [           main] c.p.c.config_rules.ConfigService         : No match-weights config found — using defaults
2026-08-21T06:03:03.729+05:30  WARN 13779 --- [           main] c.p.c.config_rules.ConfigService         : No match-weights config found — using defaults
2026-08-21T06:03:03.730+05:30  WARN 13779 --- [           main] c.p.c.config_rules.ConfigService         : No match-weights config found — using defaults
2026-08-21T06:03:03.730+05:30  WARN 13779 --- [           main] c.p.c.config_rules.ConfigService         : No match-weights config found — using defaults
2026-08-21T06:03:03.730+05:30  WARN 13779 --- [           main] c.p.c.config_rules.ConfigService         : No match-weights config found — using defaults
2026-08-21T06:03:03.733+05:30  WARN 13779 --- [           main] c.p.c.config_rules.ConfigService         : No match-weights config found — using defaults
2026-08-21T06:03:03.734+05:30  WARN 13779 --- [           main] c.p.c.config_rules.ConfigService         : No match-weights config found — using defaults
2026-08-21T06:03:03.734+05:30  WARN 13779 --- [           main] c.p.c.config_rules.ConfigService         : No match-weights config found — using defaults
2026-08-21T06:03:03.735+05:30  WARN 13779 --- [           main] c.p.c.config_rules.ConfigService         : No match-weights config found — using defaults
2026-08-21T06:03:03.735+05:30  WARN 13779 --- [           main] c.p.c.config_rules.ConfigService         : No match-weights config found — using defaults
2026-08-21T06:03:03.738+05:30  WARN 13779 --- [           main] c.p.c.config_rules.ConfigService         : No match-weights config found — using defaults
2026-08-21T06:03:03.738+05:30  WARN 13779 --- [           main] c.p.c.config_rules.ConfigService         : No match-weights config found — using defaults
2026-08-21T06:03:03.781+05:30  INFO 13779 --- [           main] c.p.c.ingestion.IngestionService         : Pipeline rebuild complete: evaluated 336 record pairs, created 21 golden customers.
]]></system-out>
  </testcase>
</testsuite>