<?xml version="1.0" encoding="UTF-8"?>
<testsuite xmlns:xsi="http://www.w3.org/2001/XMLSchema-instance" xsi:noNamespaceSchemaLocation="https://maven.apache.org/surefire/maven-surefire-plugin/xsd/surefire-test-report-3.0.xsd" version="3.0" name="com.ps04.customer360.e2e.ReviewControllerE2ETest" time="2.695" tests="3" errors="0" skipped="0" failures="0">
  <properties>
[...]
</properties>
  <testcase name="getReviewQueue_asRm_returns403" classname="com.ps04.customer360.e2e.ReviewControllerE2ETest" time="0.929">
    <system-out><![CDATA[2026-08-20T15:46:38.355+05:30  INFO 82922 --- [           main] t.c.s.AnnotationConfigContextLoaderUtils : Could not detect default configuration classes for test class [com.ps04.customer360.e2e.ReviewControllerE2ETest]: ReviewControllerE2ETest does not declare any static, non-private, non-final, nested classes annotated with @Configuration.
2026-08-20T15:46:38.356+05:30  INFO 82922 --- [           main] .b.t.c.SpringBootTestContextBootstrapper : Found @SpringBootConfiguration com.ps04.customer360.Customer360Application for test class com.ps04.customer360.e2e.ReviewControllerE2ETest
2026-08-20T15:46:38.358+05:30  INFO 82922 --- [       Thread-3] d.f.e.m.s.autoconfigure.EmbeddedMongo    : {"t":{"$date":"2026-08-20T15:46:38.358+05:30"},"s":"I",  "c":"COMMAND",  "id":20337,   "ctx":"conn3","msg":"dropDatabase - starting","attr":{"db":"customer360_test"}}
2026-08-20T15:46:38.358+05:30  INFO 82922 --- [       Thread-3] d.f.e.m.s.autoconfigure.EmbeddedMongo    : {"t":{"$date":"2026-08-20T15:46:38.358+05:30"},"s":"I",  "c":"COMMAND",  "id":20338,   "ctx":"conn3","msg":"dropDatabase - dropping collection","attr":{"db":"customer360_test","namespace":"customer360_test.audit_log"}}
2026-08-20T15:46:38.358+05:30  INFO 82922 --- [       Thread-3] d.f.e.m.s.autoconfigure.EmbeddedMongo    : {"t":{"$date":"2026-08-20T15:46:38.358+05:30"},"s":"I",  "c":"COMMAND",  "id":20338,   "ctx":"conn3","msg":"dropDatabase - dropping collection","attr":{"db":"customer360_test","namespace":"customer360_test.raw_equity_customers"}}
2026-08-20T15:46:38.358+05:30  INFO 82922 --- [       Thread-3] d.f.e.m.s.autoconfigure.EmbeddedMongo    : {"t":{"$date":"2026-08-20T15:46:38.358+05:30"},"s":"I",  "c":"COMMAND",  "id":20338,   "ctx":"conn3","msg":"dropDatabase - dropping collection","attr":{"db":"customer360_test","namespace":"customer360_test.golden_customer_links"}}
2026-08-20T15:46:38.358+05:30  INFO 82922 --- [       Thread-3] d.f.e.m.s.autoconfigure.EmbeddedMongo    : {"t":{"$date":"2026-08-20T15:46:38.358+05:30"},"s":"I",  "c":"COMMAND",  "id":20338,   "ctx":"conn3","msg":"dropDatabase - dropping collection","attr":{"db":"customer360_test","namespace":"customer360_test.users"}}
2026-08-20T15:46:38.358+05:30  INFO 82922 --- [       Thread-3] d.f.e.m.s.autoconfigure.EmbeddedMongo    : {"t":{"$date":"2026-08-20T15:46:38.358+05:30"},"s":"I",  "c":"COMMAND",  "id":20338,   "ctx":"conn3","msg":"dropDatabase - dropping collection","attr":{"db":"customer360_test","namespace":"customer360_test.raw_mutual_fund_customers"}}
2026-08-20T15:46:38.358+05:30  INFO 82922 --- [       Thread-3] d.f.e.m.s.autoconfigure.EmbeddedMongo    : {"t":{"$date":"2026-08-20T15:46:38.358+05:30"},"s":"I",  "c":"COMMAND",  "id":20338,   "ctx":"conn3","msg":"dropDatabase - dropping collection","attr":{"db":"customer360_test","namespace":"customer360_test.conflict_queue"}}
2026-08-20T15:46:38.358+05:30  INFO 82922 --- [       Thread-3] d.f.e.m.s.autoconfigure.EmbeddedMongo    : {"t":{"$date":"2026-08-20T15:46:38.358+05:30"},"s":"I",  "c":"COMMAND",  "id":20338,   "ctx":"conn3","msg":"dropDatabase - dropping collection","attr":{"db":"customer360_test","namespace":"customer360_test.golden_customers"}}
2026-08-20T15:46:38.358+05:30  INFO 82922 --- [       Thread-3] d.f.e.m.s.autoconfigure.EmbeddedMongo    : {"t":{"$date":"2026-08-20T15:46:38.358+05:30"},"s":"I",  "c":"COMMAND",  "id":20338,   "ctx":"conn3","msg":"dropDatabase - dropping collection","attr":{"db":"customer360_test","namespace":"customer360_test.raw_wealth_customers"}}
2026-08-20T15:46:38.358+05:30  INFO 82922 --- [       Thread-3] d.f.e.m.s.autoconfigure.EmbeddedMongo    : {"t":{"$date":"2026-08-20T15:46:38.358+05:30"},"s":"I",  "c":"COMMAND",  "id":20338,   "ctx":"conn3","msg":"dropDatabase - dropping collection","attr":{"db":"customer360_test","namespace":"customer360_test.raw_insurance_customers"}}
2026-08-20T15:46:38.358+05:30  INFO 82922 --- [       Thread-3] d.f.e.m.s.autoconfigure.EmbeddedMongo    : {"t":{"$date":"2026-08-20T15:46:38.358+05:30"},"s":"I",  "c":"COMMAND",  "id":20338,   "ctx":"conn3","msg":"dropDatabase - dropping collection","attr":{"db":"customer360_test","namespace":"customer360_test.raw_loan_customers"}}
2026-08-20T15:46:38.358+05:30  INFO 82922 --- [       Thread-3] d.f.e.m.s.autoconfigure.EmbeddedMongo    : {"t":{"$date":"2026-08-20T15:46:38.358+05:30"},"s":"I",  "c":"REPL",     "id":7360105, "ctx":"conn3","msg":"Wrote oplog entry for dropDatabase","attr":{"namespace":"customer360_test.$cmd","opTime":{"ts":{"$timestamp":{"t":0,"i":0}},"t":-1},"object":{"dropDatabase":1}}}
2026-08-20T15:46:38.358+05:30  INFO 82922 --- [       Thread-3] d.f.e.m.s.autoconfigure.EmbeddedMongo    : {"t":{"$date":"2026-08-20T15:46:38.358+05:30"},"s":"I",  "c":"STORAGE",  "id":22206,   "ctx":"conn3","msg":"Deferring table drop for index","attr":{"index":"_id_","namespace":"customer360_test.audit_log","uuid":{"uuid":{"$uuid":"1df0d57a-b6a6-4139-b24e-4c22614bf2d1"}},"ident":"index-84--7819123142730598606","commitTimestamp":{"$timestamp":{"t":0,"i":0}}}}
2026-08-20T15:46:38.358+05:30  INFO 82922 --- [       Thread-3] d.f.e.m.s.autoconfigure.EmbeddedMongo    : {"t":{"$date":"2026-08-20T15:46:38.358+05:30"},"s":"I",  "c":"STORAGE",  "id":22214,   "ctx":"conn3","msg":"Deferring table drop for collection","attr":{"namespace":"customer360_test.audit_log","ident":"collection-83--7819123142730598606","commitTimestamp":{"$timestamp":{"t":0,"i":0}}}}
2026-08-20T15:46:38.358+05:30  INFO 82922 --- [       Thread-3] d.f.e.m.s.autoconfigure.EmbeddedMongo    : {"t":{"$date":"2026-08-20T15:46:38.358+05:30"},"s":"I",  "c":"STORAGE",  "id":22206,   "ctx":"conn3","msg":"Deferring table drop for index","attr":{"index":"_id_","namespace":"customer360_test.raw_equity_customers","uuid":{"uuid":{"$uuid":"28581939-751c-4868-a51e-70b73467f92e"}},"ident":"index-70--7819123142730598606","commitTimestamp":{"$timestamp":{"t":0,"i":0}}}}
2026-08-20T15:46:38.358+05:30  INFO 82922 --- [       Thread-3] d.f.e.m.s.autoconfigure.EmbeddedMongo    : {"t":{"$date":"2026-08-20T15:46:38.358+05:30"},"s":"I",  "c":"STORAGE",  "id":22214,   "ctx":"conn3","msg":"Deferring table drop for collection","attr":{"namespace":"customer360_test.raw_equity_customers","ident":"collection-69--7819123142730598606","commitTimestamp":{"$timestamp":{"t":0,"i":0}}}}
2026-08-20T15:46:38.358+05:30  INFO 82922 --- [       Thread-3] d.f.e.m.s.autoconfigure.EmbeddedMongo    : {"t":{"$date":"2026-08-20T15:46:38.358+05:30"},"s":"I",  "c":"STORAGE",  "id":22206,   "ctx":"conn3","msg":"Deferring table drop for index","attr":{"index":"_id_","namespace":"customer360_test.golden_customer_links","uuid":{"uuid":{"$uuid":"2df560c8-2fc8-4d78-a407-fbf5fac61c2f"}},"ident":"index-82--7819123142730598606","commitTimestamp":{"$timestamp":{"t":0,"i":0}}}}
2026-08-20T15:46:38.358+05:30  INFO 82922 --- [       Thread-3] d.f.e.m.s.autoconfigure.EmbeddedMongo    : {"t":{"$date":"2026-08-20T15:46:38.358+05:30"},"s":"I",  "c":"STORAGE",  "id":22214,   "ctx":"conn3","msg":"Deferring table drop for collection","attr":{"namespace":"customer360_test.golden_customer_links","ident":"collection-81--7819123142730598606","commitTimestamp":{"$timestamp":{"t":0,"i":0}}}}
2026-08-20T15:46:38.358+05:30  INFO 82922 --- [       Thread-3] d.f.e.m.s.autoconfigure.EmbeddedMongo    : {"t":{"$date":"2026-08-20T15:46:38.358+05:30"},"s":"I",  "c":"STORAGE",  "id":22206,   "ctx":"conn3","msg":"Deferring table drop for index","attr":{"index":"_id_","namespace":"customer360_test.users","uuid":{"uuid":{"$uuid":"511adbf5-0bda-42f1-be4a-fbf6e2caba54"}},"ident":"index-68--7819123142730598606","commitTimestamp":{"$timestamp":{"t":0,"i":0}}}}
2026-08-20T15:46:38.358+05:30  INFO 82922 --- [       Thread-3] d.f.e.m.s.autoconfigure.EmbeddedMongo    : {"t":{"$date":"2026-08-20T15:46:38.358+05:30"},"s":"I",  "c":"STORAGE",  "id":22214,   "ctx":"conn3","msg":"Deferring table drop for collection","attr":{"namespace":"customer360_test.users","ident":"collection-67--7819123142730598606","commitTimestamp":{"$timestamp":{"t":0,"i":0}}}}
2026-08-20T15:46:38.358+05:30  INFO 82922 --- [       Thread-3] d.f.e.m.s.autoconfigure.EmbeddedMongo    : {"t":{"$date":"2026-08-20T15:46:38.358+05:30"},"s":"I",  "c":"STORAGE",  "id":22206,   "ctx":"conn3","msg":"Deferring table drop for index","attr":{"index":"_id_","namespace":"customer360_test.raw_mutual_fund_customers","uuid":{"uuid":{"$uuid":"51746641-1e08-4464-a1a5-06160ff31083"}},"ident":"index-76--7819123142730598606","commitTimestamp":{"$timestamp":{"t":0,"i":0}}}}
2026-08-20T15:46:38.358+05:30  INFO 82922 --- [       Thread-3] d.f.e.m.s.autoconfigure.EmbeddedMongo    : {"t":{"$date":"2026-08-20T15:46:38.358+05:30"},"s":"I",  "c":"STORAGE",  "id":22214,   "ctx":"conn3","msg":"Deferring table drop for collection","attr":{"namespace":"customer360_test.raw_mutual_fund_customers","ident":"collection-75--7819123142730598606","commitTimestamp":{"$timestamp":{"t":0,"i":0}}}}
2026-08-20T15:46:38.358+05:30  INFO 82922 --- [       Thread-3] d.f.e.m.s.autoconfigure.EmbeddedMongo    : {"t":{"$date":"2026-08-20T15:46:38.358+05:30"},"s":"I",  "c":"STORAGE",  "id":22206,   "ctx":"conn3","msg":"Deferring table drop for index","attr":{"index":"_id_","namespace":"customer360_test.conflict_queue","uuid":{"uuid":{"$uuid":"5b8914cd-d053-4903-8186-e35c7234f0f1"}},"ident":"index-86--7819123142730598606","commitTimestamp":{"$timestamp":{"t":0,"i":0}}}}
2026-08-20T15:46:38.358+05:30  INFO 82922 --- [       Thread-3] d.f.e.m.s.autoconfigure.EmbeddedMongo    : {"t":{"$date":"2026-08-20T15:46:38.358+05:30"},"s":"I",  "c":"STORAGE",  "id":22214,   "ctx":"conn3","msg":"Deferring table drop for collection","attr":{"namespace":"customer360_test.conflict_queue","ident":"collection-85--7819123142730598606","commitTimestamp":{"$timestamp":{"t":0,"i":0}}}}
2026-08-20T15:46:38.358+05:30  INFO 82922 --- [       Thread-3] d.f.e.m.s.autoconfigure.EmbeddedMongo    : {"t":{"$date":"2026-08-20T15:46:38.358+05:30"},"s":"I",  "c":"STORAGE",  "id":22206,   "ctx":"conn3","msg":"Deferring table drop for index","attr":{"index":"_id_","namespace":"customer360_test.golden_customers","uuid":{"uuid":{"$uuid":"a81c0d7b-bfce-4dda-957c-b535f8bbde73"}},"ident":"index-80--7819123142730598606","commitTimestamp":{"$timestamp":{"t":0,"i":0}}}}
2026-08-20T15:46:38.358+05:30  INFO 82922 --- [       Thread-3] d.f.e.m.s.autoconfigure.EmbeddedMongo    : {"t":{"$date":"2026-08-20T15:46:38.358+05:30"},"s":"I",  "c":"STORAGE",  "id":22214,   "ctx":"conn3","msg":"Deferring table drop for collection","attr":{"namespace":"customer360_test.golden_customers","ident":"collection-79--7819123142730598606","commitTimestamp":{"$timestamp":{"t":0,"i":0}}}}
2026-08-20T15:46:38.358+05:30  INFO 82922 --- [       Thread-3] d.f.e.m.s.autoconfigure.EmbeddedMongo    : {"t":{"$date":"2026-08-20T15:46:38.358+05:30"},"s":"I",  "c":"STORAGE",  "id":22206,   "ctx":"conn3","msg":"Deferring table drop for index","attr":{"index":"_id_","namespace":"customer360_test.raw_wealth_customers","uuid":{"uuid":{"$uuid":"d65b7220-1d54-470c-b3cd-c1bf2116022d"}},"ident":"index-78--7819123142730598606","commitTimestamp":{"$timestamp":{"t":0,"i":0}}}}
2026-08-20T15:46:38.358+05:30  INFO 82922 --- [       Thread-3] d.f.e.m.s.autoconfigure.EmbeddedMongo    : {"t":{"$date":"2026-08-20T15:46:38.358+05:30"},"s":"I",  "c":"STORAGE",  "id":22214,   "ctx":"conn3","msg":"Deferring table drop for collection","attr":{"namespace":"customer360_test.raw_wealth_customers","ident":"collection-77--7819123142730598606","commitTimestamp":{"$timestamp":{"t":0,"i":0}}}}
2026-08-20T15:46:38.358+05:30  INFO 82922 --- [       Thread-3] d.f.e.m.s.autoconfigure.EmbeddedMongo    : {"t":{"$date":"2026-08-20T15:46:38.358+05:30"},"s":"I",  "c":"STORAGE",  "id":22206,   "ctx":"conn3","msg":"Deferring table drop for index","attr":{"index":"_id_","namespace":"customer360_test.raw_insurance_customers","uuid":{"uuid":{"$uuid":"ebb6ed6a-0a13-43ce-b476-a7c087ebfb3a"}},"ident":"index-72--7819123142730598606","commitTimestamp":{"$timestamp":{"t":0,"i":0}}}}
2026-08-20T15:46:38.358+05:30  INFO 82922 --- [       Thread-3] d.f.e.m.s.autoconfigure.EmbeddedMongo    : {"t":{"$date":"2026-08-20T15:46:38.358+05:30"},"s":"I",  "c":"STORAGE",  "id":22214,   "ctx":"conn3","msg":"Deferring table drop for collection","attr":{"namespace":"customer360_test.raw_insurance_customers","ident":"collection-71--7819123142730598606","commitTimestamp":{"$timestamp":{"t":0,"i":0}}}}
2026-08-20T15:46:38.358+05:30  INFO 82922 --- [       Thread-3] d.f.e.m.s.autoconfigure.EmbeddedMongo    : {"t":{"$date":"2026-08-20T15:46:38.358+05:30"},"s":"I",  "c":"STORAGE",  "id":22206,   "ctx":"conn3","msg":"Deferring table drop for index","attr":{"index":"_id_","namespace":"customer360_test.raw_loan_customers","uuid":{"uuid":{"$uuid":"edb31079-116f-427c-bbee-a94c541fdb58"}},"ident":"index-74--7819123142730598606","commitTimestamp":{"$timestamp":{"t":0,"i":0}}}}
2026-08-20T15:46:38.358+05:30  INFO 82922 --- [       Thread-3] d.f.e.m.s.autoconfigure.EmbeddedMongo    : {"t":{"$date":"2026-08-20T15:46:38.358+05:30"},"s":"I",  "c":"STORAGE",  "id":22214,   "ctx":"conn3","msg":"Deferring table drop for collection","attr":{"namespace":"customer360_test.raw_loan_customers","ident":"collection-73--7819123142730598606","commitTimestamp":{"$timestamp":{"t":0,"i":0}}}}
2026-08-20T15:46:38.358+05:30  INFO 82922 --- [       Thread-3] d.f.e.m.s.autoconfigure.EmbeddedMongo    : {"t":{"$date":"2026-08-20T15:46:38.358+05:30"},"s":"I",  "c":"COMMAND",  "id":20336,   "ctx":"conn3","msg":"dropDatabase","attr":{"db":"customer360_test","numCollectionsDropped":10}}
2026-08-20T15:46:38.358+05:30  INFO 82922 --- [           main] c.p.c.config.InitialDataSeeder           : Seeding default system users...
2026-08-20T15:46:38.413+05:30  INFO 82922 --- [       Thread-3] d.f.e.m.s.autoconfigure.EmbeddedMongo    : {"t":{"$date":"2026-08-20T15:46:38.413+05:30"},"s":"I",  "c":"STORAGE",  "id":22260,   "ctx":"TimestampMonitor","msg":"Removing drop-pending idents with drop timestamps before timestamp","attr":{"timestamp":{"$timestamp":{"t":0,"i":0}}}}
2026-08-20T15:46:38.413+05:30  INFO 82922 --- [       Thread-3] d.f.e.m.s.autoconfigure.EmbeddedMongo    : {"t":{"$date":"2026-08-20T15:46:38.413+05:30"},"s":"I",  "c":"STORAGE",  "id":22237,   "ctx":"TimestampMonitor","msg":"Completing drop for ident","attr":{"ident":"index-43--7819123142730598606","dropTimestamp":{"$timestamp":{"t":0,"i":0}}}}
2026-08-20T15:46:38.413+05:30  INFO 82922 --- [       Thread-3] d.f.e.m.s.autoconfigure.EmbeddedMongo    : {"t":{"$date":"2026-08-20T15:46:38.413+05:30"},"s":"I",  "c":"STORAGE",  "id":6936300, "ctx":"TimestampMonitor","msg":"Drop-pending ident is still in use","attr":{"ident":"index-43--7819123142730598606","dropTimestamp":{"$timestamp":{"t":0,"i":0}},"error":{"code":314,"codeName":"ObjectIsBusy","errmsg":"Failed to remove drop-pending ident index-43--7819123142730598606"}}}
2026-08-20T15:46:38.413+05:30  INFO 82922 --- [       Thread-3] d.f.e.m.s.autoconfigure.EmbeddedMongo    : {"t":{"$date":"2026-08-20T15:46:38.413+05:30"},"s":"I",  "c":"STORAGE",  "id":22237,   "ctx":"TimestampMonitor","msg":"Completing drop for ident","attr":{"ident":"index-44--7819123142730598606","dropTimestamp":{"$timestamp":{"t":0,"i":0}}}}
2026-08-20T15:46:38.413+05:30  INFO 82922 --- [       Thread-3] d.f.e.m.s.autoconfigure.EmbeddedMongo    : {"t":{"$date":"2026-08-20T15:46:38.413+05:30"},"s":"I",  "c":"STORAGE",  "id":6936300, "ctx":"TimestampMonitor","msg":"Drop-pending ident is still in use","attr":{"ident":"index-44--7819123142730598606","dropTimestamp":{"$timestamp":{"t":0,"i":0}},"error":{"code":314,"codeName":"ObjectIsBusy","errmsg":"Failed to remove drop-pending ident index-44--7819123142730598606"}}}
2026-08-20T15:46:38.413+05:30  INFO 82922 --- [       Thread-3] d.f.e.m.s.autoconfigure.EmbeddedMongo    : {"t":{"$date":"2026-08-20T15:46:38.413+05:30"},"s":"I",  "c":"STORAGE",  "id":22237,   "ctx":"TimestampMonitor","msg":"Completing drop for ident","attr":{"ident":"collection-42--7819123142730598606","dropTimestamp":{"$timestamp":{"t":0,"i":0}}}}
2026-08-20T15:46:38.413+05:30  INFO 82922 --- [       Thread-3] d.f.e.m.s.autoconfigure.EmbeddedMongo    : {"t":{"$date":"2026-08-20T15:46:38.413+05:30"},"s":"I",  "c":"STORAGE",  "id":6936300, "ctx":"TimestampMonitor","msg":"Drop-pending ident is still in use","attr":{"ident":"collection-42--7819123142730598606","dropTimestamp":{"$timestamp":{"t":0,"i":0}},"error":{"code":314,"codeName":"ObjectIsBusy","errmsg":"Failed to remove drop-pending ident collection-42--7819123142730598606"}}}
2026-08-20T15:46:38.413+05:30  INFO 82922 --- [       Thread-3] d.f.e.m.s.autoconfigure.EmbeddedMongo    : {"t":{"$date":"2026-08-20T15:46:38.413+05:30"},"s":"I",  "c":"STORAGE",  "id":22237,   "ctx":"TimestampMonitor","msg":"Completing drop for ident","attr":{"ident":"index-40--7819123142730598606","dropTimestamp":{"$timestamp":{"t":0,"i":0}}}}
2026-08-20T15:46:38.413+05:30  INFO 82922 --- [       Thread-3] d.f.e.m.s.autoconfigure.EmbeddedMongo    : {"t":{"$date":"2026-08-20T15:46:38.413+05:30"},"s":"I",  "c":"STORAGE",  "id":6936300, "ctx":"TimestampMonitor","msg":"Drop-pending ident is still in use","attr":{"ident":"index-40--7819123142730598606","dropTimestamp":{"$timestamp":{"t":0,"i":0}},"error":{"code":314,"codeName":"ObjectIsBusy","errmsg":"Failed to remove drop-pending ident index-40--7819123142730598606"}}}
2026-08-20T15:46:38.413+05:30  INFO 82922 --- [       Thread-3] d.f.e.m.s.autoconfigure.EmbeddedMongo    : {"t":{"$date":"2026-08-20T15:46:38.413+05:30"},"s":"I",  "c":"STORAGE",  "id":22237,   "ctx":"TimestampMonitor","msg":"Completing drop for ident","attr":{"ident":"index-41--7819123142730598606","dropTimestamp":{"$timestamp":{"t":0,"i":0}}}}
2026-08-20T15:46:38.413+05:30  INFO 82922 --- [       Thread-3] d.f.e.m.s.autoconfigure.EmbeddedMongo    : {"t":{"$date":"2026-08-20T15:46:38.413+05:30"},"s":"I",  "c":"STORAGE",  "id":6936300, "ctx":"TimestampMonitor","msg":"Drop-pending ident is still in use","attr":{"ident":"index-41--7819123142730598606","dropTimestamp":{"$timestamp":{"t":0,"i":0}},"error":{"code":314,"codeName":"ObjectIsBusy","errmsg":"Failed to remove drop-pending ident index-41--7819123142730598606"}}}
2026-08-20T15:46:38.413+05:30  INFO 82922 --- [       Thread-3] d.f.e.m.s.autoconfigure.EmbeddedMongo    : {"t":{"$date":"2026-08-20T15:46:38.413+05:30"},"s":"I",  "c":"STORAGE",  "id":22237,   "ctx":"TimestampMonitor","msg":"Completing drop for ident","attr":{"ident":"collection-39--7819123142730598606","dropTimestamp":{"$timestamp":{"t":0,"i":0}}}}
2026-08-20T15:46:38.413+05:30  INFO 82922 --- [       Thread-3] d.f.e.m.s.autoconfigure.EmbeddedMongo    : {"t":{"$date":"2026-08-20T15:46:38.413+05:30"},"s":"I",  "c":"STORAGE",  "id":6936300, "ctx":"TimestampMonitor","msg":"Drop-pending ident is still in use","attr":{"ident":"collection-39--7819123142730598606","dropTimestamp":{"$timestamp":{"t":0,"i":0}},"error":{"code":314,"codeName":"ObjectIsBusy","errmsg":"Failed to remove drop-pending ident collection-39--7819123142730598606"}}}
2026-08-20T15:46:38.413+05:30  INFO 82922 --- [       Thread-3] d.f.e.m.s.autoconfigure.EmbeddedMongo    : {"t":{"$date":"2026-08-20T15:46:38.413+05:30"},"s":"I",  "c":"STORAGE",  "id":22237,   "ctx":"TimestampMonitor","msg":"Completing drop for ident","attr":{"ident":"index-15--7819123142730598606","dropTimestamp":{"$timestamp":{"t":0,"i":0}}}}
2026-08-20T15:46:38.413+05:30  INFO 82922 --- [       Thread-3] d.f.e.m.s.autoconfigure.EmbeddedMongo    : {"t":{"$date":"2026-08-20T15:46:38.413+05:30"},"s":"I",  "c":"STORAGE",  "id":6936300, "ctx":"TimestampMonitor","msg":"Drop-pending ident is still in use","attr":{"ident":"index-15--7819123142730598606","dropTimestamp":{"$timestamp":{"t":0,"i":0}},"error":{"code":314,"codeName":"ObjectIsBusy","errmsg":"Failed to remove drop-pending ident index-15--7819123142730598606"}}}
2026-08-20T15:46:38.413+05:30  INFO 82922 --- [       Thread-3] d.f.e.m.s.autoconfigure.EmbeddedMongo    : {"t":{"$date":"2026-08-20T15:46:38.413+05:30"},"s":"I",  "c":"STORAGE",  "id":22237,   "ctx":"TimestampMonitor","msg":"Completing drop for ident","attr":{"ident":"index-16--7819123142730598606","dropTimestamp":{"$timestamp":{"t":0,"i":0}}}}
2026-08-20T15:46:38.413+05:30  INFO 82922 --- [       Thread-3] d.f.e.m.s.autoconfigure.EmbeddedMongo    : {"t":{"$date":"2026-08-20T15:46:38.413+05:30"},"s":"I",  "c":"STORAGE",  "id":6936300, "ctx":"TimestampMonitor","msg":"Drop-pending ident is still in use","attr":{"ident":"index-16--7819123142730598606","dropTimestamp":{"$timestamp":{"t":0,"i":0}},"error":{"code":314,"codeName":"ObjectIsBusy","errmsg":"Failed to remove drop-pending ident index-16--7819123142730598606"}}}
2026-08-20T15:46:38.413+05:30  INFO 82922 --- [       Thread-3] d.f.e.m.s.autoconfigure.EmbeddedMongo    : {"t":{"$date":"2026-08-20T15:46:38.413+05:30"},"s":"I",  "c":"STORAGE",  "id":22237,   "ctx":"TimestampMonitor","msg":"Completing drop for ident","attr":{"ident":"collection-14--7819123142730598606","dropTimestamp":{"$timestamp":{"t":0,"i":0}}}}
2026-08-20T15:46:38.413+05:30  INFO 82922 --- [       Thread-3] d.f.e.m.s.autoconfigure.EmbeddedMongo    : {"t":{"$date":"2026-08-20T15:46:38.413+05:30"},"s":"I",  "c":"STORAGE",  "id":6936300, "ctx":"TimestampMonitor","msg":"Drop-pending ident is still in use","attr":{"ident":"collection-14--7819123142730598606","dropTimestamp":{"$timestamp":{"t":0,"i":0}},"error":{"code":314,"codeName":"ObjectIsBusy","errmsg":"Failed to remove drop-pending ident collection-14--7819123142730598606"}}}
2026-08-20T15:46:38.413+05:30  INFO 82922 --- [       Thread-3] d.f.e.m.s.autoconfigure.EmbeddedMongo    : {"t":{"$date":"2026-08-20T15:46:38.413+05:30"},"s":"I",  "c":"STORAGE",  "id":22237,   "ctx":"TimestampMonitor","msg":"Completing drop for ident","attr":{"ident":"index-46--7819123142730598606","dropTimestamp":{"$timestamp":{"t":0,"i":0}}}}
2026-08-20T15:46:38.413+05:30  INFO 82922 --- [       Thread-3] d.f.e.m.s.autoconfigure.EmbeddedMongo    : {"t":{"$date":"2026-08-20T15:46:38.413+05:30"},"s":"I",  "c":"STORAGE",  "id":6936300, "ctx":"TimestampMonitor","msg":"Drop-pending ident is still in use","attr":{"ident":"index-46--7819123142730598606","dropTimestamp":{"$timestamp":{"t":0,"i":0}},"error":{"code":314,"codeName":"ObjectIsBusy","errmsg":"Failed to remove drop-pending ident index-46--7819123142730598606"}}}
2026-08-20T15:46:38.413+05:30  INFO 82922 --- [       Thread-3] d.f.e.m.s.autoconfigure.EmbeddedMongo    : {"t":{"$date":"2026-08-20T15:46:38.413+05:30"},"s":"I",  "c":"STORAGE",  "id":22237,   "ctx":"TimestampMonitor","msg":"Completing drop for ident","attr":{"ident":"collection-45--7819123142730598606","dropTimestamp":{"$timestamp":{"t":0,"i":0}}}}
2026-08-20T15:46:38.413+05:30  INFO 82922 --- [       Thread-3] d.f.e.m.s.autoconfigure.EmbeddedMongo    : {"t":{"$date":"2026-08-20T15:46:38.413+05:30"},"s":"I",  "c":"STORAGE",  "id":6936300, "ctx":"TimestampMonitor","msg":"Drop-pending ident is still in use","attr":{"ident":"collection-45--7819123142730598606","dropTimestamp":{"$timestamp":{"t":0,"i":0}},"error":{"code":314,"codeName":"ObjectIsBusy","errmsg":"Failed to remove drop-pending ident collection-45--7819123142730598606"}}}
2026-08-20T15:46:38.413+05:30  INFO 82922 --- [       Thread-3] d.f.e.m.s.autoconfigure.EmbeddedMongo    : {"t":{"$date":"2026-08-20T15:46:38.413+05:30"},"s":"I",  "c":"STORAGE",  "id":22237,   "ctx":"TimestampMonitor","msg":"Completing drop for ident","attr":{"ident":"index-26--7819123142730598606","dropTimestamp":{"$timestamp":{"t":0,"i":0}}}}
2026-08-20T15:46:38.413+05:30  INFO 82922 --- [       Thread-3] d.f.e.m.s.autoconfigure.EmbeddedMongo    : {"t":{"$date":"2026-08-20T15:46:38.413+05:30"},"s":"I",  "c":"STORAGE",  "id":6936300, "ctx":"TimestampMonitor","msg":"Drop-pending ident is still in use","attr":{"ident":"index-26--7819123142730598606","dropTimestamp":{"$timestamp":{"t":0,"i":0}},"error":{"code":314,"codeName":"ObjectIsBusy","errmsg":"Failed to remove drop-pending ident index-26--7819123142730598606"}}}
2026-08-20T15:46:38.413+05:30  INFO 82922 --- [       Thread-3] d.f.e.m.s.autoconfigure.EmbeddedMongo    : {"t":{"$date":"2026-08-20T15:46:38.413+05:30"},"s":"I",  "c":"STORAGE",  "id":22237,   "ctx":"TimestampMonitor","msg":"Completing drop for ident","attr":{"ident":"index-27--7819123142730598606","dropTimestamp":{"$timestamp":{"t":0,"i":0}}}}
2026-08-20T15:46:38.413+05:30  INFO 82922 --- [       Thread-3] d.f.e.m.s.autoconfigure.EmbeddedMongo    : {"t":{"$date":"2026-08-20T15:46:38.413+05:30"},"s":"I",  "c":"STORAGE",  "id":6936300, "ctx":"TimestampMonitor","msg":"Drop-pending ident is still in use","attr":{"ident":"index-27--7819123142730598606","dropTimestamp":{"$timestamp":{"t":0,"i":0}},"error":{"code":314,"codeName":"ObjectIsBusy","errmsg":"Failed to remove drop-pending ident index-27--7819123142730598606"}}}
2026-08-20T15:46:38.413+05:30  INFO 82922 --- [       Thread-3] d.f.e.m.s.autoconfigure.EmbeddedMongo    : {"t":{"$date":"2026-08-20T15:46:38.413+05:30"},"s":"I",  "c":"STORAGE",  "id":22237,   "ctx":"TimestampMonitor","msg":"Completing drop for ident","attr":{"ident":"collection-25--7819123142730598606","dropTimestamp":{"$timestamp":{"t":0,"i":0}}}}
2026-08-20T15:46:38.413+05:30  INFO 82922 --- [       Thread-3] d.f.e.m.s.autoconfigure.EmbeddedMongo    : {"t":{"$date":"2026-08-20T15:46:38.413+05:30"},"s":"I",  "c":"STORAGE",  "id":6936300, "ctx":"TimestampMonitor","msg":"Drop-pending ident is still in use","attr":{"ident":"collection-25--7819123142730598606","dropTimestamp":{"$timestamp":{"t":0,"i":0}},"error":{"code":314,"codeName":"ObjectIsBusy","errmsg":"Failed to remove drop-pending ident collection-25--7819123142730598606"}}}
2026-08-20T15:46:38.413+05:30  INFO 82922 --- [       Thread-3] d.f.e.m.s.autoconfigure.EmbeddedMongo    : {"t":{"$date":"2026-08-20T15:46:38.413+05:30"},"s":"I",  "c":"STORAGE",  "id":22237,   "ctx":"TimestampMonitor","msg":"Completing drop for ident","attr":{"ident":"index-18--7819123142730598606","dropTimestamp":{"$timestamp":{"t":0,"i":0}}}}
2026-08-20T15:46:38.413+05:30  INFO 82922 --- [       Thread-3] d.f.e.m.s.autoconfigure.EmbeddedMongo    : {"t":{"$date":"2026-08-20T15:46:38.413+05:30"},"s":"I",  "c":"STORAGE",  "id":6936300, "ctx":"TimestampMonitor","msg":"Drop-pending ident is still in use","attr":{"ident":"index-18--7819123142730598606","dropTimestamp":{"$timestamp":{"t":0,"i":0}},"error":{"code":314,"codeName":"ObjectIsBusy","errmsg":"Failed to remove drop-pending ident index-18--7819123142730598606"}}}
2026-08-20T15:46:38.413+05:30  INFO 82922 --- [       Thread-3] d.f.e.m.s.autoconfigure.EmbeddedMongo    : {"t":{"$date":"2026-08-20T15:46:38.413+05:30"},"s":"I",  "c":"STORAGE",  "id":22237,   "ctx":"TimestampMonitor","msg":"Completing drop for ident","attr":{"ident":"index-19--7819123142730598606","dropTimestamp":{"$timestamp":{"t":0,"i":0}}}}
2026-08-20T15:46:38.413+05:30  INFO 82922 --- [       Thread-3] d.f.e.m.s.autoconfigure.EmbeddedMongo    : {"t":{"$date":"2026-08-20T15:46:38.413+05:30"},"s":"I",  "c":"STORAGE",  "id":6936300, "ctx":"TimestampMonitor","msg":"Drop-pending ident is still in use","attr":{"ident":"index-19--7819123142730598606","dropTimestamp":{"$timestamp":{"t":0,"i":0}},"error":{"code":314,"codeName":"ObjectIsBusy","errmsg":"Failed to remove drop-pending ident index-19--7819123142730598606"}}}
2026-08-20T15:46:38.413+05:30  INFO 82922 --- [       Thread-3] d.f.e.m.s.autoconfigure.EmbeddedMongo    : {"t":{"$date":"2026-08-20T15:46:38.413+05:30"},"s":"I",  "c":"STORAGE",  "id":22237,   "ctx":"TimestampMonitor","msg":"Completing drop for ident","attr":{"ident":"index-20--7819123142730598606","dropTimestamp":{"$timestamp":{"t":0,"i":0}}}}
2026-08-20T15:46:38.413+05:30  INFO 82922 --- [       Thread-3] d.f.e.m.s.autoconfigure.EmbeddedMongo    : {"t":{"$date":"2026-08-20T15:46:38.413+05:30"},"s":"I",  "c":"STORAGE",  "id":6936300, "ctx":"TimestampMonitor","msg":"Drop-pending ident is still in use","attr":{"ident":"index-20--7819123142730598606","dropTimestamp":{"$timestamp":{"t":0,"i":0}},"error":{"code":314,"codeName":"ObjectIsBusy","errmsg":"Failed to remove drop-pending ident index-20--7819123142730598606"}}}
2026-08-20T15:46:38.413+05:30  INFO 82922 --- [       Thread-3] d.f.e.m.s.autoconfigure.EmbeddedMongo    : {"t":{"$date":"2026-08-20T15:46:38.413+05:30"},"s":"I",  "c":"STORAGE",  "id":22237,   "ctx":"TimestampMonitor","msg":"Completing drop for ident","attr":{"ident":"index-21--7819123142730598606","dropTimestamp":{"$timestamp":{"t":0,"i":0}}}}
2026-08-20T15:46:38.413+05:30  INFO 82922 --- [       Thread-3] d.f.e.m.s.autoconfigure.EmbeddedMongo    : {"t":{"$date":"2026-08-20T15:46:38.413+05:30"},"s":"I",  "c":"STORAGE",  "id":6936300, "ctx":"TimestampMonitor","msg":"Drop-pending ident is still in use","attr":{"ident":"index-21--7819123142730598606","dropTimestamp":{"$timestamp":{"t":0,"i":0}},"error":{"code":314,"codeName":"ObjectIsBusy","errmsg":"Failed to remove drop-pending ident index-21--7819123142730598606"}}}
2026-08-20T15:46:38.413+05:30  INFO 82922 --- [       Thread-3] d.f.e.m.s.autoconfigure.EmbeddedMongo    : {"t":{"$date":"2026-08-20T15:46:38.413+05:30"},"s":"I",  "c":"STORAGE",  "id":22237,   "ctx":"TimestampMonitor","msg":"Completing drop for ident","attr":{"ident":"collection-17--7819123142730598606","dropTimestamp":{"$timestamp":{"t":0,"i":0}}}}
2026-08-20T15:46:38.413+05:30  INFO 82922 --- [       Thread-3] d.f.e.m.s.autoconfigure.EmbeddedMongo    : {"t":{"$date":"2026-08-20T15:46:38.413+05:30"},"s":"I",  "c":"STORAGE",  "id":6936300, "ctx":"TimestampMonitor","msg":"Drop-pending ident is still in use","attr":{"ident":"collection-17--7819123142730598606","dropTimestamp":{"$timestamp":{"t":0,"i":0}},"error":{"code":314,"codeName":"ObjectIsBusy","errmsg":"Failed to remove drop-pending ident collection-17--7819123142730598606"}}}
2026-08-20T15:46:38.413+05:30  INFO 82922 --- [       Thread-3] d.f.e.m.s.autoconfigure.EmbeddedMongo    : {"t":{"$date":"2026-08-20T15:46:38.413+05:30"},"s":"I",  "c":"STORAGE",  "id":22237,   "ctx":"TimestampMonitor","msg":"Completing drop for ident","attr":{"ident":"index-11--7819123142730598606","dropTimestamp":{"$timestamp":{"t":0,"i":0}}}}
2026-08-20T15:46:38.413+05:30  INFO 82922 --- [       Thread-3] d.f.e.m.s.autoconfigure.EmbeddedMongo    : {"t":{"$date":"2026-08-20T15:46:38.413+05:30"},"s":"I",  "c":"STORAGE",  "id":6936300, "ctx":"TimestampMonitor","msg":"Drop-pending ident is still in use","attr":{"ident":"index-11--7819123142730598606","dropTimestamp":{"$timestamp":{"t":0,"i":0}},"error":{"code":314,"codeName":"ObjectIsBusy","errmsg":"Failed to remove drop-pending ident index-11--7819123142730598606"}}}
2026-08-20T15:46:38.413+05:30  INFO 82922 --- [       Thread-3] d.f.e.m.s.autoconfigure.EmbeddedMongo    : {"t":{"$date":"2026-08-20T15:46:38.413+05:30"},"s":"I",  "c":"STORAGE",  "id":22237,   "ctx":"TimestampMonitor","msg":"Completing drop for ident","attr":{"ident":"index-12--7819123142730598606","dropTimestamp":{"$timestamp":{"t":0,"i":0}}}}
2026-08-20T15:46:38.413+05:30  INFO 82922 --- [       Thread-3] d.f.e.m.s.autoconfigure.EmbeddedMongo    : {"t":{"$date":"2026-08-20T15:46:38.413+05:30"},"s":"I",  "c":"STORAGE",  "id":6936300, "ctx":"TimestampMonitor","msg":"Drop-pending ident is still in use","attr":{"ident":"index-12--7819123142730598606","dropTimestamp":{"$timestamp":{"t":0,"i":0}},"error":{"code":314,"codeName":"ObjectIsBusy","errmsg":"Failed to remove drop-pending ident index-12--7819123142730598606"}}}
2026-08-20T15:46:38.413+05:30  INFO 82922 --- [       Thread-3] d.f.e.m.s.autoconfigure.EmbeddedMongo    : {"t":{"$date":"2026-08-20T15:46:38.413+05:30"},"s":"I",  "c":"STORAGE",  "id":22237,   "ctx":"TimestampMonitor","msg":"Completing drop for ident","attr":{"ident":"index-13--7819123142730598606","dropTimestamp":{"$timestamp":{"t":0,"i":0}}}}
2026-08-20T15:46:38.413+05:30  INFO 82922 --- [       Thread-3] d.f.e.m.s.autoconfigure.EmbeddedMongo    : {"t":{"$date":"2026-08-20T15:46:38.413+05:30"},"s":"I",  "c":"STORAGE",  "id":6936300, "ctx":"TimestampMonitor","msg":"Drop-pending ident is still in use","attr":{"ident":"index-13--7819123142730598606","dropTimestamp":{"$timestamp":{"t":0,"i":0}},"error":{"code":314,"codeName":"ObjectIsBusy","errmsg":"Failed to remove drop-pending ident index-13--7819123142730598606"}}}
2026-08-20T15:46:38.413+05:30  INFO 82922 --- [       Thread-3] d.f.e.m.s.autoconfigure.EmbeddedMongo    : {"t":{"$date":"2026-08-20T15:46:38.413+05:30"},"s":"I",  "c":"STORAGE",  "id":22237,   "ctx":"TimestampMonitor","msg":"Completing drop for ident","attr":{"ident":"collection-10--7819123142730598606","dropTimestamp":{"$timestamp":{"t":0,"i":0}}}}
2026-08-20T15:46:38.413+05:30  INFO 82922 --- [       Thread-3] d.f.e.m.s.autoconfigure.EmbeddedMongo    : {"t":{"$date":"2026-08-20T15:46:38.413+05:30"},"s":"I",  "c":"STORAGE",  "id":6936300, "ctx":"TimestampMonitor","msg":"Drop-pending ident is still in use","attr":{"ident":"collection-10--7819123142730598606","dropTimestamp":{"$timestamp":{"t":0,"i":0}},"error":{"code":314,"codeName":"ObjectIsBusy","errmsg":"Failed to remove drop-pending ident collection-10--7819123142730598606"}}}
2026-08-20T15:46:38.413+05:30  INFO 82922 --- [       Thread-3] d.f.e.m.s.autoconfigure.EmbeddedMongo    : {"t":{"$date":"2026-08-20T15:46:38.413+05:30"},"s":"I",  "c":"STORAGE",  "id":22237,   "ctx":"TimestampMonitor","msg":"Completing drop for ident","attr":{"ident":"index-8--7819123142730598606","dropTimestamp":{"$timestamp":{"t":0,"i":0}}}}
2026-08-20T15:46:38.413+05:30  INFO 82922 --- [       Thread-3] d.f.e.m.s.autoconfigure.EmbeddedMongo    : {"t":{"$date":"2026-08-20T15:46:38.413+05:30"},"s":"I",  "c":"STORAGE",  "id":6936300, "ctx":"TimestampMonitor","msg":"Drop-pending ident is still in use","attr":{"ident":"index-8--7819123142730598606","dropTimestamp":{"$timestamp":{"t":0,"i":0}},"error":{"code":314,"codeName":"ObjectIsBusy","errmsg":"Failed to remove drop-pending ident index-8--7819123142730598606"}}}
2026-08-20T15:46:38.413+05:30  INFO 82922 --- [       Thread-3] d.f.e.m.s.autoconfigure.EmbeddedMongo    : {"t":{"$date":"2026-08-20T15:46:38.413+05:30"},"s":"I",  "c":"STORAGE",  "id":22237,   "ctx":"TimestampMonitor","msg":"Completing drop for ident","attr":{"ident":"index-9--7819123142730598606","dropTimestamp":{"$timestamp":{"t":0,"i":0}}}}
2026-08-20T15:46:38.413+05:30  INFO 82922 --- [       Thread-3] d.f.e.m.s.autoconfigure.EmbeddedMongo    : {"t":{"$date":"2026-08-20T15:46:38.413+05:30"},"s":"I",  "c":"STORAGE",  "id":6936300, "ctx":"TimestampMonitor","msg":"Drop-pending ident is still in use","attr":{"ident":"index-9--7819123142730598606","dropTimestamp":{"$timestamp":{"t":0,"i":0}},"error":{"code":314,"codeName":"ObjectIsBusy","errmsg":"Failed to remove drop-pending ident index-9--7819123142730598606"}}}
2026-08-20T15:46:38.413+05:30  INFO 82922 --- [       Thread-3] d.f.e.m.s.autoconfigure.EmbeddedMongo    : {"t":{"$date":"2026-08-20T15:46:38.413+05:30"},"s":"I",  "c":"STORAGE",  "id":22237,   "ctx":"TimestampMonitor","msg":"Completing drop for ident","attr":{"ident":"collection-7--7819123142730598606","dropTimestamp":{"$timestamp":{"t":0,"i":0}}}}
2026-08-20T15:46:38.413+05:30  INFO 82922 --- [       Thread-3] d.f.e.m.s.autoconfigure.EmbeddedMongo    : {"t":{"$date":"2026-08-20T15:46:38.413+05:30"},"s":"I",  "c":"STORAGE",  "id":6936300, "ctx":"TimestampMonitor","msg":"Drop-pending ident is still in use","attr":{"ident":"collection-7--7819123142730598606","dropTimestamp":{"$timestamp":{"t":0,"i":0}},"error":{"code":314,"codeName":"ObjectIsBusy","errmsg":"Failed to remove drop-pending ident collection-7--7819123142730598606"}}}
2026-08-20T15:46:38.413+05:30  INFO 82922 --- [       Thread-3] d.f.e.m.s.autoconfigure.EmbeddedMongo    : {"t":{"$date":"2026-08-20T15:46:38.413+05:30"},"s":"I",  "c":"STORAGE",  "id":22237,   "ctx":"TimestampMonitor","msg":"Completing drop for ident","attr":{"ident":"index-29--7819123142730598606","dropTimestamp":{"$timestamp":{"t":0,"i":0}}}}
2026-08-20T15:46:38.413+05:30  INFO 82922 --- [       Thread-3] d.f.e.m.s.autoconfigure.EmbeddedMongo    : {"t":{"$date":"2026-08-20T15:46:38.413+05:30"},"s":"I",  "c":"STORAGE",  "id":6936300, "ctx":"TimestampMonitor","msg":"Drop-pending ident is still in use","attr":{"ident":"index-29--7819123142730598606","dropTimestamp":{"$timestamp":{"t":0,"i":0}},"error":{"code":314,"codeName":"ObjectIsBusy","errmsg":"Failed to remove drop-pending ident index-29--7819123142730598606"}}}
2026-08-20T15:46:38.413+05:30  INFO 82922 --- [       Thread-3] d.f.e.m.s.autoconfigure.EmbeddedMongo    : {"t":{"$date":"2026-08-20T15:46:38.413+05:30"},"s":"I",  "c":"STORAGE",  "id":22237,   "ctx":"TimestampMonitor","msg":"Completing drop for ident","attr":{"ident":"index-30--7819123142730598606","dropTimestamp":{"$timestamp":{"t":0,"i":0}}}}
2026-08-20T15:46:38.413+05:30  INFO 82922 --- [       Thread-3] d.f.e.m.s.autoconfigure.EmbeddedMongo    : {"t":{"$date":"2026-08-20T15:46:38.413+05:30"},"s":"I",  "c":"STORAGE",  "id":6936300, "ctx":"TimestampMonitor","msg":"Drop-pending ident is still in use","attr":{"ident":"index-30--7819123142730598606","dropTimestamp":{"$timestamp":{"t":0,"i":0}},"error":{"code":314,"codeName":"ObjectIsBusy","errmsg":"Failed to remove drop-pending ident index-30--7819123142730598606"}}}
2026-08-20T15:46:38.413+05:30  INFO 82922 --- [       Thread-3] d.f.e.m.s.autoconfigure.EmbeddedMongo    : {"t":{"$date":"2026-08-20T15:46:38.413+05:30"},"s":"I",  "c":"STORAGE",  "id":22237,   "ctx":"TimestampMonitor","msg":"Completing drop for ident","attr":{"ident":"collection-28--7819123142730598606","dropTimestamp":{"$timestamp":{"t":0,"i":0}}}}
2026-08-20T15:46:38.413+05:30  INFO 82922 --- [       Thread-3] d.f.e.m.s.autoconfigure.EmbeddedMongo    : {"t":{"$date":"2026-08-20T15:46:38.413+05:30"},"s":"I",  "c":"STORAGE",  "id":6936300, "ctx":"TimestampMonitor","msg":"Drop-pending ident is still in use","attr":{"ident":"collection-28--7819123142730598606","dropTimestamp":{"$timestamp":{"t":0,"i":0}},"error":{"code":314,"codeName":"ObjectIsBusy","errmsg":"Failed to remove drop-pending ident collection-28--7819123142730598606"}}}
2026-08-20T15:46:38.413+05:30  INFO 82922 --- [       Thread-3] d.f.e.m.s.autoconfigure.EmbeddedMongo    : {"t":{"$date":"2026-08-20T15:46:38.413+05:30"},"s":"I",  "c":"STORAGE",  "id":22237,   "ctx":"TimestampMonitor","msg":"Completing drop for ident","attr":{"ident":"index-37--7819123142730598606","dropTimestamp":{"$timestamp":{"t":0,"i":0}}}}
2026-08-20T15:46:38.413+05:30  INFO 82922 --- [       Thread-3] d.f.e.m.s.autoconfigure.EmbeddedMongo    : {"t":{"$date":"2026-08-20T15:46:38.413+05:30"},"s":"I",  "c":"STORAGE",  "id":6936300, "ctx":"TimestampMonitor","msg":"Drop-pending ident is still in use","attr":{"ident":"index-37--7819123142730598606","dropTimestamp":{"$timestamp":{"t":0,"i":0}},"error":{"code":314,"codeName":"ObjectIsBusy","errmsg":"Failed to remove drop-pending ident index-37--7819123142730598606"}}}
2026-08-20T15:46:38.413+05:30  INFO 82922 --- [       Thread-3] d.f.e.m.s.autoconfigure.EmbeddedMongo    : {"t":{"$date":"2026-08-20T15:46:38.413+05:30"},"s":"I",  "c":"STORAGE",  "id":22237,   "ctx":"TimestampMonitor","msg":"Completing drop for ident","attr":{"ident":"index-38--7819123142730598606","dropTimestamp":{"$timestamp":{"t":0,"i":0}}}}
2026-08-20T15:46:38.413+05:30  INFO 82922 --- [       Thread-3] d.f.e.m.s.autoconfigure.EmbeddedMongo    : {"t":{"$date":"2026-08-20T15:46:38.413+05:30"},"s":"I",  "c":"STORAGE",  "id":6936300, "ctx":"TimestampMonitor","msg":"Drop-pending ident is still in use","attr":{"ident":"index-38--7819123142730598606","dropTimestamp":{"$timestamp":{"t":0,"i":0}},"error":{"code":314,"codeName":"ObjectIsBusy","errmsg":"Failed to remove drop-pending ident index-38--7819123142730598606"}}}
2026-08-20T15:46:38.413+05:30  INFO 82922 --- [       Thread-3] d.f.e.m.s.autoconfigure.EmbeddedMongo    : {"t":{"$date":"2026-08-20T15:46:38.413+05:30"},"s":"I",  "c":"STORAGE",  "id":22237,   "ctx":"TimestampMonitor","msg":"Completing drop for ident","attr":{"ident":"collection-36--7819123142730598606","dropTimestamp":{"$timestamp":{"t":0,"i":0}}}}
2026-08-20T15:46:38.413+05:30  INFO 82922 --- [       Thread-3] d.f.e.m.s.autoconfigure.EmbeddedMongo    : {"t":{"$date":"2026-08-20T15:46:38.413+05:30"},"s":"I",  "c":"STORAGE",  "id":6936300, "ctx":"TimestampMonitor","msg":"Drop-pending ident is still in use","attr":{"ident":"collection-36--7819123142730598606","dropTimestamp":{"$timestamp":{"t":0,"i":0}},"error":{"code":314,"codeName":"ObjectIsBusy","errmsg":"Failed to remove drop-pending ident collection-36--7819123142730598606"}}}
2026-08-20T15:46:38.413+05:30  INFO 82922 --- [       Thread-3] d.f.e.m.s.autoconfigure.EmbeddedMongo    : {"t":{"$date":"2026-08-20T15:46:38.413+05:30"},"s":"I",  "c":"STORAGE",  "id":22237,   "ctx":"TimestampMonitor","msg":"Completing drop for ident","attr":{"ident":"index-23--7819123142730598606","dropTimestamp":{"$timestamp":{"t":0,"i":0}}}}
2026-08-20T15:46:38.413+05:30  INFO 82922 --- [       Thread-3] d.f.e.m.s.autoconfigure.EmbeddedMongo    : {"t":{"$date":"2026-08-20T15:46:38.413+05:30"},"s":"I",  "c":"STORAGE",  "id":6936300, "ctx":"TimestampMonitor","msg":"Drop-pending ident is still in use","attr":{"ident":"index-23--7819123142730598606","dropTimestamp":{"$timestamp":{"t":0,"i":0}},"error":{"code":314,"codeName":"ObjectIsBusy","errmsg":"Failed to remove drop-pending ident index-23--7819123142730598606"}}}
2026-08-20T15:46:38.413+05:30  INFO 82922 --- [       Thread-3] d.f.e.m.s.autoconfigure.EmbeddedMongo    : {"t":{"$date":"2026-08-20T15:46:38.413+05:30"},"s":"I",  "c":"STORAGE",  "id":22237,   "ctx":"TimestampMonitor","msg":"Completing drop for ident","attr":{"ident":"index-24--7819123142730598606","dropTimestamp":{"$timestamp":{"t":0,"i":0}}}}
2026-08-20T15:46:38.413+05:30  INFO 82922 --- [       Thread-3] d.f.e.m.s.autoconfigure.EmbeddedMongo    : {"t":{"$date":"2026-08-20T15:46:38.413+05:30"},"s":"I",  "c":"STORAGE",  "id":6936300, "ctx":"TimestampMonitor","msg":"Drop-pending ident is still in use","attr":{"ident":"index-24--7819123142730598606","dropTimestamp":{"$timestamp":{"t":0,"i":0}},"error":{"code":314,"codeName":"ObjectIsBusy","errmsg":"Failed to remove drop-pending ident index-24--7819123142730598606"}}}
2026-08-20T15:46:38.413+05:30  INFO 82922 --- [       Thread-3] d.f.e.m.s.autoconfigure.EmbeddedMongo    : {"t":{"$date":"2026-08-20T15:46:38.413+05:30"},"s":"I",  "c":"STORAGE",  "id":22237,   "ctx":"TimestampMonitor","msg":"Completing drop for ident","attr":{"ident":"collection-22--7819123142730598606","dropTimestamp":{"$timestamp":{"t":0,"i":0}}}}
2026-08-20T15:46:38.413+05:30  INFO 82922 --- [       Thread-3] d.f.e.m.s.autoconfigure.EmbeddedMongo    : {"t":{"$date":"2026-08-20T15:46:38.413+05:30"},"s":"I",  "c":"STORAGE",  "id":6936300, "ctx":"TimestampMonitor","msg":"Drop-pending ident is still in use","attr":{"ident":"collection-22--7819123142730598606","dropTimestamp":{"$timestamp":{"t":0,"i":0}},"error":{"code":314,"codeName":"ObjectIsBusy","errmsg":"Failed to remove drop-pending ident collection-22--7819123142730598606"}}}
2026-08-20T15:46:38.413+05:30  INFO 82922 --- [       Thread-3] d.f.e.m.s.autoconfigure.EmbeddedMongo    : {"t":{"$date":"2026-08-20T15:46:38.413+05:30"},"s":"I",  "c":"STORAGE",  "id":22237,   "ctx":"TimestampMonitor","msg":"Completing drop for ident","attr":{"ident":"index-60--7819123142730598606","dropTimestamp":{"$timestamp":{"t":0,"i":0}}}}
2026-08-20T15:46:38.413+05:30  INFO 82922 --- [       Thread-3] d.f.e.m.s.autoconfigure.EmbeddedMongo    : {"t":{"$date":"2026-08-20T15:46:38.413+05:30"},"s":"I",  "c":"STORAGE",  "id":6936300, "ctx":"TimestampMonitor","msg":"Drop-pending ident is still in use","attr":{"ident":"index-60--7819123142730598606","dropTimestamp":{"$timestamp":{"t":0,"i":0}},"error":{"code":314,"codeName":"ObjectIsBusy","errmsg":"Failed to remove drop-pending ident index-60--7819123142730598606"}}}
2026-08-20T15:46:38.413+05:30  INFO 82922 --- [       Thread-3] d.f.e.m.s.autoconfigure.EmbeddedMongo    : {"t":{"$date":"2026-08-20T15:46:38.413+05:30"},"s":"I",  "c":"STORAGE",  "id":22237,   "ctx":"TimestampMonitor","msg":"Completing drop for ident","attr":{"ident":"collection-59--7819123142730598606","dropTimestamp":{"$timestamp":{"t":0,"i":0}}}}
2026-08-20T15:46:38.413+05:30  INFO 82922 --- [       Thread-3] d.f.e.m.s.autoconfigure.EmbeddedMongo    : {"t":{"$date":"2026-08-20T15:46:38.413+05:30"},"s":"I",  "c":"STORAGE",  "id":6936300, "ctx":"TimestampMonitor","msg":"Drop-pending ident is still in use","attr":{"ident":"collection-59--7819123142730598606","dropTimestamp":{"$timestamp":{"t":0,"i":0}},"error":{"code":314,"codeName":"ObjectIsBusy","errmsg":"Failed to remove drop-pending ident collection-59--7819123142730598606"}}}
2026-08-20T15:46:38.413+05:30  INFO 82922 --- [       Thread-3] d.f.e.m.s.autoconfigure.EmbeddedMongo    : {"t":{"$date":"2026-08-20T15:46:38.413+05:30"},"s":"I",  "c":"STORAGE",  "id":22237,   "ctx":"TimestampMonitor","msg":"Completing drop for ident","attr":{"ident":"index-58--7819123142730598606","dropTimestamp":{"$timestamp":{"t":0,"i":0}}}}
2026-08-20T15:46:38.413+05:30  INFO 82922 --- [       Thread-3] d.f.e.m.s.autoconfigure.EmbeddedMongo    : {"t":{"$date":"2026-08-20T15:46:38.413+05:30"},"s":"I",  "c":"STORAGE",  "id":6936300, "ctx":"TimestampMonitor","msg":"Drop-pending ident is still in use","attr":{"ident":"index-58--7819123142730598606","dropTimestamp":{"$timestamp":{"t":0,"i":0}},"error":{"code":314,"codeName":"ObjectIsBusy","errmsg":"Failed to remove drop-pending ident index-58--7819123142730598606"}}}
2026-08-20T15:46:38.413+05:30  INFO 82922 --- [       Thread-3] d.f.e.m.s.autoconfigure.EmbeddedMongo    : {"t":{"$date":"2026-08-20T15:46:38.413+05:30"},"s":"I",  "c":"STORAGE",  "id":22237,   "ctx":"TimestampMonitor","msg":"Completing drop for ident","attr":{"ident":"collection-57--7819123142730598606","dropTimestamp":{"$timestamp":{"t":0,"i":0}}}}
2026-08-20T15:46:38.414+05:30  INFO 82922 --- [       Thread-3] d.f.e.m.s.autoconfigure.EmbeddedMongo    : {"t":{"$date":"2026-08-20T15:46:38.413+05:30"},"s":"I",  "c":"STORAGE",  "id":6936300, "ctx":"TimestampMonitor","msg":"Drop-pending ident is still in use","attr":{"ident":"collection-57--7819123142730598606","dropTimestamp":{"$timestamp":{"t":0,"i":0}},"error":{"code":314,"codeName":"ObjectIsBusy","errmsg":"Failed to remove drop-pending ident collection-57--7819123142730598606"}}}
2026-08-20T15:46:38.414+05:30  INFO 82922 --- [       Thread-3] d.f.e.m.s.autoconfigure.EmbeddedMongo    : {"t":{"$date":"2026-08-20T15:46:38.413+05:30"},"s":"I",  "c":"STORAGE",  "id":22237,   "ctx":"TimestampMonitor","msg":"Completing drop for ident","attr":{"ident":"index-48--7819123142730598606","dropTimestamp":{"$timestamp":{"t":0,"i":0}}}}
2026-08-20T15:46:38.414+05:30  INFO 82922 --- [       Thread-3] d.f.e.m.s.autoconfigure.EmbeddedMongo    : {"t":{"$date":"2026-08-20T15:46:38.413+05:30"},"s":"I",  "c":"STORAGE",  "id":6936300, "ctx":"TimestampMonitor","msg":"Drop-pending ident is still in use","attr":{"ident":"index-48--7819123142730598606","dropTimestamp":{"$timestamp":{"t":0,"i":0}},"error":{"code":314,"codeName":"ObjectIsBusy","errmsg":"Failed to remove drop-pending ident index-48--7819123142730598606"}}}
2026-08-20T15:46:38.414+05:30  INFO 82922 --- [       Thread-3] d.f.e.m.s.autoconfigure.EmbeddedMongo    : {"t":{"$date":"2026-08-20T15:46:38.413+05:30"},"s":"I",  "c":"STORAGE",  "id":22237,   "ctx":"TimestampMonitor","msg":"Completing drop for ident","attr":{"ident":"collection-47--7819123142730598606","dropTimestamp":{"$timestamp":{"t":0,"i":0}}}}
2026-08-20T15:46:38.414+05:30  INFO 82922 --- [       Thread-3] d.f.e.m.s.autoconfigure.EmbeddedMongo    : {"t":{"$date":"2026-08-20T15:46:38.413+05:30"},"s":"I",  "c":"STORAGE",  "id":6936300, "ctx":"TimestampMonitor","msg":"Drop-pending ident is still in use","attr":{"ident":"collection-47--7819123142730598606","dropTimestamp":{"$timestamp":{"t":0,"i":0}},"error":{"code":314,"codeName":"ObjectIsBusy","errmsg":"Failed to remove drop-pending ident collection-47--7819123142730598606"}}}
2026-08-20T15:46:38.414+05:30  INFO 82922 --- [       Thread-3] d.f.e.m.s.autoconfigure.EmbeddedMongo    : {"t":{"$date":"2026-08-20T15:46:38.413+05:30"},"s":"I",  "c":"STORAGE",  "id":22237,   "ctx":"TimestampMonitor","msg":"Completing drop for ident","attr":{"ident":"index-54--7819123142730598606","dropTimestamp":{"$timestamp":{"t":0,"i":0}}}}
2026-08-20T15:46:38.414+05:30  INFO 82922 --- [       Thread-3] d.f.e.m.s.autoconfigure.EmbeddedMongo    : {"t":{"$date":"2026-08-20T15:46:38.413+05:30"},"s":"I",  "c":"STORAGE",  "id":6936300, "ctx":"TimestampMonitor","msg":"Drop-pending ident is still in use","attr":{"ident":"index-54--7819123142730598606","dropTimestamp":{"$timestamp":{"t":0,"i":0}},"error":{"code":314,"codeName":"ObjectIsBusy","errmsg":"Failed to remove drop-pending ident index-54--7819123142730598606"}}}
2026-08-20T15:46:38.414+05:30  INFO 82922 --- [       Thread-3] d.f.e.m.s.autoconfigure.EmbeddedMongo    : {"t":{"$date":"2026-08-20T15:46:38.413+05:30"},"s":"I",  "c":"STORAGE",  "id":22237,   "ctx":"TimestampMonitor","msg":"Completing drop for ident","attr":{"ident":"collection-53--7819123142730598606","dropTimestamp":{"$timestamp":{"t":0,"i":0}}}}
2026-08-20T15:46:38.414+05:30  INFO 82922 --- [       Thread-3] d.f.e.m.s.autoconfigure.EmbeddedMongo    : {"t":{"$date":"2026-08-20T15:46:38.413+05:30"},"s":"I",  "c":"STORAGE",  "id":6936300, "ctx":"TimestampMonitor","msg":"Drop-pending ident is still in use","attr":{"ident":"collection-53--7819123142730598606","dropTimestamp":{"$timestamp":{"t":0,"i":0}},"error":{"code":314,"codeName":"ObjectIsBusy","errmsg":"Failed to remove drop-pending ident collection-53--7819123142730598606"}}}
2026-08-20T15:46:38.414+05:30  INFO 82922 --- [       Thread-3] d.f.e.m.s.autoconfigure.EmbeddedMongo    : {"t":{"$date":"2026-08-20T15:46:38.413+05:30"},"s":"I",  "c":"STORAGE",  "id":22237,   "ctx":"TimestampMonitor","msg":"Completing drop for ident","attr":{"ident":"index-50--7819123142730598606","dropTimestamp":{"$timestamp":{"t":0,"i":0}}}}
2026-08-20T15:46:38.414+05:30  INFO 82922 --- [       Thread-3] d.f.e.m.s.autoconfigure.EmbeddedMongo    : {"t":{"$date":"2026-08-20T15:46:38.413+05:30"},"s":"I",  "c":"STORAGE",  "id":6936300, "ctx":"TimestampMonitor","msg":"Drop-pending ident is still in use","attr":{"ident":"index-50--7819123142730598606","dropTimestamp":{"$timestamp":{"t":0,"i":0}},"error":{"code":314,"codeName":"ObjectIsBusy","errmsg":"Failed to remove drop-pending ident index-50--7819123142730598606"}}}
2026-08-20T15:46:38.414+05:30  INFO 82922 --- [       Thread-3] d.f.e.m.s.autoconfigure.EmbeddedMongo    : {"t":{"$date":"2026-08-20T15:46:38.413+05:30"},"s":"I",  "c":"STORAGE",  "id":22237,   "ctx":"TimestampMonitor","msg":"Completing drop for ident","attr":{"ident":"collection-49--7819123142730598606","dropTimestamp":{"$timestamp":{"t":0,"i":0}}}}
2026-08-20T15:46:38.414+05:30  INFO 82922 --- [       Thread-3] d.f.e.m.s.autoconfigure.EmbeddedMongo    : {"t":{"$date":"2026-08-20T15:46:38.413+05:30"},"s":"I",  "c":"STORAGE",  "id":6936300, "ctx":"TimestampMonitor","msg":"Drop-pending ident is still in use","attr":{"ident":"collection-49--7819123142730598606","dropTimestamp":{"$timestamp":{"t":0,"i":0}},"error":{"code":314,"codeName":"ObjectIsBusy","errmsg":"Failed to remove drop-pending ident collection-49--7819123142730598606"}}}
2026-08-20T15:46:38.414+05:30  INFO 82922 --- [       Thread-3] d.f.e.m.s.autoconfigure.EmbeddedMongo    : {"t":{"$date":"2026-08-20T15:46:38.413+05:30"},"s":"I",  "c":"STORAGE",  "id":22237,   "ctx":"TimestampMonitor","msg":"Completing drop for ident","attr":{"ident":"index-56--7819123142730598606","dropTimestamp":{"$timestamp":{"t":0,"i":0}}}}
2026-08-20T15:46:38.414+05:30  INFO 82922 --- [       Thread-3] d.f.e.m.s.autoconfigure.EmbeddedMongo    : {"t":{"$date":"2026-08-20T15:46:38.413+05:30"},"s":"I",  "c":"STORAGE",  "id":6936300, "ctx":"TimestampMonitor","msg":"Drop-pending ident is still in use","attr":{"ident":"index-56--7819123142730598606","dropTimestamp":{"$timestamp":{"t":0,"i":0}},"error":{"code":314,"codeName":"ObjectIsBusy","errmsg":"Failed to remove drop-pending ident index-56--7819123142730598606"}}}
2026-08-20T15:46:38.414+05:30  INFO 82922 --- [       Thread-3] d.f.e.m.s.autoconfigure.EmbeddedMongo    : {"t":{"$date":"2026-08-20T15:46:38.413+05:30"},"s":"I",  "c":"STORAGE",  "id":22237,   "ctx":"TimestampMonitor","msg":"Completing drop for ident","attr":{"ident":"collection-55--7819123142730598606","dropTimestamp":{"$timestamp":{"t":0,"i":0}}}}
2026-08-20T15:46:38.414+05:30  INFO 82922 --- [       Thread-3] d.f.e.m.s.autoconfigure.EmbeddedMongo    : {"t":{"$date":"2026-08-20T15:46:38.413+05:30"},"s":"I",  "c":"STORAGE",  "id":6936300, "ctx":"TimestampMonitor","msg":"Drop-pending ident is still in use","attr":{"ident":"collection-55--7819123142730598606","dropTimestamp":{"$timestamp":{"t":0,"i":0}},"error":{"code":314,"codeName":"ObjectIsBusy","errmsg":"Failed to remove drop-pending ident collection-55--7819123142730598606"}}}
2026-08-20T15:46:38.414+05:30  INFO 82922 --- [       Thread-3] d.f.e.m.s.autoconfigure.EmbeddedMongo    : {"t":{"$date":"2026-08-20T15:46:38.413+05:30"},"s":"I",  "c":"STORAGE",  "id":22237,   "ctx":"TimestampMonitor","msg":"Completing drop for ident","attr":{"ident":"index-64--7819123142730598606","dropTimestamp":{"$timestamp":{"t":0,"i":0}}}}
2026-08-20T15:46:38.414+05:30  INFO 82922 --- [       Thread-3] d.f.e.m.s.autoconfigure.EmbeddedMongo    : {"t":{"$date":"2026-08-20T15:46:38.413+05:30"},"s":"I",  "c":"STORAGE",  "id":6936300, "ctx":"TimestampMonitor","msg":"Drop-pending ident is still in use","attr":{"ident":"index-64--7819123142730598606","dropTimestamp":{"$timestamp":{"t":0,"i":0}},"error":{"code":314,"codeName":"ObjectIsBusy","errmsg":"Failed to remove drop-pending ident index-64--7819123142730598606"}}}
2026-08-20T15:46:38.414+05:30  INFO 82922 --- [       Thread-3] d.f.e.m.s.autoconfigure.EmbeddedMongo    : {"t":{"$date":"2026-08-20T15:46:38.413+05:30"},"s":"I",  "c":"STORAGE",  "id":22237,   "ctx":"TimestampMonitor","msg":"Completing drop for ident","attr":{"ident":"collection-63--7819123142730598606","dropTimestamp":{"$timestamp":{"t":0,"i":0}}}}
2026-08-20T15:46:38.414+05:30  INFO 82922 --- [       Thread-3] d.f.e.m.s.autoconfigure.EmbeddedMongo    : {"t":{"$date":"2026-08-20T15:46:38.413+05:30"},"s":"I",  "c":"STORAGE",  "id":6936300, "ctx":"TimestampMonitor","msg":"Drop-pending ident is still in use","attr":{"ident":"collection-63--7819123142730598606","dropTimestamp":{"$timestamp":{"t":0,"i":0}},"error":{"code":314,"codeName":"ObjectIsBusy","errmsg":"Failed to remove drop-pending ident collection-63--7819123142730598606"}}}
2026-08-20T15:46:38.414+05:30  INFO 82922 --- [       Thread-3] d.f.e.m.s.autoconfigure.EmbeddedMongo    : {"t":{"$date":"2026-08-20T15:46:38.413+05:30"},"s":"I",  "c":"STORAGE",  "id":22237,   "ctx":"TimestampMonitor","msg":"Completing drop for ident","attr":{"ident":"index-66--7819123142730598606","dropTimestamp":{"$timestamp":{"t":0,"i":0}}}}
2026-08-20T15:46:38.414+05:30  INFO 82922 --- [       Thread-3] d.f.e.m.s.autoconfigure.EmbeddedMongo    : {"t":{"$date":"2026-08-20T15:46:38.413+05:30"},"s":"I",  "c":"STORAGE",  "id":6936300, "ctx":"TimestampMonitor","msg":"Drop-pending ident is still in use","attr":{"ident":"index-66--7819123142730598606","dropTimestamp":{"$timestamp":{"t":0,"i":0}},"error":{"code":314,"codeName":"ObjectIsBusy","errmsg":"Failed to remove drop-pending ident index-66--7819123142730598606"}}}
2026-08-20T15:46:38.414+05:30  INFO 82922 --- [       Thread-3] d.f.e.m.s.autoconfigure.EmbeddedMongo    : {"t":{"$date":"2026-08-20T15:46:38.413+05:30"},"s":"I",  "c":"STORAGE",  "id":22237,   "ctx":"TimestampMonitor","msg":"Completing drop for ident","attr":{"ident":"collection-65--7819123142730598606","dropTimestamp":{"$timestamp":{"t":0,"i":0}}}}
2026-08-20T15:46:38.414+05:30  INFO 82922 --- [       Thread-3] d.f.e.m.s.autoconfigure.EmbeddedMongo    : {"t":{"$date":"2026-08-20T15:46:38.414+05:30"},"s":"I",  "c":"STORAGE",  "id":6936300, "ctx":"TimestampMonitor","msg":"Drop-pending ident is still in use","attr":{"ident":"collection-65--7819123142730598606","dropTimestamp":{"$timestamp":{"t":0,"i":0}},"error":{"code":314,"codeName":"ObjectIsBusy","errmsg":"Failed to remove drop-pending ident collection-65--7819123142730598606"}}}
2026-08-20T15:46:38.414+05:30  INFO 82922 --- [       Thread-3] d.f.e.m.s.autoconfigure.EmbeddedMongo    : {"t":{"$date":"2026-08-20T15:46:38.414+05:30"},"s":"I",  "c":"STORAGE",  "id":22237,   "ctx":"TimestampMonitor","msg":"Completing drop for ident","attr":{"ident":"index-62--7819123142730598606","dropTimestamp":{"$timestamp":{"t":0,"i":0}}}}
2026-08-20T15:46:38.414+05:30  INFO 82922 --- [       Thread-3] d.f.e.m.s.autoconfigure.EmbeddedMongo    : {"t":{"$date":"2026-08-20T15:46:38.414+05:30"},"s":"I",  "c":"STORAGE",  "id":6936300, "ctx":"TimestampMonitor","msg":"Drop-pending ident is still in use","attr":{"ident":"index-62--7819123142730598606","dropTimestamp":{"$timestamp":{"t":0,"i":0}},"error":{"code":314,"codeName":"ObjectIsBusy","errmsg":"Failed to remove drop-pending ident index-62--7819123142730598606"}}}
2026-08-20T15:46:38.414+05:30  INFO 82922 --- [       Thread-3] d.f.e.m.s.autoconfigure.EmbeddedMongo    : {"t":{"$date":"2026-08-20T15:46:38.414+05:30"},"s":"I",  "c":"STORAGE",  "id":22237,   "ctx":"TimestampMonitor","msg":"Completing drop for ident","attr":{"ident":"collection-61--7819123142730598606","dropTimestamp":{"$timestamp":{"t":0,"i":0}}}}
2026-08-20T15:46:38.414+05:30  INFO 82922 --- [       Thread-3] d.f.e.m.s.autoconfigure.EmbeddedMongo    : {"t":{"$date":"2026-08-20T15:46:38.414+05:30"},"s":"I",  "c":"STORAGE",  "id":6936300, "ctx":"TimestampMonitor","msg":"Drop-pending ident is still in use","attr":{"ident":"collection-61--7819123142730598606","dropTimestamp":{"$timestamp":{"t":0,"i":0}},"error":{"code":314,"codeName":"ObjectIsBusy","errmsg":"Failed to remove drop-pending ident collection-61--7819123142730598606"}}}
2026-08-20T15:46:38.414+05:30  INFO 82922 --- [       Thread-3] d.f.e.m.s.autoconfigure.EmbeddedMongo    : {"t":{"$date":"2026-08-20T15:46:38.414+05:30"},"s":"I",  "c":"STORAGE",  "id":22237,   "ctx":"TimestampMonitor","msg":"Completing drop for ident","attr":{"ident":"index-52--7819123142730598606","dropTimestamp":{"$timestamp":{"t":0,"i":0}}}}
2026-08-20T15:46:38.414+05:30  INFO 82922 --- [       Thread-3] d.f.e.m.s.autoconfigure.EmbeddedMongo    : {"t":{"$date":"2026-08-20T15:46:38.414+05:30"},"s":"I",  "c":"STORAGE",  "id":6936300, "ctx":"TimestampMonitor","msg":"Drop-pending ident is still in use","attr":{"ident":"index-52--7819123142730598606","dropTimestamp":{"$timestamp":{"t":0,"i":0}},"error":{"code":314,"codeName":"ObjectIsBusy","errmsg":"Failed to remove drop-pending ident index-52--7819123142730598606"}}}
2026-08-20T15:46:38.414+05:30  INFO 82922 --- [       Thread-3] d.f.e.m.s.autoconfigure.EmbeddedMongo    : {"t":{"$date":"2026-08-20T15:46:38.414+05:30"},"s":"I",  "c":"STORAGE",  "id":22237,   "ctx":"TimestampMonitor","msg":"Completing drop for ident","attr":{"ident":"collection-51--7819123142730598606","dropTimestamp":{"$timestamp":{"t":0,"i":0}}}}
2026-08-20T15:46:38.414+05:30  INFO 82922 --- [       Thread-3] d.f.e.m.s.autoconfigure.EmbeddedMongo    : {"t":{"$date":"2026-08-20T15:46:38.414+05:30"},"s":"I",  "c":"STORAGE",  "id":6936300, "ctx":"TimestampMonitor","msg":"Drop-pending ident is still in use","attr":{"ident":"collection-51--7819123142730598606","dropTimestamp":{"$timestamp":{"t":0,"i":0}},"error":{"code":314,"codeName":"ObjectIsBusy","errmsg":"Failed to remove drop-pending ident collection-51--7819123142730598606"}}}
2026-08-20T15:46:38.414+05:30  INFO 82922 --- [       Thread-3] d.f.e.m.s.autoconfigure.EmbeddedMongo    : {"t":{"$date":"2026-08-20T15:46:38.414+05:30"},"s":"I",  "c":"STORAGE",  "id":22237,   "ctx":"TimestampMonitor","msg":"Completing drop for ident","attr":{"ident":"index-84--7819123142730598606","dropTimestamp":{"$timestamp":{"t":0,"i":0}}}}
2026-08-20T15:46:38.414+05:30  INFO 82922 --- [       Thread-3] d.f.e.m.s.autoconfigure.EmbeddedMongo    : {"t":{"$date":"2026-08-20T15:46:38.414+05:30"},"s":"I",  "c":"STORAGE",  "id":6936300, "ctx":"TimestampMonitor","msg":"Drop-pending ident is still in use","attr":{"ident":"index-84--7819123142730598606","dropTimestamp":{"$timestamp":{"t":0,"i":0}},"error":{"code":314,"codeName":"ObjectIsBusy","errmsg":"Failed to remove drop-pending ident index-84--7819123142730598606"}}}
2026-08-20T15:46:38.414+05:30  INFO 82922 --- [       Thread-3] d.f.e.m.s.autoconfigure.EmbeddedMongo    : {"t":{"$date":"2026-08-20T15:46:38.414+05:30"},"s":"I",  "c":"STORAGE",  "id":22237,   "ctx":"TimestampMonitor","msg":"Completing drop for ident","attr":{"ident":"collection-83--7819123142730598606","dropTimestamp":{"$timestamp":{"t":0,"i":0}}}}
2026-08-20T15:46:38.414+05:30  INFO 82922 --- [       Thread-3] d.f.e.m.s.autoconfigure.EmbeddedMongo    : {"t":{"$date":"2026-08-20T15:46:38.414+05:30"},"s":"I",  "c":"STORAGE",  "id":6936300, "ctx":"TimestampMonitor","msg":"Drop-pending ident is still in use","attr":{"ident":"collection-83--7819123142730598606","dropTimestamp":{"$timestamp":{"t":0,"i":0}},"error":{"code":314,"codeName":"ObjectIsBusy","errmsg":"Failed to remove drop-pending ident collection-83--7819123142730598606"}}}
2026-08-20T15:46:38.414+05:30  INFO 82922 --- [       Thread-3] d.f.e.m.s.autoconfigure.EmbeddedMongo    : {"t":{"$date":"2026-08-20T15:46:38.414+05:30"},"s":"I",  "c":"STORAGE",  "id":22237,   "ctx":"TimestampMonitor","msg":"Completing drop for ident","attr":{"ident":"index-70--7819123142730598606","dropTimestamp":{"$timestamp":{"t":0,"i":0}}}}
2026-08-20T15:46:38.414+05:30  INFO 82922 --- [       Thread-3] d.f.e.m.s.autoconfigure.EmbeddedMongo    : {"t":{"$date":"2026-08-20T15:46:38.414+05:30"},"s":"I",  "c":"STORAGE",  "id":6936300, "ctx":"TimestampMonitor","msg":"Drop-pending ident is still in use","attr":{"ident":"index-70--7819123142730598606","dropTimestamp":{"$timestamp":{"t":0,"i":0}},"error":{"code":314,"codeName":"ObjectIsBusy","errmsg":"Failed to remove drop-pending ident index-70--7819123142730598606"}}}
2026-08-20T15:46:38.414+05:30  INFO 82922 --- [       Thread-3] d.f.e.m.s.autoconfigure.EmbeddedMongo    : {"t":{"$date":"2026-08-20T15:46:38.414+05:30"},"s":"I",  "c":"STORAGE",  "id":22237,   "ctx":"TimestampMonitor","msg":"Completing drop for ident","attr":{"ident":"collection-69--7819123142730598606","dropTimestamp":{"$timestamp":{"t":0,"i":0}}}}
2026-08-20T15:46:38.414+05:30  INFO 82922 --- [       Thread-3] d.f.e.m.s.autoconfigure.EmbeddedMongo    : {"t":{"$date":"2026-08-20T15:46:38.414+05:30"},"s":"I",  "c":"STORAGE",  "id":6936300, "ctx":"TimestampMonitor","msg":"Drop-pending ident is still in use","attr":{"ident":"collection-69--7819123142730598606","dropTimestamp":{"$timestamp":{"t":0,"i":0}},"error":{"code":314,"codeName":"ObjectIsBusy","errmsg":"Failed to remove drop-pending ident collection-69--7819123142730598606"}}}
2026-08-20T15:46:38.414+05:30  INFO 82922 --- [       Thread-3] d.f.e.m.s.autoconfigure.EmbeddedMongo    : {"t":{"$date":"2026-08-20T15:46:38.414+05:30"},"s":"I",  "c":"STORAGE",  "id":22237,   "ctx":"TimestampMonitor","msg":"Completing drop for ident","attr":{"ident":"index-82--7819123142730598606","dropTimestamp":{"$timestamp":{"t":0,"i":0}}}}
2026-08-20T15:46:38.414+05:30  INFO 82922 --- [       Thread-3] d.f.e.m.s.autoconfigure.EmbeddedMongo    : {"t":{"$date":"2026-08-20T15:46:38.414+05:30"},"s":"I",  "c":"STORAGE",  "id":6936300, "ctx":"TimestampMonitor","msg":"Drop-pending ident is still in use","attr":{"ident":"index-82--7819123142730598606","dropTimestamp":{"$timestamp":{"t":0,"i":0}},"error":{"code":314,"codeName":"ObjectIsBusy","errmsg":"Failed to remove drop-pending ident index-82--7819123142730598606"}}}
2026-08-20T15:46:38.414+05:30  INFO 82922 --- [       Thread-3] d.f.e.m.s.autoconfigure.EmbeddedMongo    : {"t":{"$date":"2026-08-20T15:46:38.414+05:30"},"s":"I",  "c":"STORAGE",  "id":22237,   "ctx":"TimestampMonitor","msg":"Completing drop for ident","attr":{"ident":"collection-81--7819123142730598606","dropTimestamp":{"$timestamp":{"t":0,"i":0}}}}
2026-08-20T15:46:38.414+05:30  INFO 82922 --- [       Thread-3] d.f.e.m.s.autoconfigure.EmbeddedMongo    : {"t":{"$date":"2026-08-20T15:46:38.414+05:30"},"s":"I",  "c":"STORAGE",  "id":6936300, "ctx":"TimestampMonitor","msg":"Drop-pending ident is still in use","attr":{"ident":"collection-81--7819123142730598606","dropTimestamp":{"$timestamp":{"t":0,"i":0}},"error":{"code":314,"codeName":"ObjectIsBusy","errmsg":"Failed to remove drop-pending ident collection-81--7819123142730598606"}}}
2026-08-20T15:46:38.414+05:30  INFO 82922 --- [       Thread-3] d.f.e.m.s.autoconfigure.EmbeddedMongo    : {"t":{"$date":"2026-08-20T15:46:38.414+05:30"},"s":"I",  "c":"STORAGE",  "id":22237,   "ctx":"TimestampMonitor","msg":"Completing drop for ident","attr":{"ident":"index-68--7819123142730598606","dropTimestamp":{"$timestamp":{"t":0,"i":0}}}}
2026-08-20T15:46:38.414+05:30  INFO 82922 --- [       Thread-3] d.f.e.m.s.autoconfigure.EmbeddedMongo    : {"t":{"$date":"2026-08-20T15:46:38.414+05:30"},"s":"I",  "c":"STORAGE",  "id":6936300, "ctx":"TimestampMonitor","msg":"Drop-pending ident is still in use","attr":{"ident":"index-68--7819123142730598606","dropTimestamp":{"$timestamp":{"t":0,"i":0}},"error":{"code":314,"codeName":"ObjectIsBusy","errmsg":"Failed to remove drop-pending ident index-68--7819123142730598606"}}}
2026-08-20T15:46:38.414+05:30  INFO 82922 --- [       Thread-3] d.f.e.m.s.autoconfigure.EmbeddedMongo    : {"t":{"$date":"2026-08-20T15:46:38.414+05:30"},"s":"I",  "c":"STORAGE",  "id":22237,   "ctx":"TimestampMonitor","msg":"Completing drop for ident","attr":{"ident":"collection-67--7819123142730598606","dropTimestamp":{"$timestamp":{"t":0,"i":0}}}}
2026-08-20T15:46:38.414+05:30  INFO 82922 --- [       Thread-3] d.f.e.m.s.autoconfigure.EmbeddedMongo    : {"t":{"$date":"2026-08-20T15:46:38.414+05:30"},"s":"I",  "c":"STORAGE",  "id":6936300, "ctx":"TimestampMonitor","msg":"Drop-pending ident is still in use","attr":{"ident":"collection-67--7819123142730598606","dropTimestamp":{"$timestamp":{"t":0,"i":0}},"error":{"code":314,"codeName":"ObjectIsBusy","errmsg":"Failed to remove drop-pending ident collection-67--7819123142730598606"}}}
2026-08-20T15:46:38.414+05:30  INFO 82922 --- [       Thread-3] d.f.e.m.s.autoconfigure.EmbeddedMongo    : {"t":{"$date":"2026-08-20T15:46:38.414+05:30"},"s":"I",  "c":"STORAGE",  "id":22237,   "ctx":"TimestampMonitor","msg":"Completing drop for ident","attr":{"ident":"index-76--7819123142730598606","dropTimestamp":{"$timestamp":{"t":0,"i":0}}}}
2026-08-20T15:46:38.414+05:30  INFO 82922 --- [       Thread-3] d.f.e.m.s.autoconfigure.EmbeddedMongo    : {"t":{"$date":"2026-08-20T15:46:38.414+05:30"},"s":"I",  "c":"STORAGE",  "id":6936300, "ctx":"TimestampMonitor","msg":"Drop-pending ident is still in use","attr":{"ident":"index-76--7819123142730598606","dropTimestamp":{"$timestamp":{"t":0,"i":0}},"error":{"code":314,"codeName":"ObjectIsBusy","errmsg":"Failed to remove drop-pending ident index-76--7819123142730598606"}}}
2026-08-20T15:46:38.414+05:30  INFO 82922 --- [       Thread-3] d.f.e.m.s.autoconfigure.EmbeddedMongo    : {"t":{"$date":"2026-08-20T15:46:38.414+05:30"},"s":"I",  "c":"STORAGE",  "id":22237,   "ctx":"TimestampMonitor","msg":"Completing drop for ident","attr":{"ident":"collection-75--7819123142730598606","dropTimestamp":{"$timestamp":{"t":0,"i":0}}}}
2026-08-20T15:46:38.414+05:30  INFO 82922 --- [       Thread-3] d.f.e.m.s.autoconfigure.EmbeddedMongo    : {"t":{"$date":"2026-08-20T15:46:38.414+05:30"},"s":"I",  "c":"STORAGE",  "id":6936300, "ctx":"TimestampMonitor","msg":"Drop-pending ident is still in use","attr":{"ident":"collection-75--7819123142730598606","dropTimestamp":{"$timestamp":{"t":0,"i":0}},"error":{"code":314,"codeName":"ObjectIsBusy","errmsg":"Failed to remove drop-pending ident collection-75--7819123142730598606"}}}
2026-08-20T15:46:38.414+05:30  INFO 82922 --- [       Thread-3] d.f.e.m.s.autoconfigure.EmbeddedMongo    : {"t":{"$date":"2026-08-20T15:46:38.414+05:30"},"s":"I",  "c":"STORAGE",  "id":22237,   "ctx":"TimestampMonitor","msg":"Completing drop for ident","attr":{"ident":"index-86--7819123142730598606","dropTimestamp":{"$timestamp":{"t":0,"i":0}}}}
2026-08-20T15:46:38.414+05:30  INFO 82922 --- [       Thread-3] d.f.e.m.s.autoconfigure.EmbeddedMongo    : {"t":{"$date":"2026-08-20T15:46:38.414+05:30"},"s":"I",  "c":"STORAGE",  "id":6936300, "ctx":"TimestampMonitor","msg":"Drop-pending ident is still in use","attr":{"ident":"index-86--7819123142730598606","dropTimestamp":{"$timestamp":{"t":0,"i":0}},"error":{"code":314,"codeName":"ObjectIsBusy","errmsg":"Failed to remove drop-pending ident index-86--7819123142730598606"}}}
2026-08-20T15:46:38.414+05:30  INFO 82922 --- [       Thread-3] d.f.e.m.s.autoconfigure.EmbeddedMongo    : {"t":{"$date":"2026-08-20T15:46:38.414+05:30"},"s":"I",  "c":"STORAGE",  "id":22237,   "ctx":"TimestampMonitor","msg":"Completing drop for ident","attr":{"ident":"collection-85--7819123142730598606","dropTimestamp":{"$timestamp":{"t":0,"i":0}}}}
2026-08-20T15:46:38.414+05:30  INFO 82922 --- [       Thread-3] d.f.e.m.s.autoconfigure.EmbeddedMongo    : {"t":{"$date":"2026-08-20T15:46:38.414+05:30"},"s":"I",  "c":"STORAGE",  "id":6936300, "ctx":"TimestampMonitor","msg":"Drop-pending ident is still in use","attr":{"ident":"collection-85--7819123142730598606","dropTimestamp":{"$timestamp":{"t":0,"i":0}},"error":{"code":314,"codeName":"ObjectIsBusy","errmsg":"Failed to remove drop-pending ident collection-85--7819123142730598606"}}}
2026-08-20T15:46:38.414+05:30  INFO 82922 --- [       Thread-3] d.f.e.m.s.autoconfigure.EmbeddedMongo    : {"t":{"$date":"2026-08-20T15:46:38.414+05:30"},"s":"I",  "c":"STORAGE",  "id":22237,   "ctx":"TimestampMonitor","msg":"Completing drop for ident","attr":{"ident":"index-80--7819123142730598606","dropTimestamp":{"$timestamp":{"t":0,"i":0}}}}
2026-08-20T15:46:38.414+05:30  INFO 82922 --- [       Thread-3] d.f.e.m.s.autoconfigure.EmbeddedMongo    : {"t":{"$date":"2026-08-20T15:46:38.414+05:30"},"s":"I",  "c":"STORAGE",  "id":6936300, "ctx":"TimestampMonitor","msg":"Drop-pending ident is still in use","attr":{"ident":"index-80--7819123142730598606","dropTimestamp":{"$timestamp":{"t":0,"i":0}},"error":{"code":314,"codeName":"ObjectIsBusy","errmsg":"Failed to remove drop-pending ident index-80--7819123142730598606"}}}
2026-08-20T15:46:38.414+05:30  INFO 82922 --- [       Thread-3] d.f.e.m.s.autoconfigure.EmbeddedMongo    : {"t":{"$date":"2026-08-20T15:46:38.414+05:30"},"s":"I",  "c":"STORAGE",  "id":22237,   "ctx":"TimestampMonitor","msg":"Completing drop for ident","attr":{"ident":"collection-79--7819123142730598606","dropTimestamp":{"$timestamp":{"t":0,"i":0}}}}
2026-08-20T15:46:38.414+05:30  INFO 82922 --- [       Thread-3] d.f.e.m.s.autoconfigure.EmbeddedMongo    : {"t":{"$date":"2026-08-20T15:46:38.414+05:30"},"s":"I",  "c":"STORAGE",  "id":6936300, "ctx":"TimestampMonitor","msg":"Drop-pending ident is still in use","attr":{"ident":"collection-79--7819123142730598606","dropTimestamp":{"$timestamp":{"t":0,"i":0}},"error":{"code":314,"codeName":"ObjectIsBusy","errmsg":"Failed to remove drop-pending ident collection-79--7819123142730598606"}}}
2026-08-20T15:46:38.414+05:30  INFO 82922 --- [       Thread-3] d.f.e.m.s.autoconfigure.EmbeddedMongo    : {"t":{"$date":"2026-08-20T15:46:38.414+05:30"},"s":"I",  "c":"STORAGE",  "id":22237,   "ctx":"TimestampMonitor","msg":"Completing drop for ident","attr":{"ident":"index-78--7819123142730598606","dropTimestamp":{"$timestamp":{"t":0,"i":0}}}}
2026-08-20T15:46:38.414+05:30  INFO 82922 --- [       Thread-3] d.f.e.m.s.autoconfigure.EmbeddedMongo    : {"t":{"$date":"2026-08-20T15:46:38.414+05:30"},"s":"I",  "c":"STORAGE",  "id":6936300, "ctx":"TimestampMonitor","msg":"Drop-pending ident is still in use","attr":{"ident":"index-78--7819123142730598606","dropTimestamp":{"$timestamp":{"t":0,"i":0}},"error":{"code":314,"codeName":"ObjectIsBusy","errmsg":"Failed to remove drop-pending ident index-78--7819123142730598606"}}}
2026-08-20T15:46:38.414+05:30  INFO 82922 --- [       Thread-3] d.f.e.m.s.autoconfigure.EmbeddedMongo    : {"t":{"$date":"2026-08-20T15:46:38.414+05:30"},"s":"I",  "c":"STORAGE",  "id":22237,   "ctx":"TimestampMonitor","msg":"Completing drop for ident","attr":{"ident":"collection-77--7819123142730598606","dropTimestamp":{"$timestamp":{"t":0,"i":0}}}}
2026-08-20T15:46:38.414+05:30  INFO 82922 --- [       Thread-3] d.f.e.m.s.autoconfigure.EmbeddedMongo    : {"t":{"$date":"2026-08-20T15:46:38.414+05:30"},"s":"I",  "c":"STORAGE",  "id":6936300, "ctx":"TimestampMonitor","msg":"Drop-pending ident is still in use","attr":{"ident":"collection-77--7819123142730598606","dropTimestamp":{"$timestamp":{"t":0,"i":0}},"error":{"code":314,"codeName":"ObjectIsBusy","errmsg":"Failed to remove drop-pending ident collection-77--7819123142730598606"}}}
2026-08-20T15:46:38.414+05:30  INFO 82922 --- [       Thread-3] d.f.e.m.s.autoconfigure.EmbeddedMongo    : {"t":{"$date":"2026-08-20T15:46:38.414+05:30"},"s":"I",  "c":"STORAGE",  "id":22237,   "ctx":"TimestampMonitor","msg":"Completing drop for ident","attr":{"ident":"index-72--7819123142730598606","dropTimestamp":{"$timestamp":{"t":0,"i":0}}}}
2026-08-20T15:46:38.414+05:30  INFO 82922 --- [       Thread-3] d.f.e.m.s.autoconfigure.EmbeddedMongo    : {"t":{"$date":"2026-08-20T15:46:38.414+05:30"},"s":"I",  "c":"STORAGE",  "id":6936300, "ctx":"TimestampMonitor","msg":"Drop-pending ident is still in use","attr":{"ident":"index-72--7819123142730598606","dropTimestamp":{"$timestamp":{"t":0,"i":0}},"error":{"code":314,"codeName":"ObjectIsBusy","errmsg":"Failed to remove drop-pending ident index-72--7819123142730598606"}}}
2026-08-20T15:46:38.414+05:30  INFO 82922 --- [       Thread-3] d.f.e.m.s.autoconfigure.EmbeddedMongo    : {"t":{"$date":"2026-08-20T15:46:38.414+05:30"},"s":"I",  "c":"STORAGE",  "id":22237,   "ctx":"TimestampMonitor","msg":"Completing drop for ident","attr":{"ident":"collection-71--7819123142730598606","dropTimestamp":{"$timestamp":{"t":0,"i":0}}}}
2026-08-20T15:46:38.414+05:30  INFO 82922 --- [       Thread-3] d.f.e.m.s.autoconfigure.EmbeddedMongo    : {"t":{"$date":"2026-08-20T15:46:38.414+05:30"},"s":"I",  "c":"STORAGE",  "id":6936300, "ctx":"TimestampMonitor","msg":"Drop-pending ident is still in use","attr":{"ident":"collection-71--7819123142730598606","dropTimestamp":{"$timestamp":{"t":0,"i":0}},"error":{"code":314,"codeName":"ObjectIsBusy","errmsg":"Failed to remove drop-pending ident collection-71--7819123142730598606"}}}
2026-08-20T15:46:38.414+05:30  INFO 82922 --- [       Thread-3] d.f.e.m.s.autoconfigure.EmbeddedMongo    : {"t":{"$date":"2026-08-20T15:46:38.414+05:30"},"s":"I",  "c":"STORAGE",  "id":22237,   "ctx":"TimestampMonitor","msg":"Completing drop for ident","attr":{"ident":"index-74--7819123142730598606","dropTimestamp":{"$timestamp":{"t":0,"i":0}}}}
2026-08-20T15:46:38.414+05:30  INFO 82922 --- [       Thread-3] d.f.e.m.s.autoconfigure.EmbeddedMongo    : {"t":{"$date":"2026-08-20T15:46:38.414+05:30"},"s":"I",  "c":"STORAGE",  "id":6936300, "ctx":"TimestampMonitor","msg":"Drop-pending ident is still in use","attr":{"ident":"index-74--7819123142730598606","dropTimestamp":{"$timestamp":{"t":0,"i":0}},"error":{"code":314,"codeName":"ObjectIsBusy","errmsg":"Failed to remove drop-pending ident index-74--7819123142730598606"}}}
2026-08-20T15:46:38.414+05:30  INFO 82922 --- [       Thread-3] d.f.e.m.s.autoconfigure.EmbeddedMongo    : {"t":{"$date":"2026-08-20T15:46:38.414+05:30"},"s":"I",  "c":"STORAGE",  "id":22237,   "ctx":"TimestampMonitor","msg":"Completing drop for ident","attr":{"ident":"collection-73--7819123142730598606","dropTimestamp":{"$timestamp":{"t":0,"i":0}}}}
2026-08-20T15:46:38.414+05:30  INFO 82922 --- [       Thread-3] d.f.e.m.s.autoconfigure.EmbeddedMongo    : {"t":{"$date":"2026-08-20T15:46:38.414+05:30"},"s":"I",  "c":"STORAGE",  "id":6936300, "ctx":"TimestampMonitor","msg":"Drop-pending ident is still in use","attr":{"ident":"collection-73--7819123142730598606","dropTimestamp":{"$timestamp":{"t":0,"i":0}},"error":{"code":314,"codeName":"ObjectIsBusy","errmsg":"Failed to remove drop-pending ident collection-73--7819123142730598606"}}}
2026-08-20T15:46:38.418+05:30  INFO 82922 --- [       Thread-3] d.f.e.m.s.autoconfigure.EmbeddedMongo    : {"t":{"$date":"2026-08-20T15:46:38.418+05:30"},"s":"I",  "c":"STORAGE",  "id":20320,   "ctx":"conn3","msg":"createCollection","attr":{"namespace":"customer360_test.users","uuidDisposition":"generated","uuid":{"uuid":{"$uuid":"29721ebe-e837-4e8f-85aa-6e291f9d3602"}},"options":{}}}
2026-08-20T15:46:38.434+05:30  INFO 82922 --- [       Thread-3] d.f.e.m.s.autoconfigure.EmbeddedMongo    : {"t":{"$date":"2026-08-20T15:46:38.434+05:30"},"s":"I",  "c":"REPL",     "id":7360102, "ctx":"conn3","msg":"Added oplog entry for create to transaction","attr":{"namespace":"customer360_test.$cmd","uuid":{"uuid":{"$uuid":"29721ebe-e837-4e8f-85aa-6e291f9d3602"}},"object":{"create":"users","idIndex":{"v":2,"key":{"_id":1},"name":"_id_"}}}}
2026-08-20T15:46:38.434+05:30  INFO 82922 --- [       Thread-3] d.f.e.m.s.autoconfigure.EmbeddedMongo    : {"t":{"$date":"2026-08-20T15:46:38.434+05:30"},"s":"I",  "c":"INDEX",    "id":20345,   "ctx":"conn3","msg":"Index build: done building","attr":{"buildUUID":null,"collectionUUID":{"uuid":{"$uuid":"29721ebe-e837-4e8f-85aa-6e291f9d3602"}},"namespace":"customer360_test.users","index":"_id_","ident":"index-88--7819123142730598606","collectionIdent":"collection-87--7819123142730598606","commitTimestamp":null}}
2026-08-20T15:46:38.598+05:30  INFO 82922 --- [           main] c.p.c.config.InitialDataSeeder           : Default users seeded successfully.
2026-08-20T15:46:38.599+05:30  INFO 82922 --- [       Thread-3] d.f.e.m.s.autoconfigure.EmbeddedMongo    : {"t":{"$date":"2026-08-20T15:46:38.599+05:30"},"s":"I",  "c":"STORAGE",  "id":20320,   "ctx":"conn3","msg":"createCollection","attr":{"namespace":"customer360_test.raw_equity_customers","uuidDisposition":"generated","uuid":{"uuid":{"$uuid":"0b15dcd5-a4a8-4078-91b1-03a63c745f8d"}},"options":{}}}
2026-08-20T15:46:38.621+05:30  INFO 82922 --- [       Thread-3] d.f.e.m.s.autoconfigure.EmbeddedMongo    : {"t":{"$date":"2026-08-20T15:46:38.621+05:30"},"s":"I",  "c":"REPL",     "id":7360102, "ctx":"conn3","msg":"Added oplog entry for create to transaction","attr":{"namespace":"customer360_test.$cmd","uuid":{"uuid":{"$uuid":"0b15dcd5-a4a8-4078-91b1-03a63c745f8d"}},"object":{"create":"raw_equity_customers","idIndex":{"v":2,"key":{"_id":1},"name":"_id_"}}}}
[...]
2026-08-20T15:46:40.795+05:30  WARN 82922 --- [           main] c.p.c.config_rules.ConfigService         : No match-weights config found — using defaults
2026-08-20T15:46:40.795+05:30  WARN 82922 --- [           main] c.p.c.config_rules.ConfigService         : No match-weights config found — using defaults
2026-08-20T15:46:40.795+05:30  WARN 82922 --- [           main] c.p.c.config_rules.ConfigService         : No match-weights config found — using defaults
2026-08-20T15:46:40.795+05:30  WARN 82922 --- [           main] c.p.c.config_rules.ConfigService         : No match-weights config found — using defaults
2026-08-20T15:46:40.797+05:30  WARN 82922 --- [           main] c.p.c.config_rules.ConfigService         : No match-weights config found — using defaults
2026-08-20T15:46:40.797+05:30  WARN 82922 --- [           main] c.p.c.config_rules.ConfigService         : No match-weights config found — using defaults
2026-08-20T15:46:40.798+05:30  WARN 82922 --- [           main] c.p.c.config_rules.ConfigService         : No match-weights config found — using defaults
2026-08-20T15:46:40.798+05:30  WARN 82922 --- [           main] c.p.c.config_rules.ConfigService         : No match-weights config found — using defaults
2026-08-20T15:46:40.800+05:30  WARN 82922 --- [           main] c.p.c.config_rules.ConfigService         : No match-weights config found — using defaults
2026-08-20T15:46:40.800+05:30  WARN 82922 --- [           main] c.p.c.config_rules.ConfigService         : No match-weights config found — using defaults
2026-08-20T15:46:40.801+05:30  WARN 82922 --- [           main] c.p.c.config_rules.ConfigService         : No match-weights config found — using defaults
2026-08-20T15:46:40.801+05:30  WARN 82922 --- [           main] c.p.c.config_rules.ConfigService         : No match-weights config found — using defaults
2026-08-20T15:46:40.803+05:30  WARN 82922 --- [           main] c.p.c.config_rules.ConfigService         : No match-weights config found — using defaults
2026-08-20T15:46:40.803+05:30  WARN 82922 --- [           main] c.p.c.config_rules.ConfigService         : No match-weights config found — using defaults
2026-08-20T15:46:40.803+05:30  WARN 82922 --- [           main] c.p.c.config_rules.ConfigService         : No match-weights config found — using defaults
2026-08-20T15:46:40.803+05:30  WARN 82922 --- [           main] c.p.c.config_rules.ConfigService         : No match-weights config found — using defaults
2026-08-20T15:46:40.804+05:30  WARN 82922 --- [           main] c.p.c.config_rules.ConfigService         : No match-weights config found — using defaults
2026-08-20T15:46:40.804+05:30  WARN 82922 --- [           main] c.p.c.config_rules.ConfigService         : No match-weights config found — using defaults
2026-08-20T15:46:40.804+05:30  WARN 82922 --- [           main] c.p.c.config_rules.ConfigService         : No match-weights config found — using defaults
2026-08-20T15:46:40.804+05:30  WARN 82922 --- [           main] c.p.c.config_rules.ConfigService         : No match-weights config found — using defaults
2026-08-20T15:46:40.804+05:30  WARN 82922 --- [           main] c.p.c.config_rules.ConfigService         : No match-weights config found — using defaults
2026-08-20T15:46:40.804+05:30  WARN 82922 --- [           main] c.p.c.config_rules.ConfigService         : No match-weights config found — using defaults
2026-08-20T15:46:40.805+05:30  WARN 82922 --- [           main] c.p.c.config_rules.ConfigService         : No match-weights config found — using defaults
2026-08-20T15:46:40.805+05:30  WARN 82922 --- [           main] c.p.c.config_rules.ConfigService         : No match-weights config found — using defaults
2026-08-20T15:46:40.805+05:30  WARN 82922 --- [           main] c.p.c.config_rules.ConfigService         : No match-weights config found — using defaults
2026-08-20T15:46:40.805+05:30  WARN 82922 --- [           main] c.p.c.config_rules.ConfigService         : No match-weights config found — using defaults
2026-08-20T15:46:40.806+05:30  WARN 82922 --- [           main] c.p.c.config_rules.ConfigService         : No match-weights config found — using defaults
2026-08-20T15:46:40.806+05:30  WARN 82922 --- [           main] c.p.c.config_rules.ConfigService         : No match-weights config found — using defaults
2026-08-20T15:46:40.807+05:30  WARN 82922 --- [           main] c.p.c.config_rules.ConfigService         : No match-weights config found — using defaults
2026-08-20T15:46:40.807+05:30  WARN 82922 --- [           main] c.p.c.config_rules.ConfigService         : No match-weights config found — using defaults
2026-08-20T15:46:40.809+05:30  WARN 82922 --- [           main] c.p.c.config_rules.ConfigService         : No match-weights config found — using defaults
2026-08-20T15:46:40.809+05:30  WARN 82922 --- [           main] c.p.c.config_rules.ConfigService         : No match-weights config found — using defaults
2026-08-20T15:46:40.809+05:30  WARN 82922 --- [           main] c.p.c.config_rules.ConfigService         : No match-weights config found — using defaults
2026-08-20T15:46:40.809+05:30  WARN 82922 --- [           main] c.p.c.config_rules.ConfigService         : No match-weights config found — using defaults
2026-08-20T15:46:40.810+05:30  WARN 82922 --- [           main] c.p.c.config_rules.ConfigService         : No match-weights config found — using defaults
2026-08-20T15:46:40.810+05:30  WARN 82922 --- [           main] c.p.c.config_rules.ConfigService         : No match-weights config found — using defaults
2026-08-20T15:46:40.812+05:30  WARN 82922 --- [           main] c.p.c.config_rules.ConfigService         : No match-weights config found — using defaults
2026-08-20T15:46:40.812+05:30  WARN 82922 --- [           main] c.p.c.config_rules.ConfigService         : No match-weights config found — using defaults
2026-08-20T15:46:40.813+05:30  WARN 82922 --- [           main] c.p.c.config_rules.ConfigService         : No match-weights config found — using defaults
2026-08-20T15:46:40.813+05:30  WARN 82922 --- [           main] c.p.c.config_rules.ConfigService         : No match-weights config found — using defaults
2026-08-20T15:46:40.815+05:30  WARN 82922 --- [           main] c.p.c.config_rules.ConfigService         : No match-weights config found — using defaults
2026-08-20T15:46:40.815+05:30  WARN 82922 --- [           main] c.p.c.config_rules.ConfigService         : No match-weights config found — using defaults
2026-08-20T15:46:40.816+05:30  WARN 82922 --- [           main] c.p.c.config_rules.ConfigService         : No match-weights config found — using defaults
2026-08-20T15:46:40.816+05:30  WARN 82922 --- [           main] c.p.c.config_rules.ConfigService         : No match-weights config found — using defaults
2026-08-20T15:46:40.817+05:30  WARN 82922 --- [           main] c.p.c.config_rules.ConfigService         : No match-weights config found — using defaults
2026-08-20T15:46:40.817+05:30  WARN 82922 --- [           main] c.p.c.config_rules.ConfigService         : No match-weights config found — using defaults
2026-08-20T15:46:40.818+05:30  WARN 82922 --- [           main] c.p.c.config_rules.ConfigService         : No match-weights config found — using defaults
2026-08-20T15:46:40.818+05:30  WARN 82922 --- [           main] c.p.c.config_rules.ConfigService         : No match-weights config found — using defaults
2026-08-20T15:46:40.819+05:30  WARN 82922 --- [           main] c.p.c.config_rules.ConfigService         : No match-weights config found — using defaults
2026-08-20T15:46:40.819+05:30  WARN 82922 --- [           main] c.p.c.config_rules.ConfigService         : No match-weights config found — using defaults
2026-08-20T15:46:40.820+05:30  WARN 82922 --- [           main] c.p.c.config_rules.ConfigService         : No match-weights config found — using defaults
2026-08-20T15:46:40.820+05:30  WARN 82922 --- [           main] c.p.c.config_rules.ConfigService         : No match-weights config found — using defaults
2026-08-20T15:46:40.821+05:30  WARN 82922 --- [           main] c.p.c.config_rules.ConfigService         : No match-weights config found — using defaults
2026-08-20T15:46:40.821+05:30  WARN 82922 --- [           main] c.p.c.config_rules.ConfigService         : No match-weights config found — using defaults
2026-08-20T15:46:40.822+05:30  WARN 82922 --- [           main] c.p.c.config_rules.ConfigService         : No match-weights config found — using defaults
2026-08-20T15:46:40.822+05:30  WARN 82922 --- [           main] c.p.c.config_rules.ConfigService         : No match-weights config found — using defaults
2026-08-20T15:46:40.823+05:30  WARN 82922 --- [           main] c.p.c.config_rules.ConfigService         : No match-weights config found — using defaults
2026-08-20T15:46:40.823+05:30  WARN 82922 --- [           main] c.p.c.config_rules.ConfigService         : No match-weights config found — using defaults
2026-08-20T15:46:40.824+05:30  WARN 82922 --- [           main] c.p.c.config_rules.ConfigService         : No match-weights config found — using defaults
2026-08-20T15:46:40.824+05:30  WARN 82922 --- [           main] c.p.c.config_rules.ConfigService         : No match-weights config found — using defaults
2026-08-20T15:46:40.825+05:30  WARN 82922 --- [           main] c.p.c.config_rules.ConfigService         : No match-weights config found — using defaults
2026-08-20T15:46:40.825+05:30  WARN 82922 --- [           main] c.p.c.config_rules.ConfigService         : No match-weights config found — using defaults
2026-08-20T15:46:40.826+05:30  WARN 82922 --- [           main] c.p.c.config_rules.ConfigService         : No match-weights config found — using defaults
2026-08-20T15:46:40.826+05:30  WARN 82922 --- [           main] c.p.c.config_rules.ConfigService         : No match-weights config found — using defaults
2026-08-20T15:46:40.826+05:30  WARN 82922 --- [           main] c.p.c.config_rules.ConfigService         : No match-weights config found — using defaults
2026-08-20T15:46:40.826+05:30  WARN 82922 --- [           main] c.p.c.config_rules.ConfigService         : No match-weights config found — using defaults
2026-08-20T15:46:40.827+05:30  WARN 82922 --- [           main] c.p.c.config_rules.ConfigService         : No match-weights config found — using defaults
2026-08-20T15:46:40.827+05:30  WARN 82922 --- [           main] c.p.c.config_rules.ConfigService         : No match-weights config found — using defaults
2026-08-20T15:46:40.827+05:30  WARN 82922 --- [           main] c.p.c.config_rules.ConfigService         : No match-weights config found — using defaults
2026-08-20T15:46:40.827+05:30  WARN 82922 --- [           main] c.p.c.config_rules.ConfigService         : No match-weights config found — using defaults
2026-08-20T15:46:40.828+05:30  WARN 82922 --- [           main] c.p.c.config_rules.ConfigService         : No match-weights config found — using defaults
2026-08-20T15:46:40.828+05:30  WARN 82922 --- [           main] c.p.c.config_rules.ConfigService         : No match-weights config found — using defaults
2026-08-20T15:46:40.830+05:30  WARN 82922 --- [           main] c.p.c.config_rules.ConfigService         : No match-weights config found — using defaults
2026-08-20T15:46:40.830+05:30  WARN 82922 --- [           main] c.p.c.config_rules.ConfigService         : No match-weights config found — using defaults
2026-08-20T15:46:40.832+05:30  WARN 82922 --- [           main] c.p.c.config_rules.ConfigService         : No match-weights config found — using defaults
2026-08-20T15:46:40.832+05:30  WARN 82922 --- [           main] c.p.c.config_rules.ConfigService         : No match-weights config found — using defaults
2026-08-20T15:46:40.833+05:30  WARN 82922 --- [           main] c.p.c.config_rules.ConfigService         : No match-weights config found — using defaults
2026-08-20T15:46:40.833+05:30  WARN 82922 --- [           main] c.p.c.config_rules.ConfigService         : No match-weights config found — using defaults
2026-08-20T15:46:40.834+05:30  WARN 82922 --- [           main] c.p.c.config_rules.ConfigService         : No match-weights config found — using defaults
2026-08-20T15:46:40.834+05:30  WARN 82922 --- [           main] c.p.c.config_rules.ConfigService         : No match-weights config found — using defaults
2026-08-20T15:46:40.835+05:30  WARN 82922 --- [           main] c.p.c.config_rules.ConfigService         : No match-weights config found — using defaults
2026-08-20T15:46:40.835+05:30  WARN 82922 --- [           main] c.p.c.config_rules.ConfigService         : No match-weights config found — using defaults
2026-08-20T15:46:40.837+05:30  WARN 82922 --- [           main] c.p.c.config_rules.ConfigService         : No match-weights config found — using defaults
2026-08-20T15:46:40.837+05:30  WARN 82922 --- [           main] c.p.c.config_rules.ConfigService         : No match-weights config found — using defaults
2026-08-20T15:46:40.838+05:30  WARN 82922 --- [           main] c.p.c.config_rules.ConfigService         : No match-weights config found — using defaults
2026-08-20T15:46:40.839+05:30  WARN 82922 --- [           main] c.p.c.config_rules.ConfigService         : No match-weights config found — using defaults
2026-08-20T15:46:40.840+05:30  WARN 82922 --- [           main] c.p.c.config_rules.ConfigService         : No match-weights config found — using defaults
2026-08-20T15:46:40.840+05:30  WARN 82922 --- [           main] c.p.c.config_rules.ConfigService         : No match-weights config found — using defaults
2026-08-20T15:46:40.842+05:30  WARN 82922 --- [           main] c.p.c.config_rules.ConfigService         : No match-weights config found — using defaults
2026-08-20T15:46:40.842+05:30  WARN 82922 --- [           main] c.p.c.config_rules.ConfigService         : No match-weights config found — using defaults
2026-08-20T15:46:40.844+05:30  WARN 82922 --- [           main] c.p.c.config_rules.ConfigService         : No match-weights config found — using defaults
2026-08-20T15:46:40.844+05:30  WARN 82922 --- [           main] c.p.c.config_rules.ConfigService         : No match-weights config found — using defaults
2026-08-20T15:46:40.845+05:30  WARN 82922 --- [           main] c.p.c.config_rules.ConfigService         : No match-weights config found — using defaults
2026-08-20T15:46:40.845+05:30  WARN 82922 --- [           main] c.p.c.config_rules.ConfigService         : No match-weights config found — using defaults
2026-08-20T15:46:40.848+05:30  WARN 82922 --- [           main] c.p.c.config_rules.ConfigService         : No match-weights config found — using defaults
2026-08-20T15:46:40.848+05:30  WARN 82922 --- [           main] c.p.c.config_rules.ConfigService         : No match-weights config found — using defaults
2026-08-20T15:46:40.850+05:30  WARN 82922 --- [           main] c.p.c.config_rules.ConfigService         : No match-weights config found — using defaults
2026-08-20T15:46:40.850+05:30  WARN 82922 --- [           main] c.p.c.config_rules.ConfigService         : No match-weights config found — using defaults
2026-08-20T15:46:40.852+05:30  WARN 82922 --- [           main] c.p.c.config_rules.ConfigService         : No match-weights config found — using defaults
2026-08-20T15:46:40.852+05:30  WARN 82922 --- [           main] c.p.c.config_rules.ConfigService         : No match-weights config found — using defaults
2026-08-20T15:46:40.852+05:30  WARN 82922 --- [           main] c.p.c.config_rules.ConfigService         : No match-weights config found — using defaults
2026-08-20T15:46:40.852+05:30  WARN 82922 --- [           main] c.p.c.config_rules.ConfigService         : No match-weights config found — using defaults
2026-08-20T15:46:40.853+05:30  WARN 82922 --- [           main] c.p.c.config_rules.ConfigService         : No match-weights config found — using defaults
2026-08-20T15:46:40.853+05:30  WARN 82922 --- [           main] c.p.c.config_rules.ConfigService         : No match-weights config found — using defaults
2026-08-20T15:46:40.853+05:30  WARN 82922 --- [           main] c.p.c.config_rules.ConfigService         : No match-weights config found — using defaults
2026-08-20T15:46:40.853+05:30  WARN 82922 --- [           main] c.p.c.config_rules.ConfigService         : No match-weights config found — using defaults
2026-08-20T15:46:40.854+05:30  WARN 82922 --- [           main] c.p.c.config_rules.ConfigService         : No match-weights config found — using defaults
2026-08-20T15:46:40.854+05:30  WARN 82922 --- [           main] c.p.c.config_rules.ConfigService         : No match-weights config found — using defaults
2026-08-20T15:46:40.855+05:30  WARN 82922 --- [           main] c.p.c.config_rules.ConfigService         : No match-weights config found — using defaults
2026-08-20T15:46:40.855+05:30  WARN 82922 --- [           main] c.p.c.config_rules.ConfigService         : No match-weights config found — using defaults
2026-08-20T15:46:40.855+05:30  WARN 82922 --- [           main] c.p.c.config_rules.ConfigService         : No match-weights config found — using defaults
2026-08-20T15:46:40.855+05:30  WARN 82922 --- [           main] c.p.c.config_rules.ConfigService         : No match-weights config found — using defaults
2026-08-20T15:46:40.856+05:30  WARN 82922 --- [           main] c.p.c.config_rules.ConfigService         : No match-weights config found — using defaults
2026-08-20T15:46:40.856+05:30  WARN 82922 --- [           main] c.p.c.config_rules.ConfigService         : No match-weights config found — using defaults
2026-08-20T15:46:40.856+05:30  WARN 82922 --- [           main] c.p.c.config_rules.ConfigService         : No match-weights config found — using defaults
2026-08-20T15:46:40.856+05:30  WARN 82922 --- [           main] c.p.c.config_rules.ConfigService         : No match-weights config found — using defaults
2026-08-20T15:46:40.857+05:30  WARN 82922 --- [           main] c.p.c.config_rules.ConfigService         : No match-weights config found — using defaults
2026-08-20T15:46:40.857+05:30  WARN 82922 --- [           main] c.p.c.config_rules.ConfigService         : No match-weights config found — using defaults
2026-08-20T15:46:40.858+05:30  WARN 82922 --- [           main] c.p.c.config_rules.ConfigService         : No match-weights config found — using defaults
2026-08-20T15:46:40.858+05:30  WARN 82922 --- [           main] c.p.c.config_rules.ConfigService         : No match-weights config found — using defaults
2026-08-20T15:46:40.858+05:30  WARN 82922 --- [           main] c.p.c.config_rules.ConfigService         : No match-weights config found — using defaults
2026-08-20T15:46:40.858+05:30  WARN 82922 --- [           main] c.p.c.config_rules.ConfigService         : No match-weights config found — using defaults
2026-08-20T15:46:40.859+05:30  WARN 82922 --- [           main] c.p.c.config_rules.ConfigService         : No match-weights config found — using defaults
2026-08-20T15:46:40.859+05:30  WARN 82922 --- [           main] c.p.c.config_rules.ConfigService         : No match-weights config found — using defaults
2026-08-20T15:46:40.859+05:30  WARN 82922 --- [           main] c.p.c.config_rules.ConfigService         : No match-weights config found — using defaults
2026-08-20T15:46:40.859+05:30  WARN 82922 --- [           main] c.p.c.config_rules.ConfigService         : No match-weights config found — using defaults
2026-08-20T15:46:40.861+05:30  WARN 82922 --- [           main] c.p.c.config_rules.ConfigService         : No match-weights config found — using defaults
2026-08-20T15:46:40.861+05:30  WARN 82922 --- [           main] c.p.c.config_rules.ConfigService         : No match-weights config found — using defaults
2026-08-20T15:46:40.919+05:30  INFO 82922 --- [           main] c.p.c.ingestion.IngestionService         : Pipeline rebuild complete: evaluated 336 record pairs, created 21 golden customers.
]]></system-out>
  </testcase>
</testsuite>