<?xml version="1.0" encoding="UTF-8"?>
<testsuite xmlns:xsi="http://www.w3.org/2001/XMLSchema-instance" xsi:noNamespaceSchemaLocation="https://maven.apache.org/surefire/maven-surefire-plugin/xsd/surefire-test-report-3.0.xsd" version="3.0" name="com.ps04.customer360.matching.ConfidenceScoringServiceTest" time="0.067" tests="1" errors="0" skipped="0" failures="0">
  <properties>
[...]
</properties>
  <testcase name="missingFieldIsNotScoredAsConflict" classname="com.ps04.customer360.matching.ConfidenceScoringServiceTest" time="0.065">
    <system-out><![CDATA[2026-08-20T13:51:46.790+05:30  INFO 33684 --- [       Thread-3] d.f.e.m.s.autoconfigure.EmbeddedMongo    : {"t":{"$date":"2026-08-20T13:51:46.790+05:30"},"s":"I",  "c":"STORAGE",  "id":22260,   "ctx":"TimestampMonitor","msg":"Removing drop-pending idents with drop timestamps before timestamp","attr":{"timestamp":{"$timestamp":{"t":0,"i":0}}}}
2026-08-20T13:51:46.790+05:30  INFO 33684 --- [       Thread-3] d.f.e.m.s.autoconfigure.EmbeddedMongo    : {"t":{"$date":"2026-08-20T13:51:46.790+05:30"},"s":"I",  "c":"STORAGE",  "id":22237,   "ctx":"TimestampMonitor","msg":"Completing drop for ident","attr":{"ident":"index-46--1415079027012356863","dropTimestamp":{"$timestamp":{"t":0,"i":0}}}}
2026-08-20T13:51:46.790+05:30  INFO 33684 --- [       Thread-3] d.f.e.m.s.autoconfigure.EmbeddedMongo    : {"t":{"$date":"2026-08-20T13:51:46.790+05:30"},"s":"I",  "c":"STORAGE",  "id":6936300, "ctx":"TimestampMonitor","msg":"Drop-pending ident is still in use","attr":{"ident":"index-46--1415079027012356863","dropTimestamp":{"$timestamp":{"t":0,"i":0}},"error":{"code":314,"codeName":"ObjectIsBusy","errmsg":"Failed to remove drop-pending ident index-46--1415079027012356863"}}}
2026-08-20T13:51:46.790+05:30  INFO 33684 --- [       Thread-3] d.f.e.m.s.autoconfigure.EmbeddedMongo    : {"t":{"$date":"2026-08-20T13:51:46.790+05:30"},"s":"I",  "c":"STORAGE",  "id":22237,   "ctx":"TimestampMonitor","msg":"Completing drop for ident","attr":{"ident":"collection-45--1415079027012356863","dropTimestamp":{"$timestamp":{"t":0,"i":0}}}}
2026-08-20T13:51:46.790+05:30  INFO 33684 --- [       Thread-3] d.f.e.m.s.autoconfigure.EmbeddedMongo    : {"t":{"$date":"2026-08-20T13:51:46.790+05:30"},"s":"I",  "c":"STORAGE",  "id":6936300, "ctx":"TimestampMonitor","msg":"Drop-pending ident is still in use","attr":{"ident":"collection-45--1415079027012356863","dropTimestamp":{"$timestamp":{"t":0,"i":0}},"error":{"code":314,"codeName":"ObjectIsBusy","errmsg":"Failed to remove drop-pending ident collection-45--1415079027012356863"}}}
2026-08-20T13:51:46.790+05:30  INFO 33684 --- [       Thread-3] d.f.e.m.s.autoconfigure.EmbeddedMongo    : {"t":{"$date":"2026-08-20T13:51:46.790+05:30"},"s":"I",  "c":"STORAGE",  "id":22237,   "ctx":"TimestampMonitor","msg":"Completing drop for ident","attr":{"ident":"index-8--1415079027012356863","dropTimestamp":{"$timestamp":{"t":0,"i":0}}}}
2026-08-20T13:51:46.790+05:30  INFO 33684 --- [       Thread-3] d.f.e.m.s.autoconfigure.EmbeddedMongo    : {"t":{"$date":"2026-08-20T13:51:46.790+05:30"},"s":"I",  "c":"STORAGE",  "id":6936300, "ctx":"TimestampMonitor","msg":"Drop-pending ident is still in use","attr":{"ident":"index-8--1415079027012356863","dropTimestamp":{"$timestamp":{"t":0,"i":0}},"error":{"code":314,"codeName":"ObjectIsBusy","errmsg":"Failed to remove drop-pending ident index-8--1415079027012356863"}}}
2026-08-20T13:51:46.790+05:30  INFO 33684 --- [       Thread-3] d.f.e.m.s.autoconfigure.EmbeddedMongo    : {"t":{"$date":"2026-08-20T13:51:46.790+05:30"},"s":"I",  "c":"STORAGE",  "id":22237,   "ctx":"TimestampMonitor","msg":"Completing drop for ident","attr":{"ident":"index-9--1415079027012356863","dropTimestamp":{"$timestamp":{"t":0,"i":0}}}}
2026-08-20T13:51:46.790+05:30  INFO 33684 --- [       Thread-3] d.f.e.m.s.autoconfigure.EmbeddedMongo    : {"t":{"$date":"2026-08-20T13:51:46.790+05:30"},"s":"I",  "c":"STORAGE",  "id":6936300, "ctx":"TimestampMonitor","msg":"Drop-pending ident is still in use","attr":{"ident":"index-9--1415079027012356863","dropTimestamp":{"$timestamp":{"t":0,"i":0}},"error":{"code":314,"codeName":"ObjectIsBusy","errmsg":"Failed to remove drop-pending ident index-9--1415079027012356863"}}}
2026-08-20T13:51:46.790+05:30  INFO 33684 --- [       Thread-3] d.f.e.m.s.autoconfigure.EmbeddedMongo    : {"t":{"$date":"2026-08-20T13:51:46.790+05:30"},"s":"I",  "c":"STORAGE",  "id":22237,   "ctx":"TimestampMonitor","msg":"Completing drop for ident","attr":{"ident":"index-10--1415079027012356863","dropTimestamp":{"$timestamp":{"t":0,"i":0}}}}
2026-08-20T13:51:46.790+05:30  INFO 33684 --- [       Thread-3] d.f.e.m.s.autoconfigure.EmbeddedMongo    : {"t":{"$date":"2026-08-20T13:51:46.790+05:30"},"s":"I",  "c":"STORAGE",  "id":6936300, "ctx":"TimestampMonitor","msg":"Drop-pending ident is still in use","attr":{"ident":"index-10--1415079027012356863","dropTimestamp":{"$timestamp":{"t":0,"i":0}},"error":{"code":314,"codeName":"ObjectIsBusy","errmsg":"Failed to remove drop-pending ident index-10--1415079027012356863"}}}
2026-08-20T13:51:46.790+05:30  INFO 33684 --- [       Thread-3] d.f.e.m.s.autoconfigure.EmbeddedMongo    : {"t":{"$date":"2026-08-20T13:51:46.790+05:30"},"s":"I",  "c":"STORAGE",  "id":22237,   "ctx":"TimestampMonitor","msg":"Completing drop for ident","attr":{"ident":"collection-7--1415079027012356863","dropTimestamp":{"$timestamp":{"t":0,"i":0}}}}
2026-08-20T13:51:46.790+05:30  INFO 33684 --- [       Thread-3] d.f.e.m.s.autoconfigure.EmbeddedMongo    : {"t":{"$date":"2026-08-20T13:51:46.790+05:30"},"s":"I",  "c":"STORAGE",  "id":6936300, "ctx":"TimestampMonitor","msg":"Drop-pending ident is still in use","attr":{"ident":"collection-7--1415079027012356863","dropTimestamp":{"$timestamp":{"t":0,"i":0}},"error":{"code":314,"codeName":"ObjectIsBusy","errmsg":"Failed to remove drop-pending ident collection-7--1415079027012356863"}}}
2026-08-20T13:51:46.790+05:30  INFO 33684 --- [       Thread-3] d.f.e.m.s.autoconfigure.EmbeddedMongo    : {"t":{"$date":"2026-08-20T13:51:46.790+05:30"},"s":"I",  "c":"STORAGE",  "id":22237,   "ctx":"TimestampMonitor","msg":"Completing drop for ident","attr":{"ident":"index-21--1415079027012356863","dropTimestamp":{"$timestamp":{"t":0,"i":0}}}}
2026-08-20T13:51:46.790+05:30  INFO 33684 --- [       Thread-3] d.f.e.m.s.autoconfigure.EmbeddedMongo    : {"t":{"$date":"2026-08-20T13:51:46.790+05:30"},"s":"I",  "c":"STORAGE",  "id":6936300, "ctx":"TimestampMonitor","msg":"Drop-pending ident is still in use","attr":{"ident":"index-21--1415079027012356863","dropTimestamp":{"$timestamp":{"t":0,"i":0}},"error":{"code":314,"codeName":"ObjectIsBusy","errmsg":"Failed to remove drop-pending ident index-21--1415079027012356863"}}}
2026-08-20T13:51:46.790+05:30  INFO 33684 --- [       Thread-3] d.f.e.m.s.autoconfigure.EmbeddedMongo    : {"t":{"$date":"2026-08-20T13:51:46.790+05:30"},"s":"I",  "c":"STORAGE",  "id":22237,   "ctx":"TimestampMonitor","msg":"Completing drop for ident","attr":{"ident":"index-22--1415079027012356863","dropTimestamp":{"$timestamp":{"t":0,"i":0}}}}
2026-08-20T13:51:46.790+05:30  INFO 33684 --- [       Thread-3] d.f.e.m.s.autoconfigure.EmbeddedMongo    : {"t":{"$date":"2026-08-20T13:51:46.790+05:30"},"s":"I",  "c":"STORAGE",  "id":6936300, "ctx":"TimestampMonitor","msg":"Drop-pending ident is still in use","attr":{"ident":"index-22--1415079027012356863","dropTimestamp":{"$timestamp":{"t":0,"i":0}},"error":{"code":314,"codeName":"ObjectIsBusy","errmsg":"Failed to remove drop-pending ident index-22--1415079027012356863"}}}
2026-08-20T13:51:46.790+05:30  INFO 33684 --- [       Thread-3] d.f.e.m.s.autoconfigure.EmbeddedMongo    : {"t":{"$date":"2026-08-20T13:51:46.790+05:30"},"s":"I",  "c":"STORAGE",  "id":22237,   "ctx":"TimestampMonitor","msg":"Completing drop for ident","attr":{"ident":"index-23--1415079027012356863","dropTimestamp":{"$timestamp":{"t":0,"i":0}}}}
2026-08-20T13:51:46.790+05:30  INFO 33684 --- [       Thread-3] d.f.e.m.s.autoconfigure.EmbeddedMongo    : {"t":{"$date":"2026-08-20T13:51:46.790+05:30"},"s":"I",  "c":"STORAGE",  "id":6936300, "ctx":"TimestampMonitor","msg":"Drop-pending ident is still in use","attr":{"ident":"index-23--1415079027012356863","dropTimestamp":{"$timestamp":{"t":0,"i":0}},"error":{"code":314,"codeName":"ObjectIsBusy","errmsg":"Failed to remove drop-pending ident index-23--1415079027012356863"}}}
2026-08-20T13:51:46.790+05:30  INFO 33684 --- [       Thread-3] d.f.e.m.s.autoconfigure.EmbeddedMongo    : {"t":{"$date":"2026-08-20T13:51:46.790+05:30"},"s":"I",  "c":"STORAGE",  "id":22237,   "ctx":"TimestampMonitor","msg":"Completing drop for ident","attr":{"ident":"index-24--1415079027012356863","dropTimestamp":{"$timestamp":{"t":0,"i":0}}}}
2026-08-20T13:51:46.790+05:30  INFO 33684 --- [       Thread-3] d.f.e.m.s.autoconfigure.EmbeddedMongo    : {"t":{"$date":"2026-08-20T13:51:46.790+05:30"},"s":"I",  "c":"STORAGE",  "id":6936300, "ctx":"TimestampMonitor","msg":"Drop-pending ident is still in use","attr":{"ident":"index-24--1415079027012356863","dropTimestamp":{"$timestamp":{"t":0,"i":0}},"error":{"code":314,"codeName":"ObjectIsBusy","errmsg":"Failed to remove drop-pending ident index-24--1415079027012356863"}}}
2026-08-20T13:51:46.790+05:30  INFO 33684 --- [       Thread-3] d.f.e.m.s.autoconfigure.EmbeddedMongo    : {"t":{"$date":"2026-08-20T13:51:46.790+05:30"},"s":"I",  "c":"STORAGE",  "id":22237,   "ctx":"TimestampMonitor","msg":"Completing drop for ident","attr":{"ident":"collection-20--1415079027012356863","dropTimestamp":{"$timestamp":{"t":0,"i":0}}}}
2026-08-20T13:51:46.790+05:30  INFO 33684 --- [       Thread-3] d.f.e.m.s.autoconfigure.EmbeddedMongo    : {"t":{"$date":"2026-08-20T13:51:46.790+05:30"},"s":"I",  "c":"STORAGE",  "id":6936300, "ctx":"TimestampMonitor","msg":"Drop-pending ident is still in use","attr":{"ident":"collection-20--1415079027012356863","dropTimestamp":{"$timestamp":{"t":0,"i":0}},"error":{"code":314,"codeName":"ObjectIsBusy","errmsg":"Failed to remove drop-pending ident collection-20--1415079027012356863"}}}
2026-08-20T13:51:46.790+05:30  INFO 33684 --- [       Thread-3] d.f.e.m.s.autoconfigure.EmbeddedMongo    : {"t":{"$date":"2026-08-20T13:51:46.790+05:30"},"s":"I",  "c":"STORAGE",  "id":22237,   "ctx":"TimestampMonitor","msg":"Completing drop for ident","attr":{"ident":"index-18--1415079027012356863","dropTimestamp":{"$timestamp":{"t":0,"i":0}}}}
2026-08-20T13:51:46.790+05:30  INFO 33684 --- [       Thread-3] d.f.e.m.s.autoconfigure.EmbeddedMongo    : {"t":{"$date":"2026-08-20T13:51:46.790+05:30"},"s":"I",  "c":"STORAGE",  "id":6936300, "ctx":"TimestampMonitor","msg":"Drop-pending ident is still in use","attr":{"ident":"index-18--1415079027012356863","dropTimestamp":{"$timestamp":{"t":0,"i":0}},"error":{"code":314,"codeName":"ObjectIsBusy","errmsg":"Failed to remove drop-pending ident index-18--1415079027012356863"}}}
2026-08-20T13:51:46.790+05:30  INFO 33684 --- [       Thread-3] d.f.e.m.s.autoconfigure.EmbeddedMongo    : {"t":{"$date":"2026-08-20T13:51:46.791+05:30"},"s":"I",  "c":"STORAGE",  "id":22237,   "ctx":"TimestampMonitor","msg":"Completing drop for ident","attr":{"ident":"index-19--1415079027012356863","dropTimestamp":{"$timestamp":{"t":0,"i":0}}}}
2026-08-20T13:51:46.790+05:30  INFO 33684 --- [       Thread-3] d.f.e.m.s.autoconfigure.EmbeddedMongo    : {"t":{"$date":"2026-08-20T13:51:46.791+05:30"},"s":"I",  "c":"STORAGE",  "id":6936300, "ctx":"TimestampMonitor","msg":"Drop-pending ident is still in use","attr":{"ident":"index-19--1415079027012356863","dropTimestamp":{"$timestamp":{"t":0,"i":0}},"error":{"code":314,"codeName":"ObjectIsBusy","errmsg":"Failed to remove drop-pending ident index-19--1415079027012356863"}}}
2026-08-20T13:51:46.790+05:30  INFO 33684 --- [       Thread-3] d.f.e.m.s.autoconfigure.EmbeddedMongo    : {"t":{"$date":"2026-08-20T13:51:46.791+05:30"},"s":"I",  "c":"STORAGE",  "id":22237,   "ctx":"TimestampMonitor","msg":"Completing drop for ident","attr":{"ident":"collection-17--1415079027012356863","dropTimestamp":{"$timestamp":{"t":0,"i":0}}}}
2026-08-20T13:51:46.790+05:30  INFO 33684 --- [       Thread-3] d.f.e.m.s.autoconfigure.EmbeddedMongo    : {"t":{"$date":"2026-08-20T13:51:46.791+05:30"},"s":"I",  "c":"STORAGE",  "id":6936300, "ctx":"TimestampMonitor","msg":"Drop-pending ident is still in use","attr":{"ident":"collection-17--1415079027012356863","dropTimestamp":{"$timestamp":{"t":0,"i":0}},"error":{"code":314,"codeName":"ObjectIsBusy","errmsg":"Failed to remove drop-pending ident collection-17--1415079027012356863"}}}
2026-08-20T13:51:46.790+05:30  INFO 33684 --- [       Thread-3] d.f.e.m.s.autoconfigure.EmbeddedMongo    : {"t":{"$date":"2026-08-20T13:51:46.791+05:30"},"s":"I",  "c":"STORAGE",  "id":22237,   "ctx":"TimestampMonitor","msg":"Completing drop for ident","attr":{"ident":"index-43--1415079027012356863","dropTimestamp":{"$timestamp":{"t":0,"i":0}}}}
2026-08-20T13:51:46.790+05:30  INFO 33684 --- [       Thread-3] d.f.e.m.s.autoconfigure.EmbeddedMongo    : {"t":{"$date":"2026-08-20T13:51:46.791+05:30"},"s":"I",  "c":"STORAGE",  "id":6936300, "ctx":"TimestampMonitor","msg":"Drop-pending ident is still in use","attr":{"ident":"index-43--1415079027012356863","dropTimestamp":{"$timestamp":{"t":0,"i":0}},"error":{"code":314,"codeName":"ObjectIsBusy","errmsg":"Failed to remove drop-pending ident index-43--1415079027012356863"}}}
2026-08-20T13:51:46.790+05:30  INFO 33684 --- [       Thread-3] d.f.e.m.s.autoconfigure.EmbeddedMongo    : {"t":{"$date":"2026-08-20T13:51:46.791+05:30"},"s":"I",  "c":"STORAGE",  "id":22237,   "ctx":"TimestampMonitor","msg":"Completing drop for ident","attr":{"ident":"index-44--1415079027012356863","dropTimestamp":{"$timestamp":{"t":0,"i":0}}}}
2026-08-20T13:51:46.790+05:30  INFO 33684 --- [       Thread-3] d.f.e.m.s.autoconfigure.EmbeddedMongo    : {"t":{"$date":"2026-08-20T13:51:46.791+05:30"},"s":"I",  "c":"STORAGE",  "id":6936300, "ctx":"TimestampMonitor","msg":"Drop-pending ident is still in use","attr":{"ident":"index-44--1415079027012356863","dropTimestamp":{"$timestamp":{"t":0,"i":0}},"error":{"code":314,"codeName":"ObjectIsBusy","errmsg":"Failed to remove drop-pending ident index-44--1415079027012356863"}}}
2026-08-20T13:51:46.790+05:30  INFO 33684 --- [       Thread-3] d.f.e.m.s.autoconfigure.EmbeddedMongo    : {"t":{"$date":"2026-08-20T13:51:46.791+05:30"},"s":"I",  "c":"STORAGE",  "id":22237,   "ctx":"TimestampMonitor","msg":"Completing drop for ident","attr":{"ident":"collection-42--1415079027012356863","dropTimestamp":{"$timestamp":{"t":0,"i":0}}}}
2026-08-20T13:51:46.790+05:30  INFO 33684 --- [       Thread-3] d.f.e.m.s.autoconfigure.EmbeddedMongo    : {"t":{"$date":"2026-08-20T13:51:46.791+05:30"},"s":"I",  "c":"STORAGE",  "id":6936300, "ctx":"TimestampMonitor","msg":"Drop-pending ident is still in use","attr":{"ident":"collection-42--1415079027012356863","dropTimestamp":{"$timestamp":{"t":0,"i":0}},"error":{"code":314,"codeName":"ObjectIsBusy","errmsg":"Failed to remove drop-pending ident collection-42--1415079027012356863"}}}
2026-08-20T13:51:46.790+05:30  INFO 33684 --- [       Thread-3] d.f.e.m.s.autoconfigure.EmbeddedMongo    : {"t":{"$date":"2026-08-20T13:51:46.791+05:30"},"s":"I",  "c":"STORAGE",  "id":22237,   "ctx":"TimestampMonitor","msg":"Completing drop for ident","attr":{"ident":"index-15--1415079027012356863","dropTimestamp":{"$timestamp":{"t":0,"i":0}}}}
2026-08-20T13:51:46.790+05:30  INFO 33684 --- [       Thread-3] d.f.e.m.s.autoconfigure.EmbeddedMongo    : {"t":{"$date":"2026-08-20T13:51:46.791+05:30"},"s":"I",  "c":"STORAGE",  "id":6936300, "ctx":"TimestampMonitor","msg":"Drop-pending ident is still in use","attr":{"ident":"index-15--1415079027012356863","dropTimestamp":{"$timestamp":{"t":0,"i":0}},"error":{"code":314,"codeName":"ObjectIsBusy","errmsg":"Failed to remove drop-pending ident index-15--1415079027012356863"}}}
2026-08-20T13:51:46.791+05:30  INFO 33684 --- [       Thread-3] d.f.e.m.s.autoconfigure.EmbeddedMongo    : {"t":{"$date":"2026-08-20T13:51:46.791+05:30"},"s":"I",  "c":"STORAGE",  "id":22237,   "ctx":"TimestampMonitor","msg":"Completing drop for ident","attr":{"ident":"index-16--1415079027012356863","dropTimestamp":{"$timestamp":{"t":0,"i":0}}}}
2026-08-20T13:51:46.791+05:30  INFO 33684 --- [       Thread-3] d.f.e.m.s.autoconfigure.EmbeddedMongo    : {"t":{"$date":"2026-08-20T13:51:46.791+05:30"},"s":"I",  "c":"STORAGE",  "id":6936300, "ctx":"TimestampMonitor","msg":"Drop-pending ident is still in use","attr":{"ident":"index-16--1415079027012356863","dropTimestamp":{"$timestamp":{"t":0,"i":0}},"error":{"code":314,"codeName":"ObjectIsBusy","errmsg":"Failed to remove drop-pending ident index-16--1415079027012356863"}}}
2026-08-20T13:51:46.791+05:30  INFO 33684 --- [       Thread-3] d.f.e.m.s.autoconfigure.EmbeddedMongo    : {"t":{"$date":"2026-08-20T13:51:46.791+05:30"},"s":"I",  "c":"STORAGE",  "id":22237,   "ctx":"TimestampMonitor","msg":"Completing drop for ident","attr":{"ident":"collection-14--1415079027012356863","dropTimestamp":{"$timestamp":{"t":0,"i":0}}}}
2026-08-20T13:51:46.791+05:30  INFO 33684 --- [       Thread-3] d.f.e.m.s.autoconfigure.EmbeddedMongo    : {"t":{"$date":"2026-08-20T13:51:46.791+05:30"},"s":"I",  "c":"STORAGE",  "id":6936300, "ctx":"TimestampMonitor","msg":"Drop-pending ident is still in use","attr":{"ident":"collection-14--1415079027012356863","dropTimestamp":{"$timestamp":{"t":0,"i":0}},"error":{"code":314,"codeName":"ObjectIsBusy","errmsg":"Failed to remove drop-pending ident collection-14--1415079027012356863"}}}
2026-08-20T13:51:46.791+05:30  INFO 33684 --- [       Thread-3] d.f.e.m.s.autoconfigure.EmbeddedMongo    : {"t":{"$date":"2026-08-20T13:51:46.791+05:30"},"s":"I",  "c":"STORAGE",  "id":22237,   "ctx":"TimestampMonitor","msg":"Completing drop for ident","attr":{"ident":"index-31--1415079027012356863","dropTimestamp":{"$timestamp":{"t":0,"i":0}}}}
2026-08-20T13:51:46.791+05:30  INFO 33684 --- [       Thread-3] d.f.e.m.s.autoconfigure.EmbeddedMongo    : {"t":{"$date":"2026-08-20T13:51:46.791+05:30"},"s":"I",  "c":"STORAGE",  "id":6936300, "ctx":"TimestampMonitor","msg":"Drop-pending ident is still in use","attr":{"ident":"index-31--1415079027012356863","dropTimestamp":{"$timestamp":{"t":0,"i":0}},"error":{"code":314,"codeName":"ObjectIsBusy","errmsg":"Failed to remove drop-pending ident index-31--1415079027012356863"}}}
2026-08-20T13:51:46.791+05:30  INFO 33684 --- [       Thread-3] d.f.e.m.s.autoconfigure.EmbeddedMongo    : {"t":{"$date":"2026-08-20T13:51:46.791+05:30"},"s":"I",  "c":"STORAGE",  "id":22237,   "ctx":"TimestampMonitor","msg":"Completing drop for ident","attr":{"ident":"index-32--1415079027012356863","dropTimestamp":{"$timestamp":{"t":0,"i":0}}}}
2026-08-20T13:51:46.791+05:30  INFO 33684 --- [       Thread-3] d.f.e.m.s.autoconfigure.EmbeddedMongo    : {"t":{"$date":"2026-08-20T13:51:46.791+05:30"},"s":"I",  "c":"STORAGE",  "id":6936300, "ctx":"TimestampMonitor","msg":"Drop-pending ident is still in use","attr":{"ident":"index-32--1415079027012356863","dropTimestamp":{"$timestamp":{"t":0,"i":0}},"error":{"code":314,"codeName":"ObjectIsBusy","errmsg":"Failed to remove drop-pending ident index-32--1415079027012356863"}}}
2026-08-20T13:51:46.791+05:30  INFO 33684 --- [       Thread-3] d.f.e.m.s.autoconfigure.EmbeddedMongo    : {"t":{"$date":"2026-08-20T13:51:46.791+05:30"},"s":"I",  "c":"STORAGE",  "id":22237,   "ctx":"TimestampMonitor","msg":"Completing drop for ident","attr":{"ident":"collection-30--1415079027012356863","dropTimestamp":{"$timestamp":{"t":0,"i":0}}}}
2026-08-20T13:51:46.791+05:30  INFO 33684 --- [       Thread-3] d.f.e.m.s.autoconfigure.EmbeddedMongo    : {"t":{"$date":"2026-08-20T13:51:46.791+05:30"},"s":"I",  "c":"STORAGE",  "id":6936300, "ctx":"TimestampMonitor","msg":"Drop-pending ident is still in use","attr":{"ident":"collection-30--1415079027012356863","dropTimestamp":{"$timestamp":{"t":0,"i":0}},"error":{"code":314,"codeName":"ObjectIsBusy","errmsg":"Failed to remove drop-pending ident collection-30--1415079027012356863"}}}
2026-08-20T13:51:46.791+05:30  INFO 33684 --- [       Thread-3] d.f.e.m.s.autoconfigure.EmbeddedMongo    : {"t":{"$date":"2026-08-20T13:51:46.791+05:30"},"s":"I",  "c":"STORAGE",  "id":22237,   "ctx":"TimestampMonitor","msg":"Completing drop for ident","attr":{"ident":"index-40--1415079027012356863","dropTimestamp":{"$timestamp":{"t":0,"i":0}}}}
2026-08-20T13:51:46.791+05:30  INFO 33684 --- [       Thread-3] d.f.e.m.s.autoconfigure.EmbeddedMongo    : {"t":{"$date":"2026-08-20T13:51:46.791+05:30"},"s":"I",  "c":"STORAGE",  "id":6936300, "ctx":"TimestampMonitor","msg":"Drop-pending ident is still in use","attr":{"ident":"index-40--1415079027012356863","dropTimestamp":{"$timestamp":{"t":0,"i":0}},"error":{"code":314,"codeName":"ObjectIsBusy","errmsg":"Failed to remove drop-pending ident index-40--1415079027012356863"}}}
2026-08-20T13:51:46.791+05:30  INFO 33684 --- [       Thread-3] d.f.e.m.s.autoconfigure.EmbeddedMongo    : {"t":{"$date":"2026-08-20T13:51:46.791+05:30"},"s":"I",  "c":"STORAGE",  "id":22237,   "ctx":"TimestampMonitor","msg":"Completing drop for ident","attr":{"ident":"index-41--1415079027012356863","dropTimestamp":{"$timestamp":{"t":0,"i":0}}}}
2026-08-20T13:51:46.791+05:30  INFO 33684 --- [       Thread-3] d.f.e.m.s.autoconfigure.EmbeddedMongo    : {"t":{"$date":"2026-08-20T13:51:46.791+05:30"},"s":"I",  "c":"STORAGE",  "id":6936300, "ctx":"TimestampMonitor","msg":"Drop-pending ident is still in use","attr":{"ident":"index-41--1415079027012356863","dropTimestamp":{"$timestamp":{"t":0,"i":0}},"error":{"code":314,"codeName":"ObjectIsBusy","errmsg":"Failed to remove drop-pending ident index-41--1415079027012356863"}}}
2026-08-20T13:51:46.791+05:30  INFO 33684 --- [       Thread-3] d.f.e.m.s.autoconfigure.EmbeddedMongo    : {"t":{"$date":"2026-08-20T13:51:46.791+05:30"},"s":"I",  "c":"STORAGE",  "id":22237,   "ctx":"TimestampMonitor","msg":"Completing drop for ident","attr":{"ident":"collection-39--1415079027012356863","dropTimestamp":{"$timestamp":{"t":0,"i":0}}}}
2026-08-20T13:51:46.791+05:30  INFO 33684 --- [       Thread-3] d.f.e.m.s.autoconfigure.EmbeddedMongo    : {"t":{"$date":"2026-08-20T13:51:46.791+05:30"},"s":"I",  "c":"STORAGE",  "id":6936300, "ctx":"TimestampMonitor","msg":"Drop-pending ident is still in use","attr":{"ident":"collection-39--1415079027012356863","dropTimestamp":{"$timestamp":{"t":0,"i":0}},"error":{"code":314,"codeName":"ObjectIsBusy","errmsg":"Failed to remove drop-pending ident collection-39--1415079027012356863"}}}
2026-08-20T13:51:46.791+05:30  INFO 33684 --- [       Thread-3] d.f.e.m.s.autoconfigure.EmbeddedMongo    : {"t":{"$date":"2026-08-20T13:51:46.791+05:30"},"s":"I",  "c":"STORAGE",  "id":22237,   "ctx":"TimestampMonitor","msg":"Completing drop for ident","attr":{"ident":"index-37--1415079027012356863","dropTimestamp":{"$timestamp":{"t":0,"i":0}}}}
2026-08-20T13:51:46.791+05:30  INFO 33684 --- [       Thread-3] d.f.e.m.s.autoconfigure.EmbeddedMongo    : {"t":{"$date":"2026-08-20T13:51:46.791+05:30"},"s":"I",  "c":"STORAGE",  "id":6936300, "ctx":"TimestampMonitor","msg":"Drop-pending ident is still in use","attr":{"ident":"index-37--1415079027012356863","dropTimestamp":{"$timestamp":{"t":0,"i":0}},"error":{"code":314,"codeName":"ObjectIsBusy","errmsg":"Failed to remove drop-pending ident index-37--1415079027012356863"}}}
2026-08-20T13:51:46.791+05:30  INFO 33684 --- [       Thread-3] d.f.e.m.s.autoconfigure.EmbeddedMongo    : {"t":{"$date":"2026-08-20T13:51:46.791+05:30"},"s":"I",  "c":"STORAGE",  "id":22237,   "ctx":"TimestampMonitor","msg":"Completing drop for ident","attr":{"ident":"index-38--1415079027012356863","dropTimestamp":{"$timestamp":{"t":0,"i":0}}}}
2026-08-20T13:51:46.791+05:30  INFO 33684 --- [       Thread-3] d.f.e.m.s.autoconfigure.EmbeddedMongo    : {"t":{"$date":"2026-08-20T13:51:46.791+05:30"},"s":"I",  "c":"STORAGE",  "id":6936300, "ctx":"TimestampMonitor","msg":"Drop-pending ident is still in use","attr":{"ident":"index-38--1415079027012356863","dropTimestamp":{"$timestamp":{"t":0,"i":0}},"error":{"code":314,"codeName":"ObjectIsBusy","errmsg":"Failed to remove drop-pending ident index-38--1415079027012356863"}}}
2026-08-20T13:51:46.791+05:30  INFO 33684 --- [       Thread-3] d.f.e.m.s.autoconfigure.EmbeddedMongo    : {"t":{"$date":"2026-08-20T13:51:46.791+05:30"},"s":"I",  "c":"STORAGE",  "id":22237,   "ctx":"TimestampMonitor","msg":"Completing drop for ident","attr":{"ident":"collection-36--1415079027012356863","dropTimestamp":{"$timestamp":{"t":0,"i":0}}}}
2026-08-20T13:51:46.791+05:30  INFO 33684 --- [       Thread-3] d.f.e.m.s.autoconfigure.EmbeddedMongo    : {"t":{"$date":"2026-08-20T13:51:46.791+05:30"},"s":"I",  "c":"STORAGE",  "id":6936300, "ctx":"TimestampMonitor","msg":"Drop-pending ident is still in use","attr":{"ident":"collection-36--1415079027012356863","dropTimestamp":{"$timestamp":{"t":0,"i":0}},"error":{"code":314,"codeName":"ObjectIsBusy","errmsg":"Failed to remove drop-pending ident collection-36--1415079027012356863"}}}
2026-08-20T13:51:46.791+05:30  INFO 33684 --- [       Thread-3] d.f.e.m.s.autoconfigure.EmbeddedMongo    : {"t":{"$date":"2026-08-20T13:51:46.791+05:30"},"s":"I",  "c":"STORAGE",  "id":22237,   "ctx":"TimestampMonitor","msg":"Completing drop for ident","attr":{"ident":"index-34--1415079027012356863","dropTimestamp":{"$timestamp":{"t":0,"i":0}}}}
2026-08-20T13:51:46.791+05:30  INFO 33684 --- [       Thread-3] d.f.e.m.s.autoconfigure.EmbeddedMongo    : {"t":{"$date":"2026-08-20T13:51:46.791+05:30"},"s":"I",  "c":"STORAGE",  "id":6936300, "ctx":"TimestampMonitor","msg":"Drop-pending ident is still in use","attr":{"ident":"index-34--1415079027012356863","dropTimestamp":{"$timestamp":{"t":0,"i":0}},"error":{"code":314,"codeName":"ObjectIsBusy","errmsg":"Failed to remove drop-pending ident index-34--1415079027012356863"}}}
2026-08-20T13:51:46.791+05:30  INFO 33684 --- [       Thread-3] d.f.e.m.s.autoconfigure.EmbeddedMongo    : {"t":{"$date":"2026-08-20T13:51:46.791+05:30"},"s":"I",  "c":"STORAGE",  "id":22237,   "ctx":"TimestampMonitor","msg":"Completing drop for ident","attr":{"ident":"index-35--1415079027012356863","dropTimestamp":{"$timestamp":{"t":0,"i":0}}}}
2026-08-20T13:51:46.791+05:30  INFO 33684 --- [       Thread-3] d.f.e.m.s.autoconfigure.EmbeddedMongo    : {"t":{"$date":"2026-08-20T13:51:46.791+05:30"},"s":"I",  "c":"STORAGE",  "id":6936300, "ctx":"TimestampMonitor","msg":"Drop-pending ident is still in use","attr":{"ident":"index-35--1415079027012356863","dropTimestamp":{"$timestamp":{"t":0,"i":0}},"error":{"code":314,"codeName":"ObjectIsBusy","errmsg":"Failed to remove drop-pending ident index-35--1415079027012356863"}}}
2026-08-20T13:51:46.791+05:30  INFO 33684 --- [       Thread-3] d.f.e.m.s.autoconfigure.EmbeddedMongo    : {"t":{"$date":"2026-08-20T13:51:46.791+05:30"},"s":"I",  "c":"STORAGE",  "id":22237,   "ctx":"TimestampMonitor","msg":"Completing drop for ident","attr":{"ident":"collection-33--1415079027012356863","dropTimestamp":{"$timestamp":{"t":0,"i":0}}}}
2026-08-20T13:51:46.791+05:30  INFO 33684 --- [       Thread-3] d.f.e.m.s.autoconfigure.EmbeddedMongo    : {"t":{"$date":"2026-08-20T13:51:46.791+05:30"},"s":"I",  "c":"STORAGE",  "id":6936300, "ctx":"TimestampMonitor","msg":"Drop-pending ident is still in use","attr":{"ident":"collection-33--1415079027012356863","dropTimestamp":{"$timestamp":{"t":0,"i":0}},"error":{"code":314,"codeName":"ObjectIsBusy","errmsg":"Failed to remove drop-pending ident collection-33--1415079027012356863"}}}
2026-08-20T13:51:46.791+05:30  INFO 33684 --- [       Thread-3] d.f.e.m.s.autoconfigure.EmbeddedMongo    : {"t":{"$date":"2026-08-20T13:51:46.791+05:30"},"s":"I",  "c":"STORAGE",  "id":22237,   "ctx":"TimestampMonitor","msg":"Completing drop for ident","attr":{"ident":"index-12--1415079027012356863","dropTimestamp":{"$timestamp":{"t":0,"i":0}}}}
2026-08-20T13:51:46.791+05:30  INFO 33684 --- [       Thread-3] d.f.e.m.s.autoconfigure.EmbeddedMongo    : {"t":{"$date":"2026-08-20T13:51:46.791+05:30"},"s":"I",  "c":"STORAGE",  "id":6936300, "ctx":"TimestampMonitor","msg":"Drop-pending ident is still in use","attr":{"ident":"index-12--1415079027012356863","dropTimestamp":{"$timestamp":{"t":0,"i":0}},"error":{"code":314,"codeName":"ObjectIsBusy","errmsg":"Failed to remove drop-pending ident index-12--1415079027012356863"}}}
2026-08-20T13:51:46.791+05:30  INFO 33684 --- [       Thread-3] d.f.e.m.s.autoconfigure.EmbeddedMongo    : {"t":{"$date":"2026-08-20T13:51:46.791+05:30"},"s":"I",  "c":"STORAGE",  "id":22237,   "ctx":"TimestampMonitor","msg":"Completing drop for ident","attr":{"ident":"index-13--1415079027012356863","dropTimestamp":{"$timestamp":{"t":0,"i":0}}}}
2026-08-20T13:51:46.791+05:30  INFO 33684 --- [       Thread-3] d.f.e.m.s.autoconfigure.EmbeddedMongo    : {"t":{"$date":"2026-08-20T13:51:46.791+05:30"},"s":"I",  "c":"STORAGE",  "id":6936300, "ctx":"TimestampMonitor","msg":"Drop-pending ident is still in use","attr":{"ident":"index-13--1415079027012356863","dropTimestamp":{"$timestamp":{"t":0,"i":0}},"error":{"code":314,"codeName":"ObjectIsBusy","errmsg":"Failed to remove drop-pending ident index-13--1415079027012356863"}}}
2026-08-20T13:51:46.791+05:30  INFO 33684 --- [       Thread-3] d.f.e.m.s.autoconfigure.EmbeddedMongo    : {"t":{"$date":"2026-08-20T13:51:46.791+05:30"},"s":"I",  "c":"STORAGE",  "id":22237,   "ctx":"TimestampMonitor","msg":"Completing drop for ident","attr":{"ident":"collection-11--1415079027012356863","dropTimestamp":{"$timestamp":{"t":0,"i":0}}}}
2026-08-20T13:51:46.791+05:30  INFO 33684 --- [       Thread-3] d.f.e.m.s.autoconfigure.EmbeddedMongo    : {"t":{"$date":"2026-08-20T13:51:46.791+05:30"},"s":"I",  "c":"STORAGE",  "id":6936300, "ctx":"TimestampMonitor","msg":"Drop-pending ident is still in use","attr":{"ident":"collection-11--1415079027012356863","dropTimestamp":{"$timestamp":{"t":0,"i":0}},"error":{"code":314,"codeName":"ObjectIsBusy","errmsg":"Failed to remove drop-pending ident collection-11--1415079027012356863"}}}
2026-08-20T13:51:46.791+05:30  INFO 33684 --- [       Thread-3] d.f.e.m.s.autoconfigure.EmbeddedMongo    : {"t":{"$date":"2026-08-20T13:51:46.791+05:30"},"s":"I",  "c":"STORAGE",  "id":22237,   "ctx":"TimestampMonitor","msg":"Completing drop for ident","attr":{"ident":"index-58--1415079027012356863","dropTimestamp":{"$timestamp":{"t":0,"i":0}}}}
2026-08-20T13:51:46.791+05:30  INFO 33684 --- [       Thread-3] d.f.e.m.s.autoconfigure.EmbeddedMongo    : {"t":{"$date":"2026-08-20T13:51:46.791+05:30"},"s":"I",  "c":"STORAGE",  "id":6936300, "ctx":"TimestampMonitor","msg":"Drop-pending ident is still in use","attr":{"ident":"index-58--1415079027012356863","dropTimestamp":{"$timestamp":{"t":0,"i":0}},"error":{"code":314,"codeName":"ObjectIsBusy","errmsg":"Failed to remove drop-pending ident index-58--1415079027012356863"}}}
2026-08-20T13:51:46.791+05:30  INFO 33684 --- [       Thread-3] d.f.e.m.s.autoconfigure.EmbeddedMongo    : {"t":{"$date":"2026-08-20T13:51:46.791+05:30"},"s":"I",  "c":"STORAGE",  "id":22237,   "ctx":"TimestampMonitor","msg":"Completing drop for ident","attr":{"ident":"collection-57--1415079027012356863","dropTimestamp":{"$timestamp":{"t":0,"i":0}}}}
2026-08-20T13:51:46.791+05:30  INFO 33684 --- [       Thread-3] d.f.e.m.s.autoconfigure.EmbeddedMongo    : {"t":{"$date":"2026-08-20T13:51:46.791+05:30"},"s":"I",  "c":"STORAGE",  "id":6936300, "ctx":"TimestampMonitor","msg":"Drop-pending ident is still in use","attr":{"ident":"collection-57--1415079027012356863","dropTimestamp":{"$timestamp":{"t":0,"i":0}},"error":{"code":314,"codeName":"ObjectIsBusy","errmsg":"Failed to remove drop-pending ident collection-57--1415079027012356863"}}}
2026-08-20T13:51:46.791+05:30  INFO 33684 --- [       Thread-3] d.f.e.m.s.autoconfigure.EmbeddedMongo    : {"t":{"$date":"2026-08-20T13:51:46.791+05:30"},"s":"I",  "c":"STORAGE",  "id":22237,   "ctx":"TimestampMonitor","msg":"Completing drop for ident","attr":{"ident":"index-56--1415079027012356863","dropTimestamp":{"$timestamp":{"t":0,"i":0}}}}
2026-08-20T13:51:46.791+05:30  INFO 33684 --- [       Thread-3] d.f.e.m.s.autoconfigure.EmbeddedMongo    : {"t":{"$date":"2026-08-20T13:51:46.791+05:30"},"s":"I",  "c":"STORAGE",  "id":6936300, "ctx":"TimestampMonitor","msg":"Drop-pending ident is still in use","attr":{"ident":"index-56--1415079027012356863","dropTimestamp":{"$timestamp":{"t":0,"i":0}},"error":{"code":314,"codeName":"ObjectIsBusy","errmsg":"Failed to remove drop-pending ident index-56--1415079027012356863"}}}
2026-08-20T13:51:46.791+05:30  INFO 33684 --- [       Thread-3] d.f.e.m.s.autoconfigure.EmbeddedMongo    : {"t":{"$date":"2026-08-20T13:51:46.791+05:30"},"s":"I",  "c":"STORAGE",  "id":22237,   "ctx":"TimestampMonitor","msg":"Completing drop for ident","attr":{"ident":"collection-55--1415079027012356863","dropTimestamp":{"$timestamp":{"t":0,"i":0}}}}
2026-08-20T13:51:46.791+05:30  INFO 33684 --- [       Thread-3] d.f.e.m.s.autoconfigure.EmbeddedMongo    : {"t":{"$date":"2026-08-20T13:51:46.791+05:30"},"s":"I",  "c":"STORAGE",  "id":6936300, "ctx":"TimestampMonitor","msg":"Drop-pending ident is still in use","attr":{"ident":"collection-55--1415079027012356863","dropTimestamp":{"$timestamp":{"t":0,"i":0}},"error":{"code":314,"codeName":"ObjectIsBusy","errmsg":"Failed to remove drop-pending ident collection-55--1415079027012356863"}}}
2026-08-20T13:51:46.791+05:30  INFO 33684 --- [       Thread-3] d.f.e.m.s.autoconfigure.EmbeddedMongo    : {"t":{"$date":"2026-08-20T13:51:46.791+05:30"},"s":"I",  "c":"STORAGE",  "id":22237,   "ctx":"TimestampMonitor","msg":"Completing drop for ident","attr":{"ident":"index-62--1415079027012356863","dropTimestamp":{"$timestamp":{"t":0,"i":0}}}}
2026-08-20T13:51:46.791+05:30  INFO 33684 --- [       Thread-3] d.f.e.m.s.autoconfigure.EmbeddedMongo    : {"t":{"$date":"2026-08-20T13:51:46.791+05:30"},"s":"I",  "c":"STORAGE",  "id":6936300, "ctx":"TimestampMonitor","msg":"Drop-pending ident is still in use","attr":{"ident":"index-62--1415079027012356863","dropTimestamp":{"$timestamp":{"t":0,"i":0}},"error":{"code":314,"codeName":"ObjectIsBusy","errmsg":"Failed to remove drop-pending ident index-62--1415079027012356863"}}}
2026-08-20T13:51:46.791+05:30  INFO 33684 --- [       Thread-3] d.f.e.m.s.autoconfigure.EmbeddedMongo    : {"t":{"$date":"2026-08-20T13:51:46.791+05:30"},"s":"I",  "c":"STORAGE",  "id":22237,   "ctx":"TimestampMonitor","msg":"Completing drop for ident","attr":{"ident":"collection-61--1415079027012356863","dropTimestamp":{"$timestamp":{"t":0,"i":0}}}}
2026-08-20T13:51:46.791+05:30  INFO 33684 --- [       Thread-3] d.f.e.m.s.autoconfigure.EmbeddedMongo    : {"t":{"$date":"2026-08-20T13:51:46.791+05:30"},"s":"I",  "c":"STORAGE",  "id":6936300, "ctx":"TimestampMonitor","msg":"Drop-pending ident is still in use","attr":{"ident":"collection-61--1415079027012356863","dropTimestamp":{"$timestamp":{"t":0,"i":0}},"error":{"code":314,"codeName":"ObjectIsBusy","errmsg":"Failed to remove drop-pending ident collection-61--1415079027012356863"}}}
2026-08-20T13:51:46.791+05:30  INFO 33684 --- [       Thread-3] d.f.e.m.s.autoconfigure.EmbeddedMongo    : {"t":{"$date":"2026-08-20T13:51:46.791+05:30"},"s":"I",  "c":"STORAGE",  "id":22237,   "ctx":"TimestampMonitor","msg":"Completing drop for ident","attr":{"ident":"index-54--1415079027012356863","dropTimestamp":{"$timestamp":{"t":0,"i":0}}}}
2026-08-20T13:51:46.791+05:30  INFO 33684 --- [       Thread-3] d.f.e.m.s.autoconfigure.EmbeddedMongo    : {"t":{"$date":"2026-08-20T13:51:46.791+05:30"},"s":"I",  "c":"STORAGE",  "id":6936300, "ctx":"TimestampMonitor","msg":"Drop-pending ident is still in use","attr":{"ident":"index-54--1415079027012356863","dropTimestamp":{"$timestamp":{"t":0,"i":0}},"error":{"code":314,"codeName":"ObjectIsBusy","errmsg":"Failed to remove drop-pending ident index-54--1415079027012356863"}}}
2026-08-20T13:51:46.791+05:30  INFO 33684 --- [       Thread-3] d.f.e.m.s.autoconfigure.EmbeddedMongo    : {"t":{"$date":"2026-08-20T13:51:46.791+05:30"},"s":"I",  "c":"STORAGE",  "id":22237,   "ctx":"TimestampMonitor","msg":"Completing drop for ident","attr":{"ident":"collection-53--1415079027012356863","dropTimestamp":{"$timestamp":{"t":0,"i":0}}}}
2026-08-20T13:51:46.791+05:30  INFO 33684 --- [       Thread-3] d.f.e.m.s.autoconfigure.EmbeddedMongo    : {"t":{"$date":"2026-08-20T13:51:46.791+05:30"},"s":"I",  "c":"STORAGE",  "id":6936300, "ctx":"TimestampMonitor","msg":"Drop-pending ident is still in use","attr":{"ident":"collection-53--1415079027012356863","dropTimestamp":{"$timestamp":{"t":0,"i":0}},"error":{"code":314,"codeName":"ObjectIsBusy","errmsg":"Failed to remove drop-pending ident collection-53--1415079027012356863"}}}
2026-08-20T13:51:46.791+05:30  INFO 33684 --- [       Thread-3] d.f.e.m.s.autoconfigure.EmbeddedMongo    : {"t":{"$date":"2026-08-20T13:51:46.791+05:30"},"s":"I",  "c":"STORAGE",  "id":22237,   "ctx":"TimestampMonitor","msg":"Completing drop for ident","attr":{"ident":"index-50--1415079027012356863","dropTimestamp":{"$timestamp":{"t":0,"i":0}}}}
2026-08-20T13:51:46.791+05:30  INFO 33684 --- [       Thread-3] d.f.e.m.s.autoconfigure.EmbeddedMongo    : {"t":{"$date":"2026-08-20T13:51:46.791+05:30"},"s":"I",  "c":"STORAGE",  "id":6936300, "ctx":"TimestampMonitor","msg":"Drop-pending ident is still in use","attr":{"ident":"index-50--1415079027012356863","dropTimestamp":{"$timestamp":{"t":0,"i":0}},"error":{"code":314,"codeName":"ObjectIsBusy","errmsg":"Failed to remove drop-pending ident index-50--1415079027012356863"}}}
2026-08-20T13:51:46.791+05:30  INFO 33684 --- [       Thread-3] d.f.e.m.s.autoconfigure.EmbeddedMongo    : {"t":{"$date":"2026-08-20T13:51:46.791+05:30"},"s":"I",  "c":"STORAGE",  "id":22237,   "ctx":"TimestampMonitor","msg":"Completing drop for ident","attr":{"ident":"collection-49--1415079027012356863","dropTimestamp":{"$timestamp":{"t":0,"i":0}}}}
2026-08-20T13:51:46.791+05:30  INFO 33684 --- [       Thread-3] d.f.e.m.s.autoconfigure.EmbeddedMongo    : {"t":{"$date":"2026-08-20T13:51:46.791+05:30"},"s":"I",  "c":"STORAGE",  "id":6936300, "ctx":"TimestampMonitor","msg":"Drop-pending ident is still in use","attr":{"ident":"collection-49--1415079027012356863","dropTimestamp":{"$timestamp":{"t":0,"i":0}},"error":{"code":314,"codeName":"ObjectIsBusy","errmsg":"Failed to remove drop-pending ident collection-49--1415079027012356863"}}}
2026-08-20T13:51:46.791+05:30  INFO 33684 --- [       Thread-3] d.f.e.m.s.autoconfigure.EmbeddedMongo    : {"t":{"$date":"2026-08-20T13:51:46.791+05:30"},"s":"I",  "c":"STORAGE",  "id":22237,   "ctx":"TimestampMonitor","msg":"Completing drop for ident","attr":{"ident":"index-48--1415079027012356863","dropTimestamp":{"$timestamp":{"t":0,"i":0}}}}
2026-08-20T13:51:46.791+05:30  INFO 33684 --- [       Thread-3] d.f.e.m.s.autoconfigure.EmbeddedMongo    : {"t":{"$date":"2026-08-20T13:51:46.791+05:30"},"s":"I",  "c":"STORAGE",  "id":6936300, "ctx":"TimestampMonitor","msg":"Drop-pending ident is still in use","attr":{"ident":"index-48--1415079027012356863","dropTimestamp":{"$timestamp":{"t":0,"i":0}},"error":{"code":314,"codeName":"ObjectIsBusy","errmsg":"Failed to remove drop-pending ident index-48--1415079027012356863"}}}
2026-08-20T13:51:46.791+05:30  INFO 33684 --- [       Thread-3] d.f.e.m.s.autoconfigure.EmbeddedMongo    : {"t":{"$date":"2026-08-20T13:51:46.792+05:30"},"s":"I",  "c":"STORAGE",  "id":22237,   "ctx":"TimestampMonitor","msg":"Completing drop for ident","attr":{"ident":"collection-47--1415079027012356863","dropTimestamp":{"$timestamp":{"t":0,"i":0}}}}
2026-08-20T13:51:46.791+05:30  INFO 33684 --- [       Thread-3] d.f.e.m.s.autoconfigure.EmbeddedMongo    : {"t":{"$date":"2026-08-20T13:51:46.792+05:30"},"s":"I",  "c":"STORAGE",  "id":6936300, "ctx":"TimestampMonitor","msg":"Drop-pending ident is still in use","attr":{"ident":"collection-47--1415079027012356863","dropTimestamp":{"$timestamp":{"t":0,"i":0}},"error":{"code":314,"codeName":"ObjectIsBusy","errmsg":"Failed to remove drop-pending ident collection-47--1415079027012356863"}}}
2026-08-20T13:51:46.791+05:30  INFO 33684 --- [       Thread-3] d.f.e.m.s.autoconfigure.EmbeddedMongo    : {"t":{"$date":"2026-08-20T13:51:46.792+05:30"},"s":"I",  "c":"STORAGE",  "id":22237,   "ctx":"TimestampMonitor","msg":"Completing drop for ident","attr":{"ident":"index-52--1415079027012356863","dropTimestamp":{"$timestamp":{"t":0,"i":0}}}}
2026-08-20T13:51:46.791+05:30  INFO 33684 --- [       Thread-3] d.f.e.m.s.autoconfigure.EmbeddedMongo    : {"t":{"$date":"2026-08-20T13:51:46.792+05:30"},"s":"I",  "c":"STORAGE",  "id":6936300, "ctx":"TimestampMonitor","msg":"Drop-pending ident is still in use","attr":{"ident":"index-52--1415079027012356863","dropTimestamp":{"$timestamp":{"t":0,"i":0}},"error":{"code":314,"codeName":"ObjectIsBusy","errmsg":"Failed to remove drop-pending ident index-52--1415079027012356863"}}}
2026-08-20T13:51:46.791+05:30  INFO 33684 --- [       Thread-3] d.f.e.m.s.autoconfigure.EmbeddedMongo    : {"t":{"$date":"2026-08-20T13:51:46.792+05:30"},"s":"I",  "c":"STORAGE",  "id":22237,   "ctx":"TimestampMonitor","msg":"Completing drop for ident","attr":{"ident":"collection-51--1415079027012356863","dropTimestamp":{"$timestamp":{"t":0,"i":0}}}}
2026-08-20T13:51:46.791+05:30  INFO 33684 --- [       Thread-3] d.f.e.m.s.autoconfigure.EmbeddedMongo    : {"t":{"$date":"2026-08-20T13:51:46.792+05:30"},"s":"I",  "c":"STORAGE",  "id":6936300, "ctx":"TimestampMonitor","msg":"Drop-pending ident is still in use","attr":{"ident":"collection-51--1415079027012356863","dropTimestamp":{"$timestamp":{"t":0,"i":0}},"error":{"code":314,"codeName":"ObjectIsBusy","errmsg":"Failed to remove drop-pending ident collection-51--1415079027012356863"}}}
2026-08-20T13:51:46.791+05:30  INFO 33684 --- [       Thread-3] d.f.e.m.s.autoconfigure.EmbeddedMongo    : {"t":{"$date":"2026-08-20T13:51:46.792+05:30"},"s":"I",  "c":"STORAGE",  "id":22237,   "ctx":"TimestampMonitor","msg":"Completing drop for ident","attr":{"ident":"index-66--1415079027012356863","dropTimestamp":{"$timestamp":{"t":0,"i":0}}}}
2026-08-20T13:51:46.791+05:30  INFO 33684 --- [       Thread-3] d.f.e.m.s.autoconfigure.EmbeddedMongo    : {"t":{"$date":"2026-08-20T13:51:46.792+05:30"},"s":"I",  "c":"STORAGE",  "id":6936300, "ctx":"TimestampMonitor","msg":"Drop-pending ident is still in use","attr":{"ident":"index-66--1415079027012356863","dropTimestamp":{"$timestamp":{"t":0,"i":0}},"error":{"code":314,"codeName":"ObjectIsBusy","errmsg":"Failed to remove drop-pending ident index-66--1415079027012356863"}}}
2026-08-20T13:51:46.791+05:30  INFO 33684 --- [       Thread-3] d.f.e.m.s.autoconfigure.EmbeddedMongo    : {"t":{"$date":"2026-08-20T13:51:46.792+05:30"},"s":"I",  "c":"STORAGE",  "id":22237,   "ctx":"TimestampMonitor","msg":"Completing drop for ident","attr":{"ident":"collection-65--1415079027012356863","dropTimestamp":{"$timestamp":{"t":0,"i":0}}}}
2026-08-20T13:51:46.791+05:30  INFO 33684 --- [       Thread-3] d.f.e.m.s.autoconfigure.EmbeddedMongo    : {"t":{"$date":"2026-08-20T13:51:46.792+05:30"},"s":"I",  "c":"STORAGE",  "id":6936300, "ctx":"TimestampMonitor","msg":"Drop-pending ident is still in use","attr":{"ident":"collection-65--1415079027012356863","dropTimestamp":{"$timestamp":{"t":0,"i":0}},"error":{"code":314,"codeName":"ObjectIsBusy","errmsg":"Failed to remove drop-pending ident collection-65--1415079027012356863"}}}
2026-08-20T13:51:46.791+05:30  INFO 33684 --- [       Thread-3] d.f.e.m.s.autoconfigure.EmbeddedMongo    : {"t":{"$date":"2026-08-20T13:51:46.792+05:30"},"s":"I",  "c":"STORAGE",  "id":22237,   "ctx":"TimestampMonitor","msg":"Completing drop for ident","attr":{"ident":"index-60--1415079027012356863","dropTimestamp":{"$timestamp":{"t":0,"i":0}}}}
2026-08-20T13:51:46.791+05:30  INFO 33684 --- [       Thread-3] d.f.e.m.s.autoconfigure.EmbeddedMongo    : {"t":{"$date":"2026-08-20T13:51:46.792+05:30"},"s":"I",  "c":"STORAGE",  "id":6936300, "ctx":"TimestampMonitor","msg":"Drop-pending ident is still in use","attr":{"ident":"index-60--1415079027012356863","dropTimestamp":{"$timestamp":{"t":0,"i":0}},"error":{"code":314,"codeName":"ObjectIsBusy","errmsg":"Failed to remove drop-pending ident index-60--1415079027012356863"}}}
2026-08-20T13:51:46.791+05:30  INFO 33684 --- [       Thread-3] d.f.e.m.s.autoconfigure.EmbeddedMongo    : {"t":{"$date":"2026-08-20T13:51:46.792+05:30"},"s":"I",  "c":"STORAGE",  "id":22237,   "ctx":"TimestampMonitor","msg":"Completing drop for ident","attr":{"ident":"collection-59--1415079027012356863","dropTimestamp":{"$timestamp":{"t":0,"i":0}}}}
2026-08-20T13:51:46.792+05:30  INFO 33684 --- [       Thread-3] d.f.e.m.s.autoconfigure.EmbeddedMongo    : {"t":{"$date":"2026-08-20T13:51:46.792+05:30"},"s":"I",  "c":"STORAGE",  "id":6936300, "ctx":"TimestampMonitor","msg":"Drop-pending ident is still in use","attr":{"ident":"collection-59--1415079027012356863","dropTimestamp":{"$timestamp":{"t":0,"i":0}},"error":{"code":314,"codeName":"ObjectIsBusy","errmsg":"Failed to remove drop-pending ident collection-59--1415079027012356863"}}}
2026-08-20T13:51:46.792+05:30  INFO 33684 --- [       Thread-3] d.f.e.m.s.autoconfigure.EmbeddedMongo    : {"t":{"$date":"2026-08-20T13:51:46.792+05:30"},"s":"I",  "c":"STORAGE",  "id":22237,   "ctx":"TimestampMonitor","msg":"Completing drop for ident","attr":{"ident":"index-64--1415079027012356863","dropTimestamp":{"$timestamp":{"t":0,"i":0}}}}
2026-08-20T13:51:46.792+05:30  INFO 33684 --- [       Thread-3] d.f.e.m.s.autoconfigure.EmbeddedMongo    : {"t":{"$date":"2026-08-20T13:51:46.792+05:30"},"s":"I",  "c":"STORAGE",  "id":6936300, "ctx":"TimestampMonitor","msg":"Drop-pending ident is still in use","attr":{"ident":"index-64--1415079027012356863","dropTimestamp":{"$timestamp":{"t":0,"i":0}},"error":{"code":314,"codeName":"ObjectIsBusy","errmsg":"Failed to remove drop-pending ident index-64--1415079027012356863"}}}
2026-08-20T13:51:46.792+05:30  INFO 33684 --- [       Thread-3] d.f.e.m.s.autoconfigure.EmbeddedMongo    : {"t":{"$date":"2026-08-20T13:51:46.792+05:30"},"s":"I",  "c":"STORAGE",  "id":22237,   "ctx":"TimestampMonitor","msg":"Completing drop for ident","attr":{"ident":"collection-63--1415079027012356863","dropTimestamp":{"$timestamp":{"t":0,"i":0}}}}
2026-08-20T13:51:46.792+05:30  INFO 33684 --- [       Thread-3] d.f.e.m.s.autoconfigure.EmbeddedMongo    : {"t":{"$date":"2026-08-20T13:51:46.792+05:30"},"s":"I",  "c":"STORAGE",  "id":6936300, "ctx":"TimestampMonitor","msg":"Drop-pending ident is still in use","attr":{"ident":"collection-63--1415079027012356863","dropTimestamp":{"$timestamp":{"t":0,"i":0}},"error":{"code":314,"codeName":"ObjectIsBusy","errmsg":"Failed to remove drop-pending ident collection-63--1415079027012356863"}}}
2026-08-20T13:51:46.792+05:30  INFO 33684 --- [       Thread-3] d.f.e.m.s.autoconfigure.EmbeddedMongo    : {"t":{"$date":"2026-08-20T13:51:46.792+05:30"},"s":"I",  "c":"STORAGE",  "id":22237,   "ctx":"TimestampMonitor","msg":"Completing drop for ident","attr":{"ident":"index-78--1415079027012356863","dropTimestamp":{"$timestamp":{"t":0,"i":0}}}}
2026-08-20T13:51:46.792+05:30  INFO 33684 --- [       Thread-3] d.f.e.m.s.autoconfigure.EmbeddedMongo    : {"t":{"$date":"2026-08-20T13:51:46.792+05:30"},"s":"I",  "c":"STORAGE",  "id":6936300, "ctx":"TimestampMonitor","msg":"Drop-pending ident is still in use","attr":{"ident":"index-78--1415079027012356863","dropTimestamp":{"$timestamp":{"t":0,"i":0}},"error":{"code":314,"codeName":"ObjectIsBusy","errmsg":"Failed to remove drop-pending ident index-78--1415079027012356863"}}}
2026-08-20T13:51:46.792+05:30  INFO 33684 --- [       Thread-3] d.f.e.m.s.autoconfigure.EmbeddedMongo    : {"t":{"$date":"2026-08-20T13:51:46.792+05:30"},"s":"I",  "c":"STORAGE",  "id":22237,   "ctx":"TimestampMonitor","msg":"Completing drop for ident","attr":{"ident":"collection-77--1415079027012356863","dropTimestamp":{"$timestamp":{"t":0,"i":0}}}}
2026-08-20T13:51:46.792+05:30  INFO 33684 --- [       Thread-3] d.f.e.m.s.autoconfigure.EmbeddedMongo    : {"t":{"$date":"2026-08-20T13:51:46.792+05:30"},"s":"I",  "c":"STORAGE",  "id":6936300, "ctx":"TimestampMonitor","msg":"Drop-pending ident is still in use","attr":{"ident":"collection-77--1415079027012356863","dropTimestamp":{"$timestamp":{"t":0,"i":0}},"error":{"code":314,"codeName":"ObjectIsBusy","errmsg":"Failed to remove drop-pending ident collection-77--1415079027012356863"}}}
2026-08-20T13:51:46.792+05:30  INFO 33684 --- [       Thread-3] d.f.e.m.s.autoconfigure.EmbeddedMongo    : {"t":{"$date":"2026-08-20T13:51:46.792+05:30"},"s":"I",  "c":"STORAGE",  "id":22237,   "ctx":"TimestampMonitor","msg":"Completing drop for ident","attr":{"ident":"index-70--1415079027012356863","dropTimestamp":{"$timestamp":{"t":0,"i":0}}}}
2026-08-20T13:51:46.792+05:30  INFO 33684 --- [       Thread-3] d.f.e.m.s.autoconfigure.EmbeddedMongo    : {"t":{"$date":"2026-08-20T13:51:46.792+05:30"},"s":"I",  "c":"STORAGE",  "id":6936300, "ctx":"TimestampMonitor","msg":"Drop-pending ident is still in use","attr":{"ident":"index-70--1415079027012356863","dropTimestamp":{"$timestamp":{"t":0,"i":0}},"error":{"code":314,"codeName":"ObjectIsBusy","errmsg":"Failed to remove drop-pending ident index-70--1415079027012356863"}}}
2026-08-20T13:51:46.792+05:30  INFO 33684 --- [       Thread-3] d.f.e.m.s.autoconfigure.EmbeddedMongo    : {"t":{"$date":"2026-08-20T13:51:46.792+05:30"},"s":"I",  "c":"STORAGE",  "id":22237,   "ctx":"TimestampMonitor","msg":"Completing drop for ident","attr":{"ident":"collection-69--1415079027012356863","dropTimestamp":{"$timestamp":{"t":0,"i":0}}}}
2026-08-20T13:51:46.792+05:30  INFO 33684 --- [       Thread-3] d.f.e.m.s.autoconfigure.EmbeddedMongo    : {"t":{"$date":"2026-08-20T13:51:46.792+05:30"},"s":"I",  "c":"STORAGE",  "id":6936300, "ctx":"TimestampMonitor","msg":"Drop-pending ident is still in use","attr":{"ident":"collection-69--1415079027012356863","dropTimestamp":{"$timestamp":{"t":0,"i":0}},"error":{"code":314,"codeName":"ObjectIsBusy","errmsg":"Failed to remove drop-pending ident collection-69--1415079027012356863"}}}
2026-08-20T13:51:46.792+05:30  INFO 33684 --- [       Thread-3] d.f.e.m.s.autoconfigure.EmbeddedMongo    : {"t":{"$date":"2026-08-20T13:51:46.792+05:30"},"s":"I",  "c":"STORAGE",  "id":22237,   "ctx":"TimestampMonitor","msg":"Completing drop for ident","attr":{"ident":"index-76--1415079027012356863","dropTimestamp":{"$timestamp":{"t":0,"i":0}}}}
2026-08-20T13:51:46.792+05:30  INFO 33684 --- [       Thread-3] d.f.e.m.s.autoconfigure.EmbeddedMongo    : {"t":{"$date":"2026-08-20T13:51:46.792+05:30"},"s":"I",  "c":"STORAGE",  "id":6936300, "ctx":"TimestampMonitor","msg":"Drop-pending ident is still in use","attr":{"ident":"index-76--1415079027012356863","dropTimestamp":{"$timestamp":{"t":0,"i":0}},"error":{"code":314,"codeName":"ObjectIsBusy","errmsg":"Failed to remove drop-pending ident index-76--1415079027012356863"}}}
2026-08-20T13:51:46.792+05:30  INFO 33684 --- [       Thread-3] d.f.e.m.s.autoconfigure.EmbeddedMongo    : {"t":{"$date":"2026-08-20T13:51:46.792+05:30"},"s":"I",  "c":"STORAGE",  "id":22237,   "ctx":"TimestampMonitor","msg":"Completing drop for ident","attr":{"ident":"collection-75--1415079027012356863","dropTimestamp":{"$timestamp":{"t":0,"i":0}}}}
2026-08-20T13:51:46.792+05:30  INFO 33684 --- [       Thread-3] d.f.e.m.s.autoconfigure.EmbeddedMongo    : {"t":{"$date":"2026-08-20T13:51:46.792+05:30"},"s":"I",  "c":"STORAGE",  "id":6936300, "ctx":"TimestampMonitor","msg":"Drop-pending ident is still in use","attr":{"ident":"collection-75--1415079027012356863","dropTimestamp":{"$timestamp":{"t":0,"i":0}},"error":{"code":314,"codeName":"ObjectIsBusy","errmsg":"Failed to remove drop-pending ident collection-75--1415079027012356863"}}}
2026-08-20T13:51:46.792+05:30  INFO 33684 --- [       Thread-3] d.f.e.m.s.autoconfigure.EmbeddedMongo    : {"t":{"$date":"2026-08-20T13:51:46.792+05:30"},"s":"I",  "c":"STORAGE",  "id":22237,   "ctx":"TimestampMonitor","msg":"Completing drop for ident","attr":{"ident":"index-72--1415079027012356863","dropTimestamp":{"$timestamp":{"t":0,"i":0}}}}
2026-08-20T13:51:46.792+05:30  INFO 33684 --- [       Thread-3] d.f.e.m.s.autoconfigure.EmbeddedMongo    : {"t":{"$date":"2026-08-20T13:51:46.792+05:30"},"s":"I",  "c":"STORAGE",  "id":6936300, "ctx":"TimestampMonitor","msg":"Drop-pending ident is still in use","attr":{"ident":"index-72--1415079027012356863","dropTimestamp":{"$timestamp":{"t":0,"i":0}},"error":{"code":314,"codeName":"ObjectIsBusy","errmsg":"Failed to remove drop-pending ident index-72--1415079027012356863"}}}
2026-08-20T13:51:46.792+05:30  INFO 33684 --- [       Thread-3] d.f.e.m.s.autoconfigure.EmbeddedMongo    : {"t":{"$date":"2026-08-20T13:51:46.792+05:30"},"s":"I",  "c":"STORAGE",  "id":22237,   "ctx":"TimestampMonitor","msg":"Completing drop for ident","attr":{"ident":"collection-71--1415079027012356863","dropTimestamp":{"$timestamp":{"t":0,"i":0}}}}
2026-08-20T13:51:46.792+05:30  INFO 33684 --- [       Thread-3] d.f.e.m.s.autoconfigure.EmbeddedMongo    : {"t":{"$date":"2026-08-20T13:51:46.792+05:30"},"s":"I",  "c":"STORAGE",  "id":6936300, "ctx":"TimestampMonitor","msg":"Drop-pending ident is still in use","attr":{"ident":"collection-71--1415079027012356863","dropTimestamp":{"$timestamp":{"t":0,"i":0}},"error":{"code":314,"codeName":"ObjectIsBusy","errmsg":"Failed to remove drop-pending ident collection-71--1415079027012356863"}}}
2026-08-20T13:51:46.792+05:30  INFO 33684 --- [       Thread-3] d.f.e.m.s.autoconfigure.EmbeddedMongo    : {"t":{"$date":"2026-08-20T13:51:46.792+05:30"},"s":"I",  "c":"STORAGE",  "id":22237,   "ctx":"TimestampMonitor","msg":"Completing drop for ident","attr":{"ident":"index-74--1415079027012356863","dropTimestamp":{"$timestamp":{"t":0,"i":0}}}}
2026-08-20T13:51:46.792+05:30  INFO 33684 --- [       Thread-3] d.f.e.m.s.autoconfigure.EmbeddedMongo    : {"t":{"$date":"2026-08-20T13:51:46.792+05:30"},"s":"I",  "c":"STORAGE",  "id":6936300, "ctx":"TimestampMonitor","msg":"Drop-pending ident is still in use","attr":{"ident":"index-74--1415079027012356863","dropTimestamp":{"$timestamp":{"t":0,"i":0}},"error":{"code":314,"codeName":"ObjectIsBusy","errmsg":"Failed to remove drop-pending ident index-74--1415079027012356863"}}}
2026-08-20T13:51:46.792+05:30  INFO 33684 --- [       Thread-3] d.f.e.m.s.autoconfigure.EmbeddedMongo    : {"t":{"$date":"2026-08-20T13:51:46.792+05:30"},"s":"I",  "c":"STORAGE",  "id":22237,   "ctx":"TimestampMonitor","msg":"Completing drop for ident","attr":{"ident":"collection-73--1415079027012356863","dropTimestamp":{"$timestamp":{"t":0,"i":0}}}}
2026-08-20T13:51:46.792+05:30  INFO 33684 --- [       Thread-3] d.f.e.m.s.autoconfigure.EmbeddedMongo    : {"t":{"$date":"2026-08-20T13:51:46.792+05:30"},"s":"I",  "c":"STORAGE",  "id":6936300, "ctx":"TimestampMonitor","msg":"Drop-pending ident is still in use","attr":{"ident":"collection-73--1415079027012356863","dropTimestamp":{"$timestamp":{"t":0,"i":0}},"error":{"code":314,"codeName":"ObjectIsBusy","errmsg":"Failed to remove drop-pending ident collection-73--1415079027012356863"}}}
2026-08-20T13:51:46.792+05:30  INFO 33684 --- [       Thread-3] d.f.e.m.s.autoconfigure.EmbeddedMongo    : {"t":{"$date":"2026-08-20T13:51:46.792+05:30"},"s":"I",  "c":"STORAGE",  "id":22237,   "ctx":"TimestampMonitor","msg":"Completing drop for ident","attr":{"ident":"index-68--1415079027012356863","dropTimestamp":{"$timestamp":{"t":0,"i":0}}}}
2026-08-20T13:51:46.792+05:30  INFO 33684 --- [       Thread-3] d.f.e.m.s.autoconfigure.EmbeddedMongo    : {"t":{"$date":"2026-08-20T13:51:46.792+05:30"},"s":"I",  "c":"STORAGE",  "id":6936300, "ctx":"TimestampMonitor","msg":"Drop-pending ident is still in use","attr":{"ident":"index-68--1415079027012356863","dropTimestamp":{"$timestamp":{"t":0,"i":0}},"error":{"code":314,"codeName":"ObjectIsBusy","errmsg":"Failed to remove drop-pending ident index-68--1415079027012356863"}}}
2026-08-20T13:51:46.792+05:30  INFO 33684 --- [       Thread-3] d.f.e.m.s.autoconfigure.EmbeddedMongo    : {"t":{"$date":"2026-08-20T13:51:46.792+05:30"},"s":"I",  "c":"STORAGE",  "id":22237,   "ctx":"TimestampMonitor","msg":"Completing drop for ident","attr":{"ident":"collection-67--1415079027012356863","dropTimestamp":{"$timestamp":{"t":0,"i":0}}}}
2026-08-20T13:51:46.792+05:30  INFO 33684 --- [       Thread-3] d.f.e.m.s.autoconfigure.EmbeddedMongo    : {"t":{"$date":"2026-08-20T13:51:46.792+05:30"},"s":"I",  "c":"STORAGE",  "id":6936300, "ctx":"TimestampMonitor","msg":"Drop-pending ident is still in use","attr":{"ident":"collection-67--1415079027012356863","dropTimestamp":{"$timestamp":{"t":0,"i":0}},"error":{"code":314,"codeName":"ObjectIsBusy","errmsg":"Failed to remove drop-pending ident collection-67--1415079027012356863"}}}
2026-08-20T13:51:46.792+05:30  INFO 33684 --- [       Thread-3] d.f.e.m.s.autoconfigure.EmbeddedMongo    : {"t":{"$date":"2026-08-20T13:51:46.792+05:30"},"s":"I",  "c":"STORAGE",  "id":22237,   "ctx":"TimestampMonitor","msg":"Completing drop for ident","attr":{"ident":"index-80--1415079027012356863","dropTimestamp":{"$timestamp":{"t":0,"i":0}}}}
2026-08-20T13:51:46.792+05:30  INFO 33684 --- [       Thread-3] d.f.e.m.s.autoconfigure.EmbeddedMongo    : {"t":{"$date":"2026-08-20T13:51:46.792+05:30"},"s":"I",  "c":"STORAGE",  "id":6936300, "ctx":"TimestampMonitor","msg":"Drop-pending ident is still in use","attr":{"ident":"index-80--1415079027012356863","dropTimestamp":{"$timestamp":{"t":0,"i":0}},"error":{"code":314,"codeName":"ObjectIsBusy","errmsg":"Failed to remove drop-pending ident index-80--1415079027012356863"}}}
2026-08-20T13:51:46.792+05:30  INFO 33684 --- [       Thread-3] d.f.e.m.s.autoconfigure.EmbeddedMongo    : {"t":{"$date":"2026-08-20T13:51:46.792+05:30"},"s":"I",  "c":"STORAGE",  "id":22237,   "ctx":"TimestampMonitor","msg":"Completing drop for ident","attr":{"ident":"collection-79--1415079027012356863","dropTimestamp":{"$timestamp":{"t":0,"i":0}}}}
2026-08-20T13:51:46.792+05:30  INFO 33684 --- [       Thread-3] d.f.e.m.s.autoconfigure.EmbeddedMongo    : {"t":{"$date":"2026-08-20T13:51:46.792+05:30"},"s":"I",  "c":"STORAGE",  "id":6936300, "ctx":"TimestampMonitor","msg":"Drop-pending ident is still in use","attr":{"ident":"collection-79--1415079027012356863","dropTimestamp":{"$timestamp":{"t":0,"i":0}},"error":{"code":314,"codeName":"ObjectIsBusy","errmsg":"Failed to remove drop-pending ident collection-79--1415079027012356863"}}}
2026-08-20T13:51:46.792+05:30  INFO 33684 --- [       Thread-3] d.f.e.m.s.autoconfigure.EmbeddedMongo    : {"t":{"$date":"2026-08-20T13:51:46.792+05:30"},"s":"I",  "c":"STORAGE",  "id":22237,   "ctx":"TimestampMonitor","msg":"Completing drop for ident","attr":{"ident":"index-82--1415079027012356863","dropTimestamp":{"$timestamp":{"t":0,"i":0}}}}
2026-08-20T13:51:46.792+05:30  INFO 33684 --- [       Thread-3] d.f.e.m.s.autoconfigure.EmbeddedMongo    : {"t":{"$date":"2026-08-20T13:51:46.792+05:30"},"s":"I",  "c":"STORAGE",  "id":6936300, "ctx":"TimestampMonitor","msg":"Drop-pending ident is still in use","attr":{"ident":"index-82--1415079027012356863","dropTimestamp":{"$timestamp":{"t":0,"i":0}},"error":{"code":314,"codeName":"ObjectIsBusy","errmsg":"Failed to remove drop-pending ident index-82--1415079027012356863"}}}
2026-08-20T13:51:46.792+05:30  INFO 33684 --- [       Thread-3] d.f.e.m.s.autoconfigure.EmbeddedMongo    : {"t":{"$date":"2026-08-20T13:51:46.792+05:30"},"s":"I",  "c":"STORAGE",  "id":22237,   "ctx":"TimestampMonitor","msg":"Completing drop for ident","attr":{"ident":"collection-81--1415079027012356863","dropTimestamp":{"$timestamp":{"t":0,"i":0}}}}
2026-08-20T13:51:46.792+05:30  INFO 33684 --- [       Thread-3] d.f.e.m.s.autoconfigure.EmbeddedMongo    : {"t":{"$date":"2026-08-20T13:51:46.792+05:30"},"s":"I",  "c":"STORAGE",  "id":6936300, "ctx":"TimestampMonitor","msg":"Drop-pending ident is still in use","attr":{"ident":"collection-81--1415079027012356863","dropTimestamp":{"$timestamp":{"t":0,"i":0}},"error":{"code":314,"codeName":"ObjectIsBusy","errmsg":"Failed to remove drop-pending ident collection-81--1415079027012356863"}}}
2026-08-20T13:51:46.792+05:30  INFO 33684 --- [       Thread-3] d.f.e.m.s.autoconfigure.EmbeddedMongo    : {"t":{"$date":"2026-08-20T13:51:46.792+05:30"},"s":"I",  "c":"STORAGE",  "id":22237,   "ctx":"TimestampMonitor","msg":"Completing drop for ident","attr":{"ident":"index-84--1415079027012356863","dropTimestamp":{"$timestamp":{"t":0,"i":0}}}}
2026-08-20T13:51:46.792+05:30  INFO 33684 --- [       Thread-3] d.f.e.m.s.autoconfigure.EmbeddedMongo    : {"t":{"$date":"2026-08-20T13:51:46.792+05:30"},"s":"I",  "c":"STORAGE",  "id":6936300, "ctx":"TimestampMonitor","msg":"Drop-pending ident is still in use","attr":{"ident":"index-84--1415079027012356863","dropTimestamp":{"$timestamp":{"t":0,"i":0}},"error":{"code":314,"codeName":"ObjectIsBusy","errmsg":"Failed to remove drop-pending ident index-84--1415079027012356863"}}}
2026-08-20T13:51:46.792+05:30  INFO 33684 --- [       Thread-3] d.f.e.m.s.autoconfigure.EmbeddedMongo    : {"t":{"$date":"2026-08-20T13:51:46.792+05:30"},"s":"I",  "c":"STORAGE",  "id":22237,   "ctx":"TimestampMonitor","msg":"Completing drop for ident","attr":{"ident":"collection-83--1415079027012356863","dropTimestamp":{"$timestamp":{"t":0,"i":0}}}}
2026-08-20T13:51:46.792+05:30  INFO 33684 --- [       Thread-3] d.f.e.m.s.autoconfigure.EmbeddedMongo    : {"t":{"$date":"2026-08-20T13:51:46.792+05:30"},"s":"I",  "c":"STORAGE",  "id":6936300, "ctx":"TimestampMonitor","msg":"Drop-pending ident is still in use","attr":{"ident":"collection-83--1415079027012356863","dropTimestamp":{"$timestamp":{"t":0,"i":0}},"error":{"code":314,"codeName":"ObjectIsBusy","errmsg":"Failed to remove drop-pending ident collection-83--1415079027012356863"}}}
2026-08-20T13:51:46.792+05:30  INFO 33684 --- [       Thread-3] d.f.e.m.s.autoconfigure.EmbeddedMongo    : {"t":{"$date":"2026-08-20T13:51:46.792+05:30"},"s":"I",  "c":"STORAGE",  "id":22237,   "ctx":"TimestampMonitor","msg":"Completing drop for ident","attr":{"ident":"index-86--1415079027012356863","dropTimestamp":{"$timestamp":{"t":0,"i":0}}}}
2026-08-20T13:51:46.792+05:30  INFO 33684 --- [       Thread-3] d.f.e.m.s.autoconfigure.EmbeddedMongo    : {"t":{"$date":"2026-08-20T13:51:46.792+05:30"},"s":"I",  "c":"STORAGE",  "id":6936300, "ctx":"TimestampMonitor","msg":"Drop-pending ident is still in use","attr":{"ident":"index-86--1415079027012356863","dropTimestamp":{"$timestamp":{"t":0,"i":0}},"error":{"code":314,"codeName":"ObjectIsBusy","errmsg":"Failed to remove drop-pending ident index-86--1415079027012356863"}}}
2026-08-20T13:51:46.792+05:30  INFO 33684 --- [       Thread-3] d.f.e.m.s.autoconfigure.EmbeddedMongo    : {"t":{"$date":"2026-08-20T13:51:46.792+05:30"},"s":"I",  "c":"STORAGE",  "id":22237,   "ctx":"TimestampMonitor","msg":"Completing drop for ident","attr":{"ident":"collection-85--1415079027012356863","dropTimestamp":{"$timestamp":{"t":0,"i":0}}}}
2026-08-20T13:51:46.792+05:30  INFO 33684 --- [       Thread-3] d.f.e.m.s.autoconfigure.EmbeddedMongo    : {"t":{"$date":"2026-08-20T13:51:46.792+05:30"},"s":"I",  "c":"STORAGE",  "id":6936300, "ctx":"TimestampMonitor","msg":"Drop-pending ident is still in use","attr":{"ident":"collection-85--1415079027012356863","dropTimestamp":{"$timestamp":{"t":0,"i":0}},"error":{"code":314,"codeName":"ObjectIsBusy","errmsg":"Failed to remove drop-pending ident collection-85--1415079027012356863"}}}
2026-08-20T13:51:46.792+05:30  INFO 33684 --- [       Thread-3] d.f.e.m.s.autoconfigure.EmbeddedMongo    : {"t":{"$date":"2026-08-20T13:51:46.792+05:30"},"s":"I",  "c":"STORAGE",  "id":22237,   "ctx":"TimestampMonitor","msg":"Completing drop for ident","attr":{"ident":"index-92--1415079027012356863","dropTimestamp":{"$timestamp":{"t":0,"i":0}}}}
2026-08-20T13:51:46.792+05:30  INFO 33684 --- [       Thread-3] d.f.e.m.s.autoconfigure.EmbeddedMongo    : {"t":{"$date":"2026-08-20T13:51:46.792+05:30"},"s":"I",  "c":"STORAGE",  "id":6936300, "ctx":"TimestampMonitor","msg":"Drop-pending ident is still in use","attr":{"ident":"index-92--1415079027012356863","dropTimestamp":{"$timestamp":{"t":0,"i":0}},"error":{"code":314,"codeName":"ObjectIsBusy","errmsg":"Failed to remove drop-pending ident index-92--1415079027012356863"}}}
2026-08-20T13:51:46.792+05:30  INFO 33684 --- [       Thread-3] d.f.e.m.s.autoconfigure.EmbeddedMongo    : {"t":{"$date":"2026-08-20T13:51:46.792+05:30"},"s":"I",  "c":"STORAGE",  "id":22237,   "ctx":"TimestampMonitor","msg":"Completing drop for ident","attr":{"ident":"collection-91--1415079027012356863","dropTimestamp":{"$timestamp":{"t":0,"i":0}}}}
2026-08-20T13:51:46.792+05:30  INFO 33684 --- [       Thread-3] d.f.e.m.s.autoconfigure.EmbeddedMongo    : {"t":{"$date":"2026-08-20T13:51:46.792+05:30"},"s":"I",  "c":"STORAGE",  "id":6936300, "ctx":"TimestampMonitor","msg":"Drop-pending ident is still in use","attr":{"ident":"collection-91--1415079027012356863","dropTimestamp":{"$timestamp":{"t":0,"i":0}},"error":{"code":314,"codeName":"ObjectIsBusy","errmsg":"Failed to remove drop-pending ident collection-91--1415079027012356863"}}}
2026-08-20T13:51:46.792+05:30  INFO 33684 --- [       Thread-3] d.f.e.m.s.autoconfigure.EmbeddedMongo    : {"t":{"$date":"2026-08-20T13:51:46.792+05:30"},"s":"I",  "c":"STORAGE",  "id":22237,   "ctx":"TimestampMonitor","msg":"Completing drop for ident","attr":{"ident":"index-102--1415079027012356863","dropTimestamp":{"$timestamp":{"t":0,"i":0}}}}
2026-08-20T13:51:46.792+05:30  INFO 33684 --- [       Thread-3] d.f.e.m.s.autoconfigure.EmbeddedMongo    : {"t":{"$date":"2026-08-20T13:51:46.792+05:30"},"s":"I",  "c":"STORAGE",  "id":6936300, "ctx":"TimestampMonitor","msg":"Drop-pending ident is still in use","attr":{"ident":"index-102--1415079027012356863","dropTimestamp":{"$timestamp":{"t":0,"i":0}},"error":{"code":314,"codeName":"ObjectIsBusy","errmsg":"Failed to remove drop-pending ident index-102--1415079027012356863"}}}
2026-08-20T13:51:46.792+05:30  INFO 33684 --- [       Thread-3] d.f.e.m.s.autoconfigure.EmbeddedMongo    : {"t":{"$date":"2026-08-20T13:51:46.792+05:30"},"s":"I",  "c":"STORAGE",  "id":22237,   "ctx":"TimestampMonitor","msg":"Completing drop for ident","attr":{"ident":"collection-101--1415079027012356863","dropTimestamp":{"$timestamp":{"t":0,"i":0}}}}
2026-08-20T13:51:46.792+05:30  INFO 33684 --- [       Thread-3] d.f.e.m.s.autoconfigure.EmbeddedMongo    : {"t":{"$date":"2026-08-20T13:51:46.792+05:30"},"s":"I",  "c":"STORAGE",  "id":6936300, "ctx":"TimestampMonitor","msg":"Drop-pending ident is still in use","attr":{"ident":"collection-101--1415079027012356863","dropTimestamp":{"$timestamp":{"t":0,"i":0}},"error":{"code":314,"codeName":"ObjectIsBusy","errmsg":"Failed to remove drop-pending ident collection-101--1415079027012356863"}}}
2026-08-20T13:51:46.792+05:30  INFO 33684 --- [       Thread-3] d.f.e.m.s.autoconfigure.EmbeddedMongo    : {"t":{"$date":"2026-08-20T13:51:46.793+05:30"},"s":"I",  "c":"STORAGE",  "id":22237,   "ctx":"TimestampMonitor","msg":"Completing drop for ident","attr":{"ident":"index-104--1415079027012356863","dropTimestamp":{"$timestamp":{"t":0,"i":0}}}}
2026-08-20T13:51:46.792+05:30  INFO 33684 --- [       Thread-3] d.f.e.m.s.autoconfigure.EmbeddedMongo    : {"t":{"$date":"2026-08-20T13:51:46.793+05:30"},"s":"I",  "c":"STORAGE",  "id":6936300, "ctx":"TimestampMonitor","msg":"Drop-pending ident is still in use","attr":{"ident":"index-104--1415079027012356863","dropTimestamp":{"$timestamp":{"t":0,"i":0}},"error":{"code":314,"codeName":"ObjectIsBusy","errmsg":"Failed to remove drop-pending ident index-104--1415079027012356863"}}}
2026-08-20T13:51:46.792+05:30  INFO 33684 --- [       Thread-3] d.f.e.m.s.autoconfigure.EmbeddedMongo    : {"t":{"$date":"2026-08-20T13:51:46.793+05:30"},"s":"I",  "c":"STORAGE",  "id":22237,   "ctx":"TimestampMonitor","msg":"Completing drop for ident","attr":{"ident":"collection-103--1415079027012356863","dropTimestamp":{"$timestamp":{"t":0,"i":0}}}}
2026-08-20T13:51:46.792+05:30  INFO 33684 --- [       Thread-3] d.f.e.m.s.autoconfigure.EmbeddedMongo    : {"t":{"$date":"2026-08-20T13:51:46.793+05:30"},"s":"I",  "c":"STORAGE",  "id":6936300, "ctx":"TimestampMonitor","msg":"Drop-pending ident is still in use","attr":{"ident":"collection-103--1415079027012356863","dropTimestamp":{"$timestamp":{"t":0,"i":0}},"error":{"code":314,"codeName":"ObjectIsBusy","errmsg":"Failed to remove drop-pending ident collection-103--1415079027012356863"}}}
2026-08-20T13:51:46.792+05:30  INFO 33684 --- [       Thread-3] d.f.e.m.s.autoconfigure.EmbeddedMongo    : {"t":{"$date":"2026-08-20T13:51:46.793+05:30"},"s":"I",  "c":"STORAGE",  "id":22237,   "ctx":"TimestampMonitor","msg":"Completing drop for ident","attr":{"ident":"index-100--1415079027012356863","dropTimestamp":{"$timestamp":{"t":0,"i":0}}}}
2026-08-20T13:51:46.792+05:30  INFO 33684 --- [       Thread-3] d.f.e.m.s.autoconfigure.EmbeddedMongo    : {"t":{"$date":"2026-08-20T13:51:46.793+05:30"},"s":"I",  "c":"STORAGE",  "id":6936300, "ctx":"TimestampMonitor","msg":"Drop-pending ident is still in use","attr":{"ident":"index-100--1415079027012356863","dropTimestamp":{"$timestamp":{"t":0,"i":0}},"error":{"code":314,"codeName":"ObjectIsBusy","errmsg":"Failed to remove drop-pending ident index-100--1415079027012356863"}}}
2026-08-20T13:51:46.792+05:30  INFO 33684 --- [       Thread-3] d.f.e.m.s.autoconfigure.EmbeddedMongo    : {"t":{"$date":"2026-08-20T13:51:46.793+05:30"},"s":"I",  "c":"STORAGE",  "id":22237,   "ctx":"TimestampMonitor","msg":"Completing drop for ident","attr":{"ident":"collection-99--1415079027012356863","dropTimestamp":{"$timestamp":{"t":0,"i":0}}}}
2026-08-20T13:51:46.792+05:30  INFO 33684 --- [       Thread-3] d.f.e.m.s.autoconfigure.EmbeddedMongo    : {"t":{"$date":"2026-08-20T13:51:46.793+05:30"},"s":"I",  "c":"STORAGE",  "id":6936300, "ctx":"TimestampMonitor","msg":"Drop-pending ident is still in use","attr":{"ident":"collection-99--1415079027012356863","dropTimestamp":{"$timestamp":{"t":0,"i":0}},"error":{"code":314,"codeName":"ObjectIsBusy","errmsg":"Failed to remove drop-pending ident collection-99--1415079027012356863"}}}
2026-08-20T13:51:46.792+05:30  INFO 33684 --- [       Thread-3] d.f.e.m.s.autoconfigure.EmbeddedMongo    : {"t":{"$date":"2026-08-20T13:51:46.793+05:30"},"s":"I",  "c":"STORAGE",  "id":22237,   "ctx":"TimestampMonitor","msg":"Completing drop for ident","attr":{"ident":"index-94--1415079027012356863","dropTimestamp":{"$timestamp":{"t":0,"i":0}}}}
2026-08-20T13:51:46.792+05:30  INFO 33684 --- [       Thread-3] d.f.e.m.s.autoconfigure.EmbeddedMongo    : {"t":{"$date":"2026-08-20T13:51:46.793+05:30"},"s":"I",  "c":"STORAGE",  "id":6936300, "ctx":"TimestampMonitor","msg":"Drop-pending ident is still in use","attr":{"ident":"index-94--1415079027012356863","dropTimestamp":{"$timestamp":{"t":0,"i":0}},"error":{"code":314,"codeName":"ObjectIsBusy","errmsg":"Failed to remove drop-pending ident index-94--1415079027012356863"}}}
2026-08-20T13:51:46.793+05:30  INFO 33684 --- [       Thread-3] d.f.e.m.s.autoconfigure.EmbeddedMongo    : {"t":{"$date":"2026-08-20T13:51:46.793+05:30"},"s":"I",  "c":"STORAGE",  "id":22237,   "ctx":"TimestampMonitor","msg":"Completing drop for ident","attr":{"ident":"collection-93--1415079027012356863","dropTimestamp":{"$timestamp":{"t":0,"i":0}}}}
2026-08-20T13:51:46.793+05:30  INFO 33684 --- [       Thread-3] d.f.e.m.s.autoconfigure.EmbeddedMongo    : {"t":{"$date":"2026-08-20T13:51:46.793+05:30"},"s":"I",  "c":"STORAGE",  "id":6936300, "ctx":"TimestampMonitor","msg":"Drop-pending ident is still in use","attr":{"ident":"collection-93--1415079027012356863","dropTimestamp":{"$timestamp":{"t":0,"i":0}},"error":{"code":314,"codeName":"ObjectIsBusy","errmsg":"Failed to remove drop-pending ident collection-93--1415079027012356863"}}}
2026-08-20T13:51:46.793+05:30  INFO 33684 --- [       Thread-3] d.f.e.m.s.autoconfigure.EmbeddedMongo    : {"t":{"$date":"2026-08-20T13:51:46.793+05:30"},"s":"I",  "c":"STORAGE",  "id":22237,   "ctx":"TimestampMonitor","msg":"Completing drop for ident","attr":{"ident":"index-88--1415079027012356863","dropTimestamp":{"$timestamp":{"t":0,"i":0}}}}
2026-08-20T13:51:46.793+05:30  INFO 33684 --- [       Thread-3] d.f.e.m.s.autoconfigure.EmbeddedMongo    : {"t":{"$date":"2026-08-20T13:51:46.793+05:30"},"s":"I",  "c":"STORAGE",  "id":6936300, "ctx":"TimestampMonitor","msg":"Drop-pending ident is still in use","attr":{"ident":"index-88--1415079027012356863","dropTimestamp":{"$timestamp":{"t":0,"i":0}},"error":{"code":314,"codeName":"ObjectIsBusy","errmsg":"Failed to remove drop-pending ident index-88--1415079027012356863"}}}
2026-08-20T13:51:46.793+05:30  INFO 33684 --- [       Thread-3] d.f.e.m.s.autoconfigure.EmbeddedMongo    : {"t":{"$date":"2026-08-20T13:51:46.793+05:30"},"s":"I",  "c":"STORAGE",  "id":22237,   "ctx":"TimestampMonitor","msg":"Completing drop for ident","attr":{"ident":"collection-87--1415079027012356863","dropTimestamp":{"$timestamp":{"t":0,"i":0}}}}
2026-08-20T13:51:46.793+05:30  INFO 33684 --- [       Thread-3] d.f.e.m.s.autoconfigure.EmbeddedMongo    : {"t":{"$date":"2026-08-20T13:51:46.793+05:30"},"s":"I",  "c":"STORAGE",  "id":6936300, "ctx":"TimestampMonitor","msg":"Drop-pending ident is still in use","attr":{"ident":"collection-87--1415079027012356863","dropTimestamp":{"$timestamp":{"t":0,"i":0}},"error":{"code":314,"codeName":"ObjectIsBusy","errmsg":"Failed to remove drop-pending ident collection-87--1415079027012356863"}}}
2026-08-20T13:51:46.793+05:30  INFO 33684 --- [       Thread-3] d.f.e.m.s.autoconfigure.EmbeddedMongo    : {"t":{"$date":"2026-08-20T13:51:46.793+05:30"},"s":"I",  "c":"STORAGE",  "id":22237,   "ctx":"TimestampMonitor","msg":"Completing drop for ident","attr":{"ident":"index-98--1415079027012356863","dropTimestamp":{"$timestamp":{"t":0,"i":0}}}}
2026-08-20T13:51:46.793+05:30  INFO 33684 --- [       Thread-3] d.f.e.m.s.autoconfigure.EmbeddedMongo    : {"t":{"$date":"2026-08-20T13:51:46.793+05:30"},"s":"I",  "c":"STORAGE",  "id":6936300, "ctx":"TimestampMonitor","msg":"Drop-pending ident is still in use","attr":{"ident":"index-98--1415079027012356863","dropTimestamp":{"$timestamp":{"t":0,"i":0}},"error":{"code":314,"codeName":"ObjectIsBusy","errmsg":"Failed to remove drop-pending ident index-98--1415079027012356863"}}}
2026-08-20T13:51:46.793+05:30  INFO 33684 --- [       Thread-3] d.f.e.m.s.autoconfigure.EmbeddedMongo    : {"t":{"$date":"2026-08-20T13:51:46.793+05:30"},"s":"I",  "c":"STORAGE",  "id":22237,   "ctx":"TimestampMonitor","msg":"Completing drop for ident","attr":{"ident":"collection-97--1415079027012356863","dropTimestamp":{"$timestamp":{"t":0,"i":0}}}}
2026-08-20T13:51:46.793+05:30  INFO 33684 --- [       Thread-3] d.f.e.m.s.autoconfigure.EmbeddedMongo    : {"t":{"$date":"2026-08-20T13:51:46.793+05:30"},"s":"I",  "c":"STORAGE",  "id":6936300, "ctx":"TimestampMonitor","msg":"Drop-pending ident is still in use","attr":{"ident":"collection-97--1415079027012356863","dropTimestamp":{"$timestamp":{"t":0,"i":0}},"error":{"code":314,"codeName":"ObjectIsBusy","errmsg":"Failed to remove drop-pending ident collection-97--1415079027012356863"}}}
2026-08-20T13:51:46.793+05:30  INFO 33684 --- [       Thread-3] d.f.e.m.s.autoconfigure.EmbeddedMongo    : {"t":{"$date":"2026-08-20T13:51:46.793+05:30"},"s":"I",  "c":"STORAGE",  "id":22237,   "ctx":"TimestampMonitor","msg":"Completing drop for ident","attr":{"ident":"index-96--1415079027012356863","dropTimestamp":{"$timestamp":{"t":0,"i":0}}}}
2026-08-20T13:51:46.793+05:30  INFO 33684 --- [       Thread-3] d.f.e.m.s.autoconfigure.EmbeddedMongo    : {"t":{"$date":"2026-08-20T13:51:46.793+05:30"},"s":"I",  "c":"STORAGE",  "id":6936300, "ctx":"TimestampMonitor","msg":"Drop-pending ident is still in use","attr":{"ident":"index-96--1415079027012356863","dropTimestamp":{"$timestamp":{"t":0,"i":0}},"error":{"code":314,"codeName":"ObjectIsBusy","errmsg":"Failed to remove drop-pending ident index-96--1415079027012356863"}}}
2026-08-20T13:51:46.793+05:30  INFO 33684 --- [       Thread-3] d.f.e.m.s.autoconfigure.EmbeddedMongo    : {"t":{"$date":"2026-08-20T13:51:46.793+05:30"},"s":"I",  "c":"STORAGE",  "id":22237,   "ctx":"TimestampMonitor","msg":"Completing drop for ident","attr":{"ident":"collection-95--1415079027012356863","dropTimestamp":{"$timestamp":{"t":0,"i":0}}}}
2026-08-20T13:51:46.793+05:30  INFO 33684 --- [       Thread-3] d.f.e.m.s.autoconfigure.EmbeddedMongo    : {"t":{"$date":"2026-08-20T13:51:46.793+05:30"},"s":"I",  "c":"STORAGE",  "id":6936300, "ctx":"TimestampMonitor","msg":"Drop-pending ident is still in use","attr":{"ident":"collection-95--1415079027012356863","dropTimestamp":{"$timestamp":{"t":0,"i":0}},"error":{"code":314,"codeName":"ObjectIsBusy","errmsg":"Failed to remove drop-pending ident collection-95--1415079027012356863"}}}
2026-08-20T13:51:46.793+05:30  INFO 33684 --- [       Thread-3] d.f.e.m.s.autoconfigure.EmbeddedMongo    : {"t":{"$date":"2026-08-20T13:51:46.793+05:30"},"s":"I",  "c":"STORAGE",  "id":22237,   "ctx":"TimestampMonitor","msg":"Completing drop for ident","attr":{"ident":"index-106--1415079027012356863","dropTimestamp":{"$timestamp":{"t":0,"i":0}}}}
2026-08-20T13:51:46.793+05:30  INFO 33684 --- [       Thread-3] d.f.e.m.s.autoconfigure.EmbeddedMongo    : {"t":{"$date":"2026-08-20T13:51:46.793+05:30"},"s":"I",  "c":"STORAGE",  "id":6936300, "ctx":"TimestampMonitor","msg":"Drop-pending ident is still in use","attr":{"ident":"index-106--1415079027012356863","dropTimestamp":{"$timestamp":{"t":0,"i":0}},"error":{"code":314,"codeName":"ObjectIsBusy","errmsg":"Failed to remove drop-pending ident index-106--1415079027012356863"}}}
2026-08-20T13:51:46.793+05:30  INFO 33684 --- [       Thread-3] d.f.e.m.s.autoconfigure.EmbeddedMongo    : {"t":{"$date":"2026-08-20T13:51:46.793+05:30"},"s":"I",  "c":"STORAGE",  "id":22237,   "ctx":"TimestampMonitor","msg":"Completing drop for ident","attr":{"ident":"collection-105--1415079027012356863","dropTimestamp":{"$timestamp":{"t":0,"i":0}}}}
2026-08-20T13:51:46.793+05:30  INFO 33684 --- [       Thread-3] d.f.e.m.s.autoconfigure.EmbeddedMongo    : {"t":{"$date":"2026-08-20T13:51:46.793+05:30"},"s":"I",  "c":"STORAGE",  "id":6936300, "ctx":"TimestampMonitor","msg":"Drop-pending ident is still in use","attr":{"ident":"collection-105--1415079027012356863","dropTimestamp":{"$timestamp":{"t":0,"i":0}},"error":{"code":314,"codeName":"ObjectIsBusy","errmsg":"Failed to remove drop-pending ident collection-105--1415079027012356863"}}}
2026-08-20T13:51:46.793+05:30  INFO 33684 --- [       Thread-3] d.f.e.m.s.autoconfigure.EmbeddedMongo    : {"t":{"$date":"2026-08-20T13:51:46.793+05:30"},"s":"I",  "c":"STORAGE",  "id":22237,   "ctx":"TimestampMonitor","msg":"Completing drop for ident","attr":{"ident":"index-90--1415079027012356863","dropTimestamp":{"$timestamp":{"t":0,"i":0}}}}
2026-08-20T13:51:46.793+05:30  INFO 33684 --- [       Thread-3] d.f.e.m.s.autoconfigure.EmbeddedMongo    : {"t":{"$date":"2026-08-20T13:51:46.793+05:30"},"s":"I",  "c":"STORAGE",  "id":6936300, "ctx":"TimestampMonitor","msg":"Drop-pending ident is still in use","attr":{"ident":"index-90--1415079027012356863","dropTimestamp":{"$timestamp":{"t":0,"i":0}},"error":{"code":314,"codeName":"ObjectIsBusy","errmsg":"Failed to remove drop-pending ident index-90--1415079027012356863"}}}
2026-08-20T13:51:46.793+05:30  INFO 33684 --- [       Thread-3] d.f.e.m.s.autoconfigure.EmbeddedMongo    : {"t":{"$date":"2026-08-20T13:51:46.793+05:30"},"s":"I",  "c":"STORAGE",  "id":22237,   "ctx":"TimestampMonitor","msg":"Completing drop for ident","attr":{"ident":"collection-89--1415079027012356863","dropTimestamp":{"$timestamp":{"t":0,"i":0}}}}
[...]
2026-08-20T13:51:46.797+05:30  INFO 33684 --- [       Thread-3] d.f.e.m.s.autoconfigure.EmbeddedMongo    : {"t":{"$date":"2026-08-20T13:51:46.797+05:30"},"s":"I",  "c":"STORAGE",  "id":6936300, "ctx":"TimestampMonitor","msg":"Drop-pending ident is still in use","attr":{"ident":"index-238--1415079027012356863","dropTimestamp":{"$timestamp":{"t":0,"i":0}},"error":{"code":314,"codeName":"ObjectIsBusy","errmsg":"Failed to remove drop-pending ident index-238--1415079027012356863"}}}
2026-08-20T13:51:46.797+05:30  INFO 33684 --- [       Thread-3] d.f.e.m.s.autoconfigure.EmbeddedMongo    : {"t":{"$date":"2026-08-20T13:51:46.797+05:30"},"s":"I",  "c":"STORAGE",  "id":22237,   "ctx":"TimestampMonitor","msg":"Completing drop for ident","attr":{"ident":"collection-237--1415079027012356863","dropTimestamp":{"$timestamp":{"t":0,"i":0}}}}
2026-08-20T13:51:46.797+05:30  INFO 33684 --- [       Thread-3] d.f.e.m.s.autoconfigure.EmbeddedMongo    : {"t":{"$date":"2026-08-20T13:51:46.797+05:30"},"s":"I",  "c":"STORAGE",  "id":6936300, "ctx":"TimestampMonitor","msg":"Drop-pending ident is still in use","attr":{"ident":"collection-237--1415079027012356863","dropTimestamp":{"$timestamp":{"t":0,"i":0}},"error":{"code":314,"codeName":"ObjectIsBusy","errmsg":"Failed to remove drop-pending ident collection-237--1415079027012356863"}}}
2026-08-20T13:51:46.797+05:30  INFO 33684 --- [       Thread-3] d.f.e.m.s.autoconfigure.EmbeddedMongo    : {"t":{"$date":"2026-08-20T13:51:46.797+05:30"},"s":"I",  "c":"STORAGE",  "id":22237,   "ctx":"TimestampMonitor","msg":"Completing drop for ident","attr":{"ident":"index-244--1415079027012356863","dropTimestamp":{"$timestamp":{"t":0,"i":0}}}}
2026-08-20T13:51:46.797+05:30  INFO 33684 --- [       Thread-3] d.f.e.m.s.autoconfigure.EmbeddedMongo    : {"t":{"$date":"2026-08-20T13:51:46.797+05:30"},"s":"I",  "c":"STORAGE",  "id":6936300, "ctx":"TimestampMonitor","msg":"Drop-pending ident is still in use","attr":{"ident":"index-244--1415079027012356863","dropTimestamp":{"$timestamp":{"t":0,"i":0}},"error":{"code":314,"codeName":"ObjectIsBusy","errmsg":"Failed to remove drop-pending ident index-244--1415079027012356863"}}}
2026-08-20T13:51:46.797+05:30  INFO 33684 --- [       Thread-3] d.f.e.m.s.autoconfigure.EmbeddedMongo    : {"t":{"$date":"2026-08-20T13:51:46.797+05:30"},"s":"I",  "c":"STORAGE",  "id":22237,   "ctx":"TimestampMonitor","msg":"Completing drop for ident","attr":{"ident":"collection-243--1415079027012356863","dropTimestamp":{"$timestamp":{"t":0,"i":0}}}}
2026-08-20T13:51:46.797+05:30  INFO 33684 --- [       Thread-3] d.f.e.m.s.autoconfigure.EmbeddedMongo    : {"t":{"$date":"2026-08-20T13:51:46.797+05:30"},"s":"I",  "c":"STORAGE",  "id":6936300, "ctx":"TimestampMonitor","msg":"Drop-pending ident is still in use","attr":{"ident":"collection-243--1415079027012356863","dropTimestamp":{"$timestamp":{"t":0,"i":0}},"error":{"code":314,"codeName":"ObjectIsBusy","errmsg":"Failed to remove drop-pending ident collection-243--1415079027012356863"}}}
2026-08-20T13:51:46.797+05:30  INFO 33684 --- [       Thread-3] d.f.e.m.s.autoconfigure.EmbeddedMongo    : {"t":{"$date":"2026-08-20T13:51:46.798+05:30"},"s":"I",  "c":"STORAGE",  "id":22237,   "ctx":"TimestampMonitor","msg":"Completing drop for ident","attr":{"ident":"index-256--1415079027012356863","dropTimestamp":{"$timestamp":{"t":0,"i":0}}}}
2026-08-20T13:51:46.797+05:30  INFO 33684 --- [       Thread-3] d.f.e.m.s.autoconfigure.EmbeddedMongo    : {"t":{"$date":"2026-08-20T13:51:46.798+05:30"},"s":"I",  "c":"STORAGE",  "id":6936300, "ctx":"TimestampMonitor","msg":"Drop-pending ident is still in use","attr":{"ident":"index-256--1415079027012356863","dropTimestamp":{"$timestamp":{"t":0,"i":0}},"error":{"code":314,"codeName":"ObjectIsBusy","errmsg":"Failed to remove drop-pending ident index-256--1415079027012356863"}}}
2026-08-20T13:51:46.797+05:30  INFO 33684 --- [       Thread-3] d.f.e.m.s.autoconfigure.EmbeddedMongo    : {"t":{"$date":"2026-08-20T13:51:46.798+05:30"},"s":"I",  "c":"STORAGE",  "id":22237,   "ctx":"TimestampMonitor","msg":"Completing drop for ident","attr":{"ident":"collection-255--1415079027012356863","dropTimestamp":{"$timestamp":{"t":0,"i":0}}}}
2026-08-20T13:51:46.797+05:30  INFO 33684 --- [       Thread-3] d.f.e.m.s.autoconfigure.EmbeddedMongo    : {"t":{"$date":"2026-08-20T13:51:46.798+05:30"},"s":"I",  "c":"STORAGE",  "id":6936300, "ctx":"TimestampMonitor","msg":"Drop-pending ident is still in use","attr":{"ident":"collection-255--1415079027012356863","dropTimestamp":{"$timestamp":{"t":0,"i":0}},"error":{"code":314,"codeName":"ObjectIsBusy","errmsg":"Failed to remove drop-pending ident collection-255--1415079027012356863"}}}
2026-08-20T13:51:46.797+05:30  INFO 33684 --- [       Thread-3] d.f.e.m.s.autoconfigure.EmbeddedMongo    : {"t":{"$date":"2026-08-20T13:51:46.798+05:30"},"s":"I",  "c":"STORAGE",  "id":22237,   "ctx":"TimestampMonitor","msg":"Completing drop for ident","attr":{"ident":"index-258--1415079027012356863","dropTimestamp":{"$timestamp":{"t":0,"i":0}}}}
2026-08-20T13:51:46.797+05:30  INFO 33684 --- [       Thread-3] d.f.e.m.s.autoconfigure.EmbeddedMongo    : {"t":{"$date":"2026-08-20T13:51:46.798+05:30"},"s":"I",  "c":"STORAGE",  "id":6936300, "ctx":"TimestampMonitor","msg":"Drop-pending ident is still in use","attr":{"ident":"index-258--1415079027012356863","dropTimestamp":{"$timestamp":{"t":0,"i":0}},"error":{"code":314,"codeName":"ObjectIsBusy","errmsg":"Failed to remove drop-pending ident index-258--1415079027012356863"}}}
2026-08-20T13:51:46.797+05:30  INFO 33684 --- [       Thread-3] d.f.e.m.s.autoconfigure.EmbeddedMongo    : {"t":{"$date":"2026-08-20T13:51:46.798+05:30"},"s":"I",  "c":"STORAGE",  "id":22237,   "ctx":"TimestampMonitor","msg":"Completing drop for ident","attr":{"ident":"collection-257--1415079027012356863","dropTimestamp":{"$timestamp":{"t":0,"i":0}}}}
2026-08-20T13:51:46.797+05:30  INFO 33684 --- [       Thread-3] d.f.e.m.s.autoconfigure.EmbeddedMongo    : {"t":{"$date":"2026-08-20T13:51:46.798+05:30"},"s":"I",  "c":"STORAGE",  "id":6936300, "ctx":"TimestampMonitor","msg":"Drop-pending ident is still in use","attr":{"ident":"collection-257--1415079027012356863","dropTimestamp":{"$timestamp":{"t":0,"i":0}},"error":{"code":314,"codeName":"ObjectIsBusy","errmsg":"Failed to remove drop-pending ident collection-257--1415079027012356863"}}}
2026-08-20T13:51:46.797+05:30  INFO 33684 --- [       Thread-3] d.f.e.m.s.autoconfigure.EmbeddedMongo    : {"t":{"$date":"2026-08-20T13:51:46.798+05:30"},"s":"I",  "c":"STORAGE",  "id":22237,   "ctx":"TimestampMonitor","msg":"Completing drop for ident","attr":{"ident":"index-248--1415079027012356863","dropTimestamp":{"$timestamp":{"t":0,"i":0}}}}
2026-08-20T13:51:46.798+05:30  INFO 33684 --- [       Thread-3] d.f.e.m.s.autoconfigure.EmbeddedMongo    : {"t":{"$date":"2026-08-20T13:51:46.798+05:30"},"s":"I",  "c":"STORAGE",  "id":6936300, "ctx":"TimestampMonitor","msg":"Drop-pending ident is still in use","attr":{"ident":"index-248--1415079027012356863","dropTimestamp":{"$timestamp":{"t":0,"i":0}},"error":{"code":314,"codeName":"ObjectIsBusy","errmsg":"Failed to remove drop-pending ident index-248--1415079027012356863"}}}
2026-08-20T13:51:46.798+05:30  INFO 33684 --- [       Thread-3] d.f.e.m.s.autoconfigure.EmbeddedMongo    : {"t":{"$date":"2026-08-20T13:51:46.798+05:30"},"s":"I",  "c":"STORAGE",  "id":22237,   "ctx":"TimestampMonitor","msg":"Completing drop for ident","attr":{"ident":"collection-247--1415079027012356863","dropTimestamp":{"$timestamp":{"t":0,"i":0}}}}
2026-08-20T13:51:46.798+05:30  INFO 33684 --- [       Thread-3] d.f.e.m.s.autoconfigure.EmbeddedMongo    : {"t":{"$date":"2026-08-20T13:51:46.798+05:30"},"s":"I",  "c":"STORAGE",  "id":6936300, "ctx":"TimestampMonitor","msg":"Drop-pending ident is still in use","attr":{"ident":"collection-247--1415079027012356863","dropTimestamp":{"$timestamp":{"t":0,"i":0}},"error":{"code":314,"codeName":"ObjectIsBusy","errmsg":"Failed to remove drop-pending ident collection-247--1415079027012356863"}}}
2026-08-20T13:51:46.798+05:30  INFO 33684 --- [       Thread-3] d.f.e.m.s.autoconfigure.EmbeddedMongo    : {"t":{"$date":"2026-08-20T13:51:46.798+05:30"},"s":"I",  "c":"STORAGE",  "id":22237,   "ctx":"TimestampMonitor","msg":"Completing drop for ident","attr":{"ident":"index-262--1415079027012356863","dropTimestamp":{"$timestamp":{"t":0,"i":0}}}}
2026-08-20T13:51:46.798+05:30  INFO 33684 --- [       Thread-3] d.f.e.m.s.autoconfigure.EmbeddedMongo    : {"t":{"$date":"2026-08-20T13:51:46.798+05:30"},"s":"I",  "c":"STORAGE",  "id":6936300, "ctx":"TimestampMonitor","msg":"Drop-pending ident is still in use","attr":{"ident":"index-262--1415079027012356863","dropTimestamp":{"$timestamp":{"t":0,"i":0}},"error":{"code":314,"codeName":"ObjectIsBusy","errmsg":"Failed to remove drop-pending ident index-262--1415079027012356863"}}}
2026-08-20T13:51:46.798+05:30  INFO 33684 --- [       Thread-3] d.f.e.m.s.autoconfigure.EmbeddedMongo    : {"t":{"$date":"2026-08-20T13:51:46.798+05:30"},"s":"I",  "c":"STORAGE",  "id":22237,   "ctx":"TimestampMonitor","msg":"Completing drop for ident","attr":{"ident":"collection-261--1415079027012356863","dropTimestamp":{"$timestamp":{"t":0,"i":0}}}}
2026-08-20T13:51:46.798+05:30  INFO 33684 --- [       Thread-3] d.f.e.m.s.autoconfigure.EmbeddedMongo    : {"t":{"$date":"2026-08-20T13:51:46.798+05:30"},"s":"I",  "c":"STORAGE",  "id":6936300, "ctx":"TimestampMonitor","msg":"Drop-pending ident is still in use","attr":{"ident":"collection-261--1415079027012356863","dropTimestamp":{"$timestamp":{"t":0,"i":0}},"error":{"code":314,"codeName":"ObjectIsBusy","errmsg":"Failed to remove drop-pending ident collection-261--1415079027012356863"}}}
2026-08-20T13:51:46.798+05:30  INFO 33684 --- [       Thread-3] d.f.e.m.s.autoconfigure.EmbeddedMongo    : {"t":{"$date":"2026-08-20T13:51:46.798+05:30"},"s":"I",  "c":"STORAGE",  "id":22237,   "ctx":"TimestampMonitor","msg":"Completing drop for ident","attr":{"ident":"index-260--1415079027012356863","dropTimestamp":{"$timestamp":{"t":0,"i":0}}}}
2026-08-20T13:51:46.798+05:30  INFO 33684 --- [       Thread-3] d.f.e.m.s.autoconfigure.EmbeddedMongo    : {"t":{"$date":"2026-08-20T13:51:46.798+05:30"},"s":"I",  "c":"STORAGE",  "id":6936300, "ctx":"TimestampMonitor","msg":"Drop-pending ident is still in use","attr":{"ident":"index-260--1415079027012356863","dropTimestamp":{"$timestamp":{"t":0,"i":0}},"error":{"code":314,"codeName":"ObjectIsBusy","errmsg":"Failed to remove drop-pending ident index-260--1415079027012356863"}}}
2026-08-20T13:51:46.798+05:30  INFO 33684 --- [       Thread-3] d.f.e.m.s.autoconfigure.EmbeddedMongo    : {"t":{"$date":"2026-08-20T13:51:46.798+05:30"},"s":"I",  "c":"STORAGE",  "id":22237,   "ctx":"TimestampMonitor","msg":"Completing drop for ident","attr":{"ident":"collection-259--1415079027012356863","dropTimestamp":{"$timestamp":{"t":0,"i":0}}}}
2026-08-20T13:51:46.798+05:30  INFO 33684 --- [       Thread-3] d.f.e.m.s.autoconfigure.EmbeddedMongo    : {"t":{"$date":"2026-08-20T13:51:46.798+05:30"},"s":"I",  "c":"STORAGE",  "id":6936300, "ctx":"TimestampMonitor","msg":"Drop-pending ident is still in use","attr":{"ident":"collection-259--1415079027012356863","dropTimestamp":{"$timestamp":{"t":0,"i":0}},"error":{"code":314,"codeName":"ObjectIsBusy","errmsg":"Failed to remove drop-pending ident collection-259--1415079027012356863"}}}
2026-08-20T13:51:46.798+05:30  INFO 33684 --- [       Thread-3] d.f.e.m.s.autoconfigure.EmbeddedMongo    : {"t":{"$date":"2026-08-20T13:51:46.798+05:30"},"s":"I",  "c":"STORAGE",  "id":22237,   "ctx":"TimestampMonitor","msg":"Completing drop for ident","attr":{"ident":"index-254--1415079027012356863","dropTimestamp":{"$timestamp":{"t":0,"i":0}}}}
2026-08-20T13:51:46.798+05:30  INFO 33684 --- [       Thread-3] d.f.e.m.s.autoconfigure.EmbeddedMongo    : {"t":{"$date":"2026-08-20T13:51:46.798+05:30"},"s":"I",  "c":"STORAGE",  "id":6936300, "ctx":"TimestampMonitor","msg":"Drop-pending ident is still in use","attr":{"ident":"index-254--1415079027012356863","dropTimestamp":{"$timestamp":{"t":0,"i":0}},"error":{"code":314,"codeName":"ObjectIsBusy","errmsg":"Failed to remove drop-pending ident index-254--1415079027012356863"}}}
2026-08-20T13:51:46.798+05:30  INFO 33684 --- [       Thread-3] d.f.e.m.s.autoconfigure.EmbeddedMongo    : {"t":{"$date":"2026-08-20T13:51:46.798+05:30"},"s":"I",  "c":"STORAGE",  "id":22237,   "ctx":"TimestampMonitor","msg":"Completing drop for ident","attr":{"ident":"collection-253--1415079027012356863","dropTimestamp":{"$timestamp":{"t":0,"i":0}}}}
2026-08-20T13:51:46.798+05:30  INFO 33684 --- [       Thread-3] d.f.e.m.s.autoconfigure.EmbeddedMongo    : {"t":{"$date":"2026-08-20T13:51:46.798+05:30"},"s":"I",  "c":"STORAGE",  "id":6936300, "ctx":"TimestampMonitor","msg":"Drop-pending ident is still in use","attr":{"ident":"collection-253--1415079027012356863","dropTimestamp":{"$timestamp":{"t":0,"i":0}},"error":{"code":314,"codeName":"ObjectIsBusy","errmsg":"Failed to remove drop-pending ident collection-253--1415079027012356863"}}}
2026-08-20T13:51:46.798+05:30  INFO 33684 --- [       Thread-3] d.f.e.m.s.autoconfigure.EmbeddedMongo    : {"t":{"$date":"2026-08-20T13:51:46.798+05:30"},"s":"I",  "c":"STORAGE",  "id":22237,   "ctx":"TimestampMonitor","msg":"Completing drop for ident","attr":{"ident":"index-250--1415079027012356863","dropTimestamp":{"$timestamp":{"t":0,"i":0}}}}
2026-08-20T13:51:46.798+05:30  INFO 33684 --- [       Thread-3] d.f.e.m.s.autoconfigure.EmbeddedMongo    : {"t":{"$date":"2026-08-20T13:51:46.798+05:30"},"s":"I",  "c":"STORAGE",  "id":6936300, "ctx":"TimestampMonitor","msg":"Drop-pending ident is still in use","attr":{"ident":"index-250--1415079027012356863","dropTimestamp":{"$timestamp":{"t":0,"i":0}},"error":{"code":314,"codeName":"ObjectIsBusy","errmsg":"Failed to remove drop-pending ident index-250--1415079027012356863"}}}
2026-08-20T13:51:46.798+05:30  INFO 33684 --- [       Thread-3] d.f.e.m.s.autoconfigure.EmbeddedMongo    : {"t":{"$date":"2026-08-20T13:51:46.798+05:30"},"s":"I",  "c":"STORAGE",  "id":22237,   "ctx":"TimestampMonitor","msg":"Completing drop for ident","attr":{"ident":"collection-249--1415079027012356863","dropTimestamp":{"$timestamp":{"t":0,"i":0}}}}
2026-08-20T13:51:46.798+05:30  INFO 33684 --- [       Thread-3] d.f.e.m.s.autoconfigure.EmbeddedMongo    : {"t":{"$date":"2026-08-20T13:51:46.798+05:30"},"s":"I",  "c":"STORAGE",  "id":6936300, "ctx":"TimestampMonitor","msg":"Drop-pending ident is still in use","attr":{"ident":"collection-249--1415079027012356863","dropTimestamp":{"$timestamp":{"t":0,"i":0}},"error":{"code":314,"codeName":"ObjectIsBusy","errmsg":"Failed to remove drop-pending ident collection-249--1415079027012356863"}}}
2026-08-20T13:51:46.798+05:30  INFO 33684 --- [       Thread-3] d.f.e.m.s.autoconfigure.EmbeddedMongo    : {"t":{"$date":"2026-08-20T13:51:46.798+05:30"},"s":"I",  "c":"STORAGE",  "id":22237,   "ctx":"TimestampMonitor","msg":"Completing drop for ident","attr":{"ident":"index-266--1415079027012356863","dropTimestamp":{"$timestamp":{"t":0,"i":0}}}}
2026-08-20T13:51:46.798+05:30  INFO 33684 --- [       Thread-3] d.f.e.m.s.autoconfigure.EmbeddedMongo    : {"t":{"$date":"2026-08-20T13:51:46.798+05:30"},"s":"I",  "c":"STORAGE",  "id":6936300, "ctx":"TimestampMonitor","msg":"Drop-pending ident is still in use","attr":{"ident":"index-266--1415079027012356863","dropTimestamp":{"$timestamp":{"t":0,"i":0}},"error":{"code":314,"codeName":"ObjectIsBusy","errmsg":"Failed to remove drop-pending ident index-266--1415079027012356863"}}}
2026-08-20T13:51:46.798+05:30  INFO 33684 --- [       Thread-3] d.f.e.m.s.autoconfigure.EmbeddedMongo    : {"t":{"$date":"2026-08-20T13:51:46.798+05:30"},"s":"I",  "c":"STORAGE",  "id":22237,   "ctx":"TimestampMonitor","msg":"Completing drop for ident","attr":{"ident":"collection-265--1415079027012356863","dropTimestamp":{"$timestamp":{"t":0,"i":0}}}}
2026-08-20T13:51:46.798+05:30  INFO 33684 --- [       Thread-3] d.f.e.m.s.autoconfigure.EmbeddedMongo    : {"t":{"$date":"2026-08-20T13:51:46.798+05:30"},"s":"I",  "c":"STORAGE",  "id":6936300, "ctx":"TimestampMonitor","msg":"Drop-pending ident is still in use","attr":{"ident":"collection-265--1415079027012356863","dropTimestamp":{"$timestamp":{"t":0,"i":0}},"error":{"code":314,"codeName":"ObjectIsBusy","errmsg":"Failed to remove drop-pending ident collection-265--1415079027012356863"}}}
2026-08-20T13:51:46.798+05:30  INFO 33684 --- [       Thread-3] d.f.e.m.s.autoconfigure.EmbeddedMongo    : {"t":{"$date":"2026-08-20T13:51:46.798+05:30"},"s":"I",  "c":"STORAGE",  "id":22237,   "ctx":"TimestampMonitor","msg":"Completing drop for ident","attr":{"ident":"index-264--1415079027012356863","dropTimestamp":{"$timestamp":{"t":0,"i":0}}}}
2026-08-20T13:51:46.798+05:30  INFO 33684 --- [       Thread-3] d.f.e.m.s.autoconfigure.EmbeddedMongo    : {"t":{"$date":"2026-08-20T13:51:46.798+05:30"},"s":"I",  "c":"STORAGE",  "id":6936300, "ctx":"TimestampMonitor","msg":"Drop-pending ident is still in use","attr":{"ident":"index-264--1415079027012356863","dropTimestamp":{"$timestamp":{"t":0,"i":0}},"error":{"code":314,"codeName":"ObjectIsBusy","errmsg":"Failed to remove drop-pending ident index-264--1415079027012356863"}}}
2026-08-20T13:51:46.798+05:30  INFO 33684 --- [       Thread-3] d.f.e.m.s.autoconfigure.EmbeddedMongo    : {"t":{"$date":"2026-08-20T13:51:46.798+05:30"},"s":"I",  "c":"STORAGE",  "id":22237,   "ctx":"TimestampMonitor","msg":"Completing drop for ident","attr":{"ident":"collection-263--1415079027012356863","dropTimestamp":{"$timestamp":{"t":0,"i":0}}}}
2026-08-20T13:51:46.798+05:30  INFO 33684 --- [       Thread-3] d.f.e.m.s.autoconfigure.EmbeddedMongo    : {"t":{"$date":"2026-08-20T13:51:46.798+05:30"},"s":"I",  "c":"STORAGE",  "id":6936300, "ctx":"TimestampMonitor","msg":"Drop-pending ident is still in use","attr":{"ident":"collection-263--1415079027012356863","dropTimestamp":{"$timestamp":{"t":0,"i":0}},"error":{"code":314,"codeName":"ObjectIsBusy","errmsg":"Failed to remove drop-pending ident collection-263--1415079027012356863"}}}
2026-08-20T13:51:46.798+05:30  INFO 33684 --- [       Thread-3] d.f.e.m.s.autoconfigure.EmbeddedMongo    : {"t":{"$date":"2026-08-20T13:51:46.798+05:30"},"s":"I",  "c":"STORAGE",  "id":22237,   "ctx":"TimestampMonitor","msg":"Completing drop for ident","attr":{"ident":"index-252--1415079027012356863","dropTimestamp":{"$timestamp":{"t":0,"i":0}}}}
2026-08-20T13:51:46.798+05:30  INFO 33684 --- [       Thread-3] d.f.e.m.s.autoconfigure.EmbeddedMongo    : {"t":{"$date":"2026-08-20T13:51:46.798+05:30"},"s":"I",  "c":"STORAGE",  "id":6936300, "ctx":"TimestampMonitor","msg":"Drop-pending ident is still in use","attr":{"ident":"index-252--1415079027012356863","dropTimestamp":{"$timestamp":{"t":0,"i":0}},"error":{"code":314,"codeName":"ObjectIsBusy","errmsg":"Failed to remove drop-pending ident index-252--1415079027012356863"}}}
2026-08-20T13:51:46.798+05:30  INFO 33684 --- [       Thread-3] d.f.e.m.s.autoconfigure.EmbeddedMongo    : {"t":{"$date":"2026-08-20T13:51:46.798+05:30"},"s":"I",  "c":"STORAGE",  "id":22237,   "ctx":"TimestampMonitor","msg":"Completing drop for ident","attr":{"ident":"collection-251--1415079027012356863","dropTimestamp":{"$timestamp":{"t":0,"i":0}}}}
2026-08-20T13:51:46.798+05:30  INFO 33684 --- [       Thread-3] d.f.e.m.s.autoconfigure.EmbeddedMongo    : {"t":{"$date":"2026-08-20T13:51:46.798+05:30"},"s":"I",  "c":"STORAGE",  "id":6936300, "ctx":"TimestampMonitor","msg":"Drop-pending ident is still in use","attr":{"ident":"collection-251--1415079027012356863","dropTimestamp":{"$timestamp":{"t":0,"i":0}},"error":{"code":314,"codeName":"ObjectIsBusy","errmsg":"Failed to remove drop-pending ident collection-251--1415079027012356863"}}}
]]></system-out>
  </testcase>
</testsuite>